{"/home/travis/build/npmtest/node-npmtest-source-map-support/test.js":{"path":"/home/travis/build/npmtest/node-npmtest-source-map-support/test.js","s":{"1":2,"2":2,"3":2,"4":2,"5":2,"6":2,"7":2,"8":1,"9":2,"10":2,"11":1,"12":1,"13":1,"14":1,"15":2,"16":2,"17":2,"18":2,"19":1,"20":1,"21":2,"22":2,"23":2,"24":1,"25":1,"26":1,"27":1,"28":1,"29":1,"30":1,"31":1,"32":1,"33":1,"34":1,"35":1,"36":1,"37":1,"38":1,"39":2,"40":2,"41":1,"42":2,"43":2,"44":1,"45":2,"46":2,"47":1,"48":2,"49":2,"50":1,"51":1,"52":1,"53":1,"54":1},"b":{"1":[2,1,1,1],"2":[1,1,1,1],"3":[1,1],"4":[1,1],"5":[1,1],"6":[1,1],"7":[1,1],"8":[1,1],"9":[1,1],"10":[1,1,1],"11":[1,1],"12":[1,1],"13":[1,1],"14":[1,1],"15":[1,1],"16":[1,1],"17":[1,1]},"f":{"1":2,"2":2,"3":2,"4":2,"5":2,"6":1,"7":1,"8":1,"9":2,"10":2,"11":2,"12":2,"13":1},"fnMap":{"1":{"name":"(anonymous_1)","line":12,"loc":{"start":{"line":12,"column":1},"end":{"line":12,"column":13}}},"2":{"name":"(anonymous_2)","line":19,"loc":{"start":{"line":19,"column":5},"end":{"line":19,"column":17}}},"3":{"name":"(anonymous_3)","line":23,"loc":{"start":{"line":23,"column":24},"end":{"line":23,"column":36}}},"4":{"name":"(anonymous_4)","line":61,"loc":{"start":{"line":61,"column":5},"end":{"line":61,"column":17}}},"5":{"name":"(anonymous_5)","line":82,"loc":{"start":{"line":82,"column":5},"end":{"line":82,"column":17}}},"6":{"name":"(anonymous_6)","line":91,"loc":{"start":{"line":91,"column":77},"end":{"line":94,"column":10}}},"7":{"name":"(anonymous_7)","line":112,"loc":{"start":{"line":112,"column":83},"end":{"line":115,"column":10}},"skip":true},"8":{"name":"(anonymous_8)","line":123,"loc":{"start":{"line":123,"column":77},"end":{"line":126,"column":10}},"skip":true},"9":{"name":"(anonymous_9)","line":139,"loc":{"start":{"line":139,"column":12},"end":{"line":139,"column":40}},"skip":true},"10":{"name":"(anonymous_10)","line":147,"loc":{"start":{"line":147,"column":77},"end":{"line":150,"column":10}},"skip":true},"11":{"name":"(anonymous_11)","line":158,"loc":{"start":{"line":158,"column":83},"end":{"line":161,"column":10}},"skip":true},"12":{"name":"(anonymous_12)","line":169,"loc":{"start":{"line":169,"column":79},"end":{"line":172,"column":10}},"skip":true},"13":{"name":"(anonymous_13)","line":180,"loc":{"start":{"line":180,"column":75},"end":{"line":183,"column":10}},"skip":true}},"statementMap":{"1":{"start":{"line":12,"column":0},"end":{"line":195,"column":5}},"2":{"start":{"line":14,"column":4},"end":{"line":14,"column":14}},"3":{"start":{"line":19,"column":4},"end":{"line":56,"column":9}},"4":{"start":{"line":21,"column":8},"end":{"line":21,"column":19}},"5":{"start":{"line":23,"column":8},"end":{"line":35,"column":13}},"6":{"start":{"line":24,"column":12},"end":{"line":34,"column":13}},"7":{"start":{"line":25,"column":16},"end":{"line":28,"column":30}},"8":{"start":{"line":30,"column":16},"end":{"line":33,"column":27}},"9":{"start":{"line":37,"column":8},"end":{"line":39,"column":21}},"10":{"start":{"line":40,"column":8},"end":{"line":53,"column":9}},"11":{"start":{"line":43,"column":12},"end":{"line":46,"column":14}},"12":{"start":{"line":47,"column":12},"end":{"line":47,"column":18}},"13":{"start":{"line":50,"column":12},"end":{"line":51,"column":46}},"14":{"start":{"line":52,"column":12},"end":{"line":52,"column":18}},"15":{"start":{"line":55,"column":8},"end":{"line":55,"column":35}},"16":{"start":{"line":61,"column":4},"end":{"line":63,"column":9}},"17":{"start":{"line":62,"column":8},"end":{"line":62,"column":15}},"18":{"start":{"line":64,"column":4},"end":{"line":77,"column":5}},"19":{"start":{"line":70,"column":8},"end":{"line":70,"column":14}},"20":{"start":{"line":76,"column":8},"end":{"line":76,"column":14}},"21":{"start":{"line":82,"column":4},"end":{"line":84,"column":9}},"22":{"start":{"line":83,"column":8},"end":{"line":83,"column":15}},"23":{"start":{"line":85,"column":4},"end":{"line":194,"column":5}},"24":{"start":{"line":91,"column":8},"end":{"line":99,"column":10}},"25":{"start":{"line":98,"column":12},"end":{"line":98,"column":35}},"26":{"start":{"line":102,"column":8},"end":{"line":104,"column":63}},"27":{"start":{"line":105,"column":8},"end":{"line":105,"column":14}},"28":{"start":{"line":112,"column":8},"end":{"line":121,"column":10},"skip":true},"29":{"start":{"line":119,"column":12},"end":{"line":119,"column":55},"skip":true},"30":{"start":{"line":120,"column":12},"end":{"line":120,"column":48},"skip":true},"31":{"start":{"line":123,"column":8},"end":{"line":136,"column":10},"skip":true},"32":{"start":{"line":130,"column":12},"end":{"line":130,"column":76},"skip":true},"33":{"start":{"line":131,"column":12},"end":{"line":131,"column":73},"skip":true},"34":{"start":{"line":132,"column":12},"end":{"line":132,"column":74},"skip":true},"35":{"start":{"line":133,"column":12},"end":{"line":133,"column":79},"skip":true},"36":{"start":{"line":134,"column":12},"end":{"line":134,"column":25},"skip":true},"37":{"start":{"line":135,"column":12},"end":{"line":135,"column":45},"skip":true},"38":{"start":{"line":138,"column":8},"end":{"line":145,"column":14},"skip":true},"39":{"start":{"line":143,"column":16},"end":{"line":143,"column":29},"skip":true},"40":{"start":{"line":144,"column":16},"end":{"line":144,"column":55},"skip":true},"41":{"start":{"line":147,"column":8},"end":{"line":156,"column":10},"skip":true},"42":{"start":{"line":154,"column":12},"end":{"line":154,"column":25},"skip":true},"43":{"start":{"line":155,"column":12},"end":{"line":155,"column":45},"skip":true},"44":{"start":{"line":158,"column":8},"end":{"line":167,"column":10},"skip":true},"45":{"start":{"line":165,"column":12},"end":{"line":165,"column":25},"skip":true},"46":{"start":{"line":166,"column":12},"end":{"line":166,"column":48},"skip":true},"47":{"start":{"line":169,"column":8},"end":{"line":178,"column":10},"skip":true},"48":{"start":{"line":176,"column":12},"end":{"line":176,"column":25},"skip":true},"49":{"start":{"line":177,"column":12},"end":{"line":177,"column":46},"skip":true},"50":{"start":{"line":180,"column":8},"end":{"line":189,"column":10},"skip":true},"51":{"start":{"line":187,"column":12},"end":{"line":187,"column":94},"skip":true},"52":{"start":{"line":188,"column":12},"end":{"line":188,"column":48},"skip":true},"53":{"start":{"line":192,"column":8},"end":{"line":192,"column":35},"skip":true},"54":{"start":{"line":193,"column":8},"end":{"line":193,"column":14},"skip":true}},"branchMap":{"1":{"line":25,"type":"binary-expr","locations":[{"start":{"line":25,"column":23},"end":{"line":25,"column":62}},{"start":{"line":26,"column":20},"end":{"line":26,"column":70}},{"start":{"line":27,"column":20},"end":{"line":27,"column":71}},{"start":{"line":28,"column":20},"end":{"line":28,"column":29}}]},"2":{"line":30,"type":"binary-expr","locations":[{"start":{"line":30,"column":23},"end":{"line":30,"column":37}},{"start":{"line":31,"column":20},"end":{"line":31,"column":61}},{"start":{"line":32,"column":20},"end":{"line":32,"column":70}},{"start":{"line":33,"column":20},"end":{"line":33,"column":26}}]},"3":{"line":37,"type":"cond-expr","locations":[{"start":{"line":38,"column":14},"end":{"line":38,"column":20}},{"start":{"line":39,"column":14},"end":{"line":39,"column":20}}]},"4":{"line":40,"type":"switch","locations":[{"start":{"line":42,"column":8},"end":{"line":47,"column":18}},{"start":{"line":49,"column":8},"end":{"line":52,"column":18}}]},"5":{"line":44,"type":"binary-expr","locations":[{"start":{"line":44,"column":16},"end":{"line":44,"column":44}},{"start":{"line":44,"column":48},"end":{"line":44,"column":66}}]},"6":{"line":50,"type":"binary-expr","locations":[{"start":{"line":50,"column":21},"end":{"line":50,"column":49}},{"start":{"line":50,"column":53},"end":{"line":50,"column":72}}]},"7":{"line":64,"type":"switch","locations":[{"start":{"line":69,"column":4},"end":{"line":70,"column":14}},{"start":{"line":75,"column":4},"end":{"line":76,"column":14}}]},"8":{"line":85,"type":"switch","locations":[{"start":{"line":90,"column":4},"end":{"line":105,"column":14}},{"start":{"line":111,"column":4},"end":{"line":193,"column":14},"skip":true}]},"9":{"line":91,"type":"binary-expr","locations":[{"start":{"line":91,"column":42},"end":{"line":91,"column":73}},{"start":{"line":91,"column":77},"end":{"line":99,"column":9}}]},"10":{"line":102,"type":"binary-expr","locations":[{"start":{"line":102,"column":18},"end":{"line":102,"column":32}},{"start":{"line":103,"column":12},"end":{"line":103,"column":53}},{"start":{"line":104,"column":12},"end":{"line":104,"column":61}}]},"11":{"line":112,"type":"binary-expr","locations":[{"start":{"line":112,"column":45},"end":{"line":112,"column":79},"skip":true},{"start":{"line":112,"column":83},"end":{"line":121,"column":9},"skip":true}]},"12":{"line":123,"type":"binary-expr","locations":[{"start":{"line":123,"column":42},"end":{"line":123,"column":73},"skip":true},{"start":{"line":123,"column":77},"end":{"line":136,"column":9},"skip":true}]},"13":{"line":138,"type":"binary-expr","locations":[{"start":{"line":138,"column":48},"end":{"line":138,"column":85},"skip":true},{"start":{"line":139,"column":12},"end":{"line":145,"column":13},"skip":true}]},"14":{"line":147,"type":"binary-expr","locations":[{"start":{"line":147,"column":42},"end":{"line":147,"column":73},"skip":true},{"start":{"line":147,"column":77},"end":{"line":156,"column":9},"skip":true}]},"15":{"line":158,"type":"binary-expr","locations":[{"start":{"line":158,"column":45},"end":{"line":158,"column":79},"skip":true},{"start":{"line":158,"column":83},"end":{"line":167,"column":9},"skip":true}]},"16":{"line":169,"type":"binary-expr","locations":[{"start":{"line":169,"column":43},"end":{"line":169,"column":75},"skip":true},{"start":{"line":169,"column":79},"end":{"line":178,"column":9},"skip":true}]},"17":{"line":180,"type":"binary-expr","locations":[{"start":{"line":180,"column":41},"end":{"line":180,"column":71},"skip":true},{"start":{"line":180,"column":75},"end":{"line":189,"column":9},"skip":true}]}},"code":["/* istanbul instrument in package npmtest_source_map_support */","/*jslint","    bitwise: true,","    browser: true,","    maxerr: 8,","    maxlen: 96,","    node: true,","    nomen: true,","    regexp: true,","    stupid: true","*/","(function () {","    'use strict';","    var local;","","","","    // run shared js-env code - pre-init","    (function () {","        // init local","        local = {};","        // init modeJs","        local.modeJs = (function () {","            try {","                return typeof navigator.userAgent === 'string' &&","                    typeof document.querySelector('body') === 'object' &&","                    typeof XMLHttpRequest.prototype.open === 'function' &&","                    'browser';","            } catch (errorCaughtBrowser) {","                return module.exports &&","                    typeof process.versions.node === 'string' &&","                    typeof require('http').createServer === 'function' &&","                    'node';","            }","        }());","        // init global","        local.global = local.modeJs === 'browser'","            ? window","            : global;","        switch (local.modeJs) {","        // re-init local from window.local","        case 'browser':","            local = local.global.utility2.objectSetDefault(","                local.global.utility2_rollup || local.global.local,","                local.global.utility2","            );","            break;","        // re-init local from example.js","        case 'node':","            local = (local.global.utility2_rollup || require('utility2'))","                .requireExampleJsFromReadme();","            break;","        }","        // export local","        local.global.local = local;","    }());","","","","    // run shared js-env code - function","    (function () {","        return;","    }());","    switch (local.modeJs) {","","","","    // run browser js-env code - function","    case 'browser':","        break;","","","","    // run node js-env code - function","    case 'node':","        break;","    }","","","","    // run shared js-env code - post-init","    (function () {","        return;","    }());","    switch (local.modeJs) {","","","","    // run browser js-env code - post-init","    case 'browser':","        local.testCase_browser_nullCase = local.testCase_browser_nullCase || function (","            options,","            onError","        ) {","        /*","         * this function will test browsers's null-case handling-behavior-behavior","         */","            onError(null, options);","        };","","        // run tests","        local.nop(local.modeTest &&","            document.querySelector('#testRunButton1') &&","            document.querySelector('#testRunButton1').click());","        break;","","","","    // run node js-env code - post-init","    /* istanbul ignore next */","    case 'node':","        local.testCase_buildApidoc_default = local.testCase_buildApidoc_default || function (","            options,","            onError","        ) {","        /*","         * this function will test buildApidoc's default handling-behavior-behavior","         */","            options = { modulePathList: module.paths };","            local.buildApidoc(options, onError);","        };","","        local.testCase_buildApp_default = local.testCase_buildApp_default || function (","            options,","            onError","        ) {","        /*","         * this function will test buildApp's default handling-behavior-behavior","         */","            local.testCase_buildReadme_default(options, local.onErrorThrow);","            local.testCase_buildLib_default(options, local.onErrorThrow);","            local.testCase_buildTest_default(options, local.onErrorThrow);","            local.testCase_buildCustomOrg_default(options, local.onErrorThrow);","            options = [];","            local.buildApp(options, onError);","        };","","        local.testCase_buildCustomOrg_default = local.testCase_buildCustomOrg_default ||","            function (options, onError) {","            /*","             * this function will test buildCustomOrg's default handling-behavior","             */","                options = {};","                local.buildCustomOrg(options, onError);","            };","","        local.testCase_buildLib_default = local.testCase_buildLib_default || function (","            options,","            onError","        ) {","        /*","         * this function will test buildLib's default handling-behavior","         */","            options = {};","            local.buildLib(options, onError);","        };","","        local.testCase_buildReadme_default = local.testCase_buildReadme_default || function (","            options,","            onError","        ) {","        /*","         * this function will test buildReadme's default handling-behavior-behavior","         */","            options = {};","            local.buildReadme(options, onError);","        };","","        local.testCase_buildTest_default = local.testCase_buildTest_default || function (","            options,","            onError","        ) {","        /*","         * this function will test buildTest's default handling-behavior","         */","            options = {};","            local.buildTest(options, onError);","        };","","        local.testCase_webpage_default = local.testCase_webpage_default || function (","            options,","            onError","        ) {","        /*","         * this function will test webpage's default handling-behavior","         */","            options = { modeCoverageMerge: true, url: local.serverLocalHost + '?modeTest=1' };","            local.browserTest(options, onError);","        };","","        // run test-server","        local.testRunServer(local);","        break;","    }","}());",""],"l":{"12":2,"14":2,"19":2,"21":2,"23":2,"24":2,"25":2,"30":1,"37":2,"40":2,"43":1,"47":1,"50":1,"52":1,"55":2,"61":2,"62":2,"64":2,"70":1,"76":1,"82":2,"83":2,"85":2,"91":1,"98":1,"102":1,"105":1,"112":1,"119":1,"120":1,"123":1,"130":1,"131":1,"132":1,"133":1,"134":1,"135":1,"138":1,"143":2,"144":2,"147":1,"154":2,"155":2,"158":1,"165":2,"166":2,"169":1,"176":2,"177":2,"180":1,"187":1,"188":1,"192":1,"193":1}},"/home/travis/build/npmtest/node-npmtest-source-map-support/lib.npmtest_source_map_support.js":{"path":"/home/travis/build/npmtest/node-npmtest-source-map-support/lib.npmtest_source_map_support.js","s":{"1":2,"2":2,"3":2,"4":2,"5":2,"6":2,"7":2,"8":1,"9":2,"10":2,"11":2,"12":2,"13":1,"14":1,"15":1,"16":1},"b":{"1":[2,1,1,1],"2":[1,1,1,1],"3":[1,1],"4":[2,2],"5":[1,1]},"f":{"1":2,"2":2,"3":2},"fnMap":{"1":{"name":"(anonymous_1)","line":12,"loc":{"start":{"line":12,"column":1},"end":{"line":12,"column":13}}},"2":{"name":"(anonymous_2)","line":19,"loc":{"start":{"line":19,"column":5},"end":{"line":19,"column":17}}},"3":{"name":"(anonymous_3)","line":23,"loc":{"start":{"line":23,"column":24},"end":{"line":23,"column":36}}}},"statementMap":{"1":{"start":{"line":12,"column":0},"end":{"line":53,"column":5}},"2":{"start":{"line":14,"column":4},"end":{"line":14,"column":14}},"3":{"start":{"line":19,"column":4},"end":{"line":52,"column":9}},"4":{"start":{"line":21,"column":8},"end":{"line":21,"column":19}},"5":{"start":{"line":23,"column":8},"end":{"line":35,"column":13}},"6":{"start":{"line":24,"column":12},"end":{"line":34,"column":13}},"7":{"start":{"line":25,"column":16},"end":{"line":28,"column":30}},"8":{"start":{"line":30,"column":16},"end":{"line":33,"column":27}},"9":{"start":{"line":37,"column":8},"end":{"line":39,"column":21}},"10":{"start":{"line":41,"column":8},"end":{"line":41,"column":54}},"11":{"start":{"line":43,"column":8},"end":{"line":43,"column":63}},"12":{"start":{"line":45,"column":8},"end":{"line":51,"column":9}},"13":{"start":{"line":46,"column":12},"end":{"line":46,"column":69}},"14":{"start":{"line":48,"column":12},"end":{"line":48,"column":35}},"15":{"start":{"line":49,"column":12},"end":{"line":49,"column":49}},"16":{"start":{"line":50,"column":12},"end":{"line":50,"column":43}}},"branchMap":{"1":{"line":25,"type":"binary-expr","locations":[{"start":{"line":25,"column":23},"end":{"line":25,"column":62}},{"start":{"line":26,"column":20},"end":{"line":26,"column":70}},{"start":{"line":27,"column":20},"end":{"line":27,"column":71}},{"start":{"line":28,"column":20},"end":{"line":28,"column":29}}]},"2":{"line":30,"type":"binary-expr","locations":[{"start":{"line":30,"column":23},"end":{"line":30,"column":37}},{"start":{"line":31,"column":20},"end":{"line":31,"column":61}},{"start":{"line":32,"column":20},"end":{"line":32,"column":70}},{"start":{"line":33,"column":20},"end":{"line":33,"column":26}}]},"3":{"line":37,"type":"cond-expr","locations":[{"start":{"line":38,"column":14},"end":{"line":38,"column":20}},{"start":{"line":39,"column":14},"end":{"line":39,"column":20}}]},"4":{"line":41,"type":"binary-expr","locations":[{"start":{"line":41,"column":16},"end":{"line":41,"column":44}},{"start":{"line":41,"column":48},"end":{"line":41,"column":53}}]},"5":{"line":45,"type":"if","locations":[{"start":{"line":45,"column":8},"end":{"line":45,"column":8}},{"start":{"line":45,"column":8},"end":{"line":45,"column":8}}]}},"code":["/* istanbul instrument in package npmtest_source_map_support */","/*jslint","    bitwise: true,","    browser: true,","    maxerr: 8,","    maxlen: 96,","    node: true,","    nomen: true,","    regexp: true,","    stupid: true","*/","(function () {","    'use strict';","    var local;","","","","    // run shared js-env code - pre-init","    (function () {","        // init local","        local = {};","        // init modeJs","        local.modeJs = (function () {","            try {","                return typeof navigator.userAgent === 'string' &&","                    typeof document.querySelector('body') === 'object' &&","                    typeof XMLHttpRequest.prototype.open === 'function' &&","                    'browser';","            } catch (errorCaughtBrowser) {","                return module.exports &&","                    typeof process.versions.node === 'string' &&","                    typeof require('http').createServer === 'function' &&","                    'node';","            }","        }());","        // init global","        local.global = local.modeJs === 'browser'","            ? window","            : global;","        // init utility2_rollup","        local = local.global.utility2_rollup || local;","        // init lib","        local.local = local.npmtest_source_map_support = local;","        // init exports","        if (local.modeJs === 'browser') {","            local.global.utility2_npmtest_source_map_support = local;","        } else {","            module.exports = local;","            module.exports.__dirname = __dirname;","            module.exports.module = module;","        }","    }());","}());",""],"l":{"12":2,"14":2,"19":2,"21":2,"23":2,"24":2,"25":2,"30":1,"37":2,"41":2,"43":2,"45":2,"46":1,"48":1,"49":1,"50":1}},"/home/travis/build/npmtest/node-npmtest-source-map-support/example.js":{"path":"/home/travis/build/npmtest/node-npmtest-source-map-support/example.js","s":{"1":2,"2":2,"3":2,"4":2,"5":2,"6":2,"7":2,"8":1,"9":2,"10":2,"11":2,"12":2,"13":1,"14":2,"15":2,"16":2,"17":2,"18":2,"19":0,"20":2,"21":1,"22":1,"23":1,"24":1,"25":1,"26":0,"27":0,"28":1,"29":1,"30":2,"31":0,"32":0,"33":0,"34":1,"35":2,"36":2,"37":3,"38":3,"39":3,"40":3,"41":0,"42":3,"43":3,"44":3,"45":1,"46":3,"47":1,"48":1,"49":1,"50":1,"51":1,"52":1,"53":1,"54":1,"55":1,"56":1,"57":0,"58":1,"59":6,"60":6,"61":1,"62":2,"63":0,"64":2,"65":1,"66":1,"67":0,"68":0,"69":0,"70":0,"71":0,"72":0,"73":0,"74":0,"75":0,"76":0,"77":0,"78":0,"79":0,"80":0,"81":0,"82":0,"83":0},"b":{"1":[2,1,1,1],"2":[1,1,1,1],"3":[1,1],"4":[2,2],"5":[1,1],"6":[1,1],"7":[2,0],"8":[2,1,1,1,1,1],"9":[0,2,0],"10":[1,1],"11":[2,1,1],"12":[1,0],"13":[0,2],"14":[2,0,0,0,0,0,0],"15":[0,3],"16":[3,0],"17":[1,1],"18":[0,1],"19":[1,2,0,2],"20":[1,0],"21":[1,1],"22":[0,0],"23":[0,0],"24":[0,0],"25":[0,0],"26":[0,0],"27":[0,0],"28":[0,0]},"f":{"1":2,"2":2,"3":2,"4":2,"5":2,"6":2,"7":3,"8":3,"9":3,"10":1,"11":6,"12":0},"fnMap":{"1":{"name":"(anonymous_1)","line":26,"loc":{"start":{"line":26,"column":1},"end":{"line":26,"column":13}}},"2":{"name":"(anonymous_2)","line":33,"loc":{"start":{"line":33,"column":5},"end":{"line":33,"column":17}}},"3":{"name":"(anonymous_3)","line":37,"loc":{"start":{"line":37,"column":24},"end":{"line":37,"column":36}}},"4":{"name":"(anonymous_4)","line":69,"loc":{"start":{"line":69,"column":31},"end":{"line":69,"column":48}},"skip":true},"5":{"name":"(anonymous_5)","line":78,"loc":{"start":{"line":78,"column":26},"end":{"line":78,"column":45}},"skip":true},"6":{"name":"(anonymous_6)","line":123,"loc":{"start":{"line":123,"column":33},"end":{"line":123,"column":48}},"skip":true},"7":{"name":"(anonymous_7)","line":125,"loc":{"start":{"line":125,"column":27},"end":{"line":125,"column":39}},"skip":true},"8":{"name":"(anonymous_8)","line":133,"loc":{"start":{"line":133,"column":59},"end":{"line":133,"column":74}},"skip":true},"9":{"name":"(anonymous_9)","line":143,"loc":{"start":{"line":143,"column":45},"end":{"line":143,"column":62}},"skip":true},"10":{"name":"(anonymous_10)","line":144,"loc":{"start":{"line":144,"column":73},"end":{"line":144,"column":92}},"skip":true},"11":{"name":"(anonymous_11)","line":272,"loc":{"start":{"line":272,"column":51},"end":{"line":272,"column":77}},"skip":true},"12":{"name":"(anonymous_12)","line":315,"loc":{"start":{"line":315,"column":32},"end":{"line":315,"column":61}},"skip":true}},"statementMap":{"1":{"start":{"line":26,"column":0},"end":{"line":326,"column":5}},"2":{"start":{"line":28,"column":4},"end":{"line":28,"column":14}},"3":{"start":{"line":33,"column":4},"end":{"line":60,"column":9}},"4":{"start":{"line":35,"column":8},"end":{"line":35,"column":19}},"5":{"start":{"line":37,"column":8},"end":{"line":49,"column":13}},"6":{"start":{"line":38,"column":12},"end":{"line":48,"column":13}},"7":{"start":{"line":39,"column":16},"end":{"line":42,"column":30}},"8":{"start":{"line":44,"column":16},"end":{"line":47,"column":27}},"9":{"start":{"line":51,"column":8},"end":{"line":53,"column":21}},"10":{"start":{"line":55,"column":8},"end":{"line":57,"column":45}},"11":{"start":{"line":59,"column":8},"end":{"line":59,"column":35}},"12":{"start":{"line":61,"column":4},"end":{"line":325,"column":5}},"13":{"start":{"line":69,"column":8},"end":{"line":121,"column":10},"skip":true},"14":{"start":{"line":70,"column":12},"end":{"line":88,"column":13},"skip":true},"15":{"start":{"line":76,"column":16},"end":{"line":87,"column":19},"skip":true},"16":{"start":{"line":79,"column":20},"end":{"line":86,"column":21},"skip":true},"17":{"start":{"line":82,"column":24},"end":{"line":82,"column":43},"skip":true},"18":{"start":{"line":83,"column":24},"end":{"line":83,"column":30},"skip":true},"19":{"start":{"line":85,"column":24},"end":{"line":85,"column":49},"skip":true},"20":{"start":{"line":89,"column":12},"end":{"line":107,"column":13},"skip":true},"21":{"start":{"line":92,"column":16},"end":{"line":102,"column":17},"skip":true},"22":{"start":{"line":93,"column":20},"end":{"line":93,"column":86},"skip":true},"23":{"start":{"line":94,"column":20},"end":{"line":95,"column":45},"skip":true},"24":{"start":{"line":96,"column":20},"end":{"line":96,"column":42},"skip":true},"25":{"start":{"line":97,"column":20},"end":{"line":97,"column":48},"skip":true},"26":{"start":{"line":100,"column":20},"end":{"line":100,"column":85},"skip":true},"27":{"start":{"line":101,"column":20},"end":{"line":101,"column":96},"skip":true},"28":{"start":{"line":103,"column":16},"end":{"line":103,"column":22},"skip":true},"29":{"start":{"line":106,"column":16},"end":{"line":106,"column":22},"skip":true},"30":{"start":{"line":108,"column":12},"end":{"line":120,"column":13},"skip":true},"31":{"start":{"line":114,"column":16},"end":{"line":119,"column":17},"skip":true},"32":{"start":{"line":116,"column":20},"end":{"line":116,"column":78},"skip":true},"33":{"start":{"line":118,"column":20},"end":{"line":118,"column":47},"skip":true},"34":{"start":{"line":123,"column":8},"end":{"line":141,"column":11},"skip":true},"35":{"start":{"line":124,"column":12},"end":{"line":124,"column":54},"skip":true},"36":{"start":{"line":125,"column":12},"end":{"line":140,"column":14},"skip":true},"37":{"start":{"line":126,"column":16},"end":{"line":126,"column":28},"skip":true},"38":{"start":{"line":127,"column":16},"end":{"line":127,"column":69},"skip":true},"39":{"start":{"line":128,"column":16},"end":{"line":128,"column":75},"skip":true},"40":{"start":{"line":129,"column":16},"end":{"line":131,"column":17},"skip":true},"41":{"start":{"line":130,"column":20},"end":{"line":130,"column":27},"skip":true},"42":{"start":{"line":133,"column":16},"end":{"line":137,"column":36},"skip":true},"43":{"start":{"line":134,"column":20},"end":{"line":136,"column":55},"skip":true},"44":{"start":{"line":139,"column":16},"end":{"line":139,"column":57},"skip":true},"45":{"start":{"line":143,"column":8},"end":{"line":147,"column":11},"skip":true},"46":{"start":{"line":144,"column":12},"end":{"line":146,"column":15},"skip":true},"47":{"start":{"line":145,"column":16},"end":{"line":145,"column":70},"skip":true},"48":{"start":{"line":149,"column":8},"end":{"line":149,"column":31},"skip":true},"49":{"start":{"line":150,"column":8},"end":{"line":150,"column":14},"skip":true},"50":{"start":{"line":158,"column":8},"end":{"line":158,"column":31},"skip":true},"51":{"start":{"line":160,"column":8},"end":{"line":160,"column":33},"skip":true},"52":{"start":{"line":161,"column":8},"end":{"line":161,"column":37},"skip":true},"53":{"start":{"line":162,"column":8},"end":{"line":162,"column":35},"skip":true},"54":{"start":{"line":164,"column":8},"end":{"line":164,"column":50},"skip":true},"55":{"start":{"line":166,"column":8},"end":{"line":256,"column":2},"skip":true},"56":{"start":{"line":258,"column":8},"end":{"line":286,"column":9},"skip":true},"57":{"start":{"line":259,"column":12},"end":{"line":269,"column":14},"skip":true},"58":{"start":{"line":271,"column":12},"end":{"line":285,"column":19},"skip":true},"59":{"start":{"line":274,"column":20},"end":{"line":274,"column":35},"skip":true},"60":{"start":{"line":275,"column":20},"end":{"line":284,"column":21},"skip":true},"61":{"start":{"line":277,"column":24},"end":{"line":277,"column":64},"skip":true},"62":{"start":{"line":279,"column":24},"end":{"line":279,"column":40},"skip":true},"63":{"start":{"line":281,"column":24},"end":{"line":281,"column":40},"skip":true},"64":{"start":{"line":283,"column":24},"end":{"line":283,"column":39},"skip":true},"65":{"start":{"line":288,"column":8},"end":{"line":290,"column":9},"skip":true},"66":{"start":{"line":289,"column":12},"end":{"line":289,"column":18},"skip":true},"67":{"start":{"line":291,"column":8},"end":{"line":293,"column":54},"skip":true},"68":{"start":{"line":296,"column":8},"end":{"line":301,"column":37},"skip":true},"69":{"start":{"line":303,"column":8},"end":{"line":303,"column":82},"skip":true},"70":{"start":{"line":306,"column":8},"end":{"line":308,"column":9},"skip":true},"71":{"start":{"line":307,"column":12},"end":{"line":307,"column":82},"skip":true},"72":{"start":{"line":310,"column":8},"end":{"line":312,"column":9},"skip":true},"73":{"start":{"line":311,"column":12},"end":{"line":311,"column":18},"skip":true},"74":{"start":{"line":313,"column":8},"end":{"line":313,"column":54},"skip":true},"75":{"start":{"line":314,"column":8},"end":{"line":314,"column":69},"skip":true},"76":{"start":{"line":315,"column":8},"end":{"line":323,"column":36},"skip":true},"77":{"start":{"line":316,"column":12},"end":{"line":316,"column":61},"skip":true},"78":{"start":{"line":317,"column":12},"end":{"line":320,"column":13},"skip":true},"79":{"start":{"line":318,"column":16},"end":{"line":318,"column":75},"skip":true},"80":{"start":{"line":319,"column":16},"end":{"line":319,"column":23},"skip":true},"81":{"start":{"line":321,"column":12},"end":{"line":321,"column":38},"skip":true},"82":{"start":{"line":322,"column":12},"end":{"line":322,"column":27},"skip":true},"83":{"start":{"line":324,"column":8},"end":{"line":324,"column":14},"skip":true}},"branchMap":{"1":{"line":39,"type":"binary-expr","locations":[{"start":{"line":39,"column":23},"end":{"line":39,"column":62}},{"start":{"line":40,"column":20},"end":{"line":40,"column":70}},{"start":{"line":41,"column":20},"end":{"line":41,"column":71}},{"start":{"line":42,"column":20},"end":{"line":42,"column":29}}]},"2":{"line":44,"type":"binary-expr","locations":[{"start":{"line":44,"column":23},"end":{"line":44,"column":37}},{"start":{"line":45,"column":20},"end":{"line":45,"column":61}},{"start":{"line":46,"column":20},"end":{"line":46,"column":70}},{"start":{"line":47,"column":20},"end":{"line":47,"column":26}}]},"3":{"line":51,"type":"cond-expr","locations":[{"start":{"line":52,"column":14},"end":{"line":52,"column":20}},{"start":{"line":53,"column":14},"end":{"line":53,"column":20}}]},"4":{"line":55,"type":"binary-expr","locations":[{"start":{"line":55,"column":16},"end":{"line":55,"column":44}},{"start":{"line":55,"column":49},"end":{"line":57,"column":43}}]},"5":{"line":55,"type":"cond-expr","locations":[{"start":{"line":56,"column":14},"end":{"line":56,"column":62}},{"start":{"line":57,"column":14},"end":{"line":57,"column":43}}]},"6":{"line":61,"type":"switch","locations":[{"start":{"line":68,"column":4},"end":{"line":150,"column":14},"skip":true},{"start":{"line":156,"column":4},"end":{"line":324,"column":14},"skip":true}]},"7":{"line":70,"type":"if","locations":[{"start":{"line":70,"column":12},"end":{"line":70,"column":12},"skip":true},{"start":{"line":70,"column":12},"end":{"line":70,"column":12},"skip":true}]},"8":{"line":70,"type":"binary-expr","locations":[{"start":{"line":70,"column":16},"end":{"line":70,"column":22},"skip":true},{"start":{"line":70,"column":27},"end":{"line":70,"column":32},"skip":true},{"start":{"line":71,"column":20},"end":{"line":71,"column":39},"skip":true},{"start":{"line":72,"column":20},"end":{"line":72,"column":49},"skip":true},{"start":{"line":73,"column":20},"end":{"line":73,"column":58},"skip":true},{"start":{"line":74,"column":20},"end":{"line":74,"column":69},"skip":true}]},"9":{"line":79,"type":"switch","locations":[{"start":{"line":80,"column":20},"end":{"line":80,"column":33},"skip":true},{"start":{"line":81,"column":20},"end":{"line":83,"column":30},"skip":true},{"start":{"line":84,"column":20},"end":{"line":85,"column":49},"skip":true}]},"10":{"line":89,"type":"switch","locations":[{"start":{"line":90,"column":12},"end":{"line":103,"column":22},"skip":true},{"start":{"line":105,"column":12},"end":{"line":106,"column":22},"skip":true}]},"11":{"line":89,"type":"binary-expr","locations":[{"start":{"line":89,"column":20},"end":{"line":89,"column":25},"skip":true},{"start":{"line":89,"column":29},"end":{"line":89,"column":48},"skip":true},{"start":{"line":89,"column":52},"end":{"line":89,"column":74},"skip":true}]},"12":{"line":92,"type":"if","locations":[{"start":{"line":92,"column":16},"end":{"line":92,"column":16},"skip":true},{"start":{"line":92,"column":16},"end":{"line":92,"column":16},"skip":true}]},"13":{"line":108,"type":"if","locations":[{"start":{"line":108,"column":12},"end":{"line":108,"column":12},"skip":true},{"start":{"line":108,"column":12},"end":{"line":108,"column":12},"skip":true}]},"14":{"line":108,"type":"binary-expr","locations":[{"start":{"line":108,"column":16},"end":{"line":108,"column":61},"skip":true},{"start":{"line":108,"column":66},"end":{"line":108,"column":72},"skip":true},{"start":{"line":108,"column":77},"end":{"line":108,"column":82},"skip":true},{"start":{"line":109,"column":20},"end":{"line":109,"column":39},"skip":true},{"start":{"line":110,"column":20},"end":{"line":110,"column":49},"skip":true},{"start":{"line":111,"column":20},"end":{"line":111,"column":58},"skip":true},{"start":{"line":112,"column":20},"end":{"line":112,"column":68},"skip":true}]},"15":{"line":129,"type":"if","locations":[{"start":{"line":129,"column":16},"end":{"line":129,"column":16},"skip":true},{"start":{"line":129,"column":16},"end":{"line":129,"column":16},"skip":true}]},"16":{"line":134,"type":"cond-expr","locations":[{"start":{"line":135,"column":26},"end":{"line":135,"column":29},"skip":true},{"start":{"line":136,"column":26},"end":{"line":136,"column":54},"skip":true}]},"17":{"line":164,"type":"binary-expr","locations":[{"start":{"line":164,"column":27},"end":{"line":164,"column":43},"skip":true},{"start":{"line":164,"column":47},"end":{"line":164,"column":49},"skip":true}]},"18":{"line":258,"type":"if","locations":[{"start":{"line":258,"column":8},"end":{"line":258,"column":8},"skip":true},{"start":{"line":258,"column":8},"end":{"line":258,"column":8},"skip":true}]},"19":{"line":275,"type":"switch","locations":[{"start":{"line":276,"column":20},"end":{"line":277,"column":64},"skip":true},{"start":{"line":278,"column":20},"end":{"line":279,"column":40},"skip":true},{"start":{"line":280,"column":20},"end":{"line":281,"column":40},"skip":true},{"start":{"line":282,"column":20},"end":{"line":283,"column":39},"skip":true}]},"20":{"line":288,"type":"if","locations":[{"start":{"line":288,"column":8},"end":{"line":288,"column":8},"skip":true},{"start":{"line":288,"column":8},"end":{"line":288,"column":8},"skip":true}]},"21":{"line":288,"type":"binary-expr","locations":[{"start":{"line":288,"column":12},"end":{"line":288,"column":40},"skip":true},{"start":{"line":288,"column":44},"end":{"line":288,"column":67},"skip":true}]},"22":{"line":292,"type":"binary-expr","locations":[{"start":{"line":292,"column":12},"end":{"line":292,"column":50},"skip":true},{"start":{"line":293,"column":12},"end":{"line":293,"column":53},"skip":true}]},"23":{"line":297,"type":"binary-expr","locations":[{"start":{"line":297,"column":12},"end":{"line":297,"column":76},"skip":true},{"start":{"line":298,"column":12},"end":{"line":301,"column":36},"skip":true}]},"24":{"line":303,"type":"binary-expr","locations":[{"start":{"line":303,"column":43},"end":{"line":303,"column":75},"skip":true},{"start":{"line":303,"column":79},"end":{"line":303,"column":81},"skip":true}]},"25":{"line":306,"type":"if","locations":[{"start":{"line":306,"column":8},"end":{"line":306,"column":8},"skip":true},{"start":{"line":306,"column":8},"end":{"line":306,"column":8},"skip":true}]},"26":{"line":310,"type":"if","locations":[{"start":{"line":310,"column":8},"end":{"line":310,"column":8},"skip":true},{"start":{"line":310,"column":8},"end":{"line":310,"column":8},"skip":true}]},"27":{"line":313,"type":"binary-expr","locations":[{"start":{"line":313,"column":27},"end":{"line":313,"column":43},"skip":true},{"start":{"line":313,"column":47},"end":{"line":313,"column":53},"skip":true}]},"28":{"line":317,"type":"if","locations":[{"start":{"line":317,"column":12},"end":{"line":317,"column":12},"skip":true},{"start":{"line":317,"column":12},"end":{"line":317,"column":12},"skip":true}]}},"code":["/*","example.js","","quickstart example","","instruction","    1. save this script as example.js","    2. run the shell command:","        $ npm install npmtest-source-map-support && PORT=8081 node example.js","    3. play with the browser-demo on http://127.0.0.1:8081","*/","","","","/* istanbul instrument in package npmtest_source_map_support */","/*jslint","    bitwise: true,","    browser: true,","    maxerr: 8,","    maxlen: 96,","    node: true,","    nomen: true,","    regexp: true,","    stupid: true","*/","(function () {","    'use strict';","    var local;","","","","    // run shared js-env code - pre-init","    (function () {","        // init local","        local = {};","        // init modeJs","        local.modeJs = (function () {","            try {","                return typeof navigator.userAgent === 'string' &&","                    typeof document.querySelector('body') === 'object' &&","                    typeof XMLHttpRequest.prototype.open === 'function' &&","                    'browser';","            } catch (errorCaughtBrowser) {","                return module.exports &&","                    typeof process.versions.node === 'string' &&","                    typeof require('http').createServer === 'function' &&","                    'node';","            }","        }());","        // init global","        local.global = local.modeJs === 'browser'","            ? window","            : global;","        // init utility2_rollup","        local = local.global.utility2_rollup || (local.modeJs === 'browser'","            ? local.global.utility2_npmtest_source_map_support","            : global.utility2_moduleExports);","        // export local","        local.global.local = local;","    }());","    switch (local.modeJs) {","","","","    // post-init","    // run browser js-env code - post-init","    /* istanbul ignore next */","    case 'browser':","        local.testRunBrowser = function (event) {","            if (!event || (event &&","                    event.currentTarget &&","                    event.currentTarget.className &&","                    event.currentTarget.className.includes &&","                    event.currentTarget.className.includes('onreset'))) {","                // reset output","                Array.from(","                    document.querySelectorAll('body > .resettable')","                ).forEach(function (element) {","                    switch (element.tagName) {","                    case 'INPUT':","                    case 'TEXTAREA':","                        element.value = '';","                        break;","                    default:","                        element.textContent = '';","                    }","                });","            }","            switch (event && event.currentTarget && event.currentTarget.id) {","            case 'testRunButton1':","                // show tests","                if (document.querySelector('#testReportDiv1').style.display === 'none') {","                    document.querySelector('#testReportDiv1').style.display = 'block';","                    document.querySelector('#testRunButton1').textContent =","                        'hide internal test';","                    local.modeTest = true;","                    local.testRunDefault(local);","                // hide tests","                } else {","                    document.querySelector('#testReportDiv1').style.display = 'none';","                    document.querySelector('#testRunButton1').textContent = 'run internal test';","                }","                break;","            // custom-case","            default:","                break;","            }","            if (document.querySelector('#inputTextareaEval1') && (!event || (event &&","                    event.currentTarget &&","                    event.currentTarget.className &&","                    event.currentTarget.className.includes &&","                    event.currentTarget.className.includes('oneval')))) {","                // try to eval input-code","                try {","                    /*jslint evil: true*/","                    eval(document.querySelector('#inputTextareaEval1').value);","                } catch (errorCaught) {","                    console.error(errorCaught);","                }","            }","        };","        // log stderr and stdout to #outputTextareaStdout1","        ['error', 'log'].forEach(function (key) {","            console[key + '_original'] = console[key];","            console[key] = function () {","                var element;","                console[key + '_original'].apply(console, arguments);","                element = document.querySelector('#outputTextareaStdout1');","                if (!element) {","                    return;","                }","                // append text to #outputTextareaStdout1","                element.value += Array.from(arguments).map(function (arg) {","                    return typeof arg === 'string'","                        ? arg","                        : JSON.stringify(arg, null, 4);","                }).join(' ') + '\\n';","                // scroll textarea to bottom","                element.scrollTop = element.scrollHeight;","            };","        });","        // init event-handling","        ['change', 'click', 'keyup'].forEach(function (event) {","            Array.from(document.querySelectorAll('.on' + event)).forEach(function (element) {","                element.addEventListener(event, local.testRunBrowser);","            });","        });","        // run tests","        local.testRunBrowser();","        break;","","","","    // run node js-env code - post-init","    /* istanbul ignore next */","    case 'node':","        // export local","        module.exports = local;","        // require modules","        local.fs = require('fs');","        local.http = require('http');","        local.url = require('url');","        // init assets","        local.assetsDict = local.assetsDict || {};","        /* jslint-ignore-begin */","        local.assetsDict['/assets.index.template.html'] = '\\","<!doctype html>\\n\\","<html lang=\"en\">\\n\\","<head>\\n\\","<meta charset=\"UTF-8\">\\n\\","<meta name=\"viewport\" content=\"width=device-width, initial-scale=1\">\\n\\","<title>{{env.npm_package_name}} (v{{env.npm_package_version}})</title>\\n\\","<style>\\n\\","/*csslint\\n\\","    box-sizing: false,\\n\\","    universal-selector: false\\n\\","*/\\n\\","* {\\n\\","    box-sizing: border-box;\\n\\","}\\n\\","body {\\n\\","    background: #dde;\\n\\","    font-family: Arial, Helvetica, sans-serif;\\n\\","    margin: 2rem;\\n\\","}\\n\\","body > * {\\n\\","    margin-bottom: 1rem;\\n\\","}\\n\\",".utility2FooterDiv {\\n\\","    margin-top: 20px;\\n\\","    text-align: center;\\n\\","}\\n\\","</style>\\n\\","<style>\\n\\","/*csslint\\n\\","*/\\n\\","textarea {\\n\\","    font-family: monospace;\\n\\","    height: 10rem;\\n\\","    width: 100%;\\n\\","}\\n\\","textarea[readonly] {\\n\\","    background: #ddd;\\n\\","}\\n\\","</style>\\n\\","</head>\\n\\","<body>\\n\\","<!-- utility2-comment\\n\\","<div id=\"ajaxProgressDiv1\" style=\"background: #d00; height: 2px; left: 0; margin: 0; padding: 0; position: fixed; top: 0; transition: background 0.5s, width 1.5s; width: 25%;\"></div>\\n\\","utility2-comment -->\\n\\","<h1>\\n\\","<!-- utility2-comment\\n\\","    <a\\n\\","        {{#if env.npm_package_homepage}}\\n\\","        href=\"{{env.npm_package_homepage}}\"\\n\\","        {{/if env.npm_package_homepage}}\\n\\","        target=\"_blank\"\\n\\","    >\\n\\","utility2-comment -->\\n\\","        {{env.npm_package_name}} (v{{env.npm_package_version}})\\n\\","<!-- utility2-comment\\n\\","    </a>\\n\\","utility2-comment -->\\n\\","</h1>\\n\\","<h3>{{env.npm_package_description}}</h3>\\n\\","<!-- utility2-comment\\n\\","<h4><a download href=\"assets.app.js\">download standalone app</a></h4>\\n\\","<button class=\"onclick onreset\" id=\"testRunButton1\">run internal test</button><br>\\n\\","<div id=\"testReportDiv1\" style=\"display: none;\"></div>\\n\\","utility2-comment -->\\n\\","\\n\\","\\n\\","\\n\\","<label>stderr and stdout</label>\\n\\","<textarea class=\"resettable\" id=\"outputTextareaStdout1\" readonly></textarea>\\n\\","<!-- utility2-comment\\n\\","{{#if isRollup}}\\n\\","<script src=\"assets.app.js\"></script>\\n\\","{{#unless isRollup}}\\n\\","utility2-comment -->\\n\\","<script src=\"assets.utility2.rollup.js\"></script>\\n\\","<script src=\"jsonp.utility2._stateInit?callback=window.utility2._stateInit\"></script>\\n\\","<script src=\"assets.npmtest_source_map_support.rollup.js\"></script>\\n\\","<script src=\"assets.example.js\"></script>\\n\\","<script src=\"assets.test.js\"></script>\\n\\","<!-- utility2-comment\\n\\","{{/if isRollup}}\\n\\","utility2-comment -->\\n\\","<div class=\"utility2FooterDiv\">\\n\\","    [ this app was created with\\n\\","    <a href=\"https://github.com/kaizhu256/node-utility2\" target=\"_blank\">utility2</a>\\n\\","    ]\\n\\","</div>\\n\\","</body>\\n\\","</html>\\n\\","';","        /* jslint-ignore-end */","        if (local.templateRender) {","            local.assetsDict['/'] = local.templateRender(","                local.assetsDict['/assets.index.template.html'],","                {","                    env: local.objectSetDefault(local.env, {","                        npm_package_description: 'the greatest app in the world!',","                        npm_package_name: 'my-app',","                        npm_package_nameAlias: 'my_app',","                        npm_package_version: '0.0.1'","                    })","                }","            );","        } else {","            local.assetsDict['/'] = local.assetsDict['/assets.index.template.html']","                .replace((/\\{\\{env\\.(\\w+?)\\}\\}/g), function (match0, match1) {","                    // jslint-hack","                    String(match0);","                    switch (match1) {","                    case 'npm_package_description':","                        return 'the greatest app in the world!';","                    case 'npm_package_name':","                        return 'my-app';","                    case 'npm_package_nameAlias':","                        return 'my_app';","                    case 'npm_package_version':","                        return '0.0.1';","                    }","                });","        }","        // run the cli","        if (local.global.utility2_rollup || module !== require.main) {","            break;","        }","        local.assetsDict['/assets.example.js'] =","            local.assetsDict['/assets.example.js'] ||","            local.fs.readFileSync(__filename, 'utf8');","        // bug-workaround - long $npm_package_buildCustomOrg","        /* jslint-ignore-begin */","        local.assetsDict['/assets.npmtest_source_map_support.rollup.js'] =","            local.assetsDict['/assets.npmtest_source_map_support.rollup.js'] ||","            local.fs.readFileSync(","                local.npmtest_source_map_support.__dirname + '/lib.npmtest_source_map_support.js',","                'utf8'","            ).replace((/^#!/), '//');","        /* jslint-ignore-end */","        local.assetsDict['/favicon.ico'] = local.assetsDict['/favicon.ico'] || '';","        // if $npm_config_timeout_exit exists,","        // then exit this process after $npm_config_timeout_exit ms","        if (Number(process.env.npm_config_timeout_exit)) {","            setTimeout(process.exit, Number(process.env.npm_config_timeout_exit));","        }","        // start server","        if (local.global.utility2_serverHttp1) {","            break;","        }","        process.env.PORT = process.env.PORT || '8081';","        console.error('server starting on port ' + process.env.PORT);","        local.http.createServer(function (request, response) {","            request.urlParsed = local.url.parse(request.url);","            if (local.assetsDict[request.urlParsed.pathname] !== undefined) {","                response.end(local.assetsDict[request.urlParsed.pathname]);","                return;","            }","            response.statusCode = 404;","            response.end();","        }).listen(process.env.PORT);","        break;","    }","}());",""],"l":{"26":2,"28":2,"33":2,"35":2,"37":2,"38":2,"39":2,"44":1,"51":2,"55":2,"59":2,"61":2,"69":1,"70":2,"76":2,"79":2,"82":2,"83":2,"85":1,"89":2,"92":1,"93":1,"94":1,"96":1,"97":1,"100":1,"101":1,"103":1,"106":1,"108":2,"114":1,"116":1,"118":1,"123":1,"124":2,"125":2,"126":3,"127":3,"128":3,"129":3,"130":1,"133":3,"134":3,"139":3,"143":1,"144":3,"145":1,"149":1,"150":1,"158":1,"160":1,"161":1,"162":1,"164":1,"166":1,"258":1,"259":1,"271":1,"274":6,"275":6,"277":1,"279":2,"281":1,"283":2,"288":1,"289":1,"291":1,"296":1,"303":1,"306":1,"307":1,"310":1,"311":1,"313":1,"314":1,"315":1,"316":1,"317":1,"318":1,"319":1,"321":1,"322":1,"324":1}},"/home/travis/build/npmtest/node-npmtest-source-map-support/node_modules/source-map-support/source-map-support.js":{"path":"/home/travis/build/npmtest/node-npmtest-source-map-support/node_modules/source-map-support/source-map-support.js","s":{"1":1,"2":1,"3":1,"4":1,"5":1,"6":1,"7":0,"8":1,"9":1,"10":1,"11":1,"12":1,"13":1,"14":1,"15":1,"16":1,"17":1,"18":6,"19":0,"20":6,"21":0,"22":6,"23":1,"24":1,"25":1,"26":2,"27":12,"28":12,"29":12,"30":2,"31":10,"32":1,"33":1,"34":6,"35":6,"36":0,"37":6,"38":6,"39":0,"40":0,"41":0,"42":0,"43":0,"44":0,"45":6,"46":2,"47":6,"48":1,"49":0,"50":0,"51":0,"52":0,"53":0,"54":0,"55":1,"56":6,"57":6,"58":0,"59":0,"60":0,"61":0,"62":0,"63":0,"64":0,"65":0,"66":6,"67":6,"68":6,"69":6,"70":0,"71":6,"72":6,"73":0,"74":1,"75":1,"76":6,"77":6,"78":6,"79":0,"80":0,"81":0,"82":0,"83":0,"84":0,"85":0,"86":0,"87":0,"88":0,"89":1,"90":765,"91":765,"92":6,"93":6,"94":0,"95":0,"96":0,"97":0,"98":0,"99":0,"100":0,"101":6,"102":765,"103":0,"104":0,"105":0,"106":0,"107":765,"108":1,"109":0,"110":0,"111":0,"112":0,"113":0,"114":0,"115":0,"116":0,"117":1,"118":765,"119":765,"120":765,"121":0,"122":765,"123":765,"124":0,"125":0,"126":765,"127":765,"128":0,"129":765,"130":765,"131":765,"132":765,"133":765,"134":765,"135":765,"136":765,"137":765,"138":765,"139":765,"140":765,"141":450,"142":450,"143":0,"144":450,"145":450,"146":421,"147":421,"148":421,"149":421,"150":62,"151":29,"152":315,"153":0,"154":315,"155":97,"156":218,"157":218,"158":765,"159":547,"160":765,"161":1,"162":765,"163":765,"164":15300,"165":3960,"166":765,"167":765,"168":1,"169":767,"170":2,"171":765,"172":765,"173":765,"174":765,"175":765,"176":0,"177":765,"178":765,"179":765,"180":0,"181":765,"182":765,"183":765,"184":765,"185":765,"186":765,"187":765,"188":0,"189":0,"190":0,"191":0,"192":0,"193":0,"194":0,"195":0,"196":1,"197":81,"198":0,"199":0,"200":81,"201":767,"202":1,"203":0,"204":0,"205":0,"206":0,"207":0,"208":0,"209":0,"210":0,"211":0,"212":0,"213":0,"214":0,"215":0,"216":1,"217":0,"218":0,"219":0,"220":0,"221":0,"222":0,"223":1,"224":1,"225":1,"226":2,"227":0,"228":0,"229":0,"230":0,"231":2,"232":1,"233":1,"234":1,"235":1,"236":1,"237":1,"238":1,"239":0,"240":0,"241":0,"242":1,"243":0,"244":0,"245":0,"246":1,"247":0,"248":0,"249":0,"250":1,"251":0,"252":0,"253":0,"254":0,"255":0,"256":0,"257":0,"258":0,"259":0,"260":0,"261":1,"262":1,"263":1,"264":1,"265":1,"266":1,"267":1,"268":1,"269":1,"270":1},"b":{"1":[0,1],"2":[1,1],"3":[0,6],"4":[0,6],"5":[6,0,0],"6":[0,0,0,0],"7":[1,1,1],"8":[2,10],"9":[0,6],"10":[0,6],"11":[0,0],"12":[0,0],"13":[2,4],"14":[0,0],"15":[0,0],"16":[0,6],"17":[0,0],"18":[0,0],"19":[0,0],"20":[6,0],"21":[6,0],"22":[0,0],"23":[0,0],"24":[6,759],"25":[0,6],"26":[0,0],"27":[0,0],"28":[0,765],"29":[765,765],"30":[0,0],"31":[0,0],"32":[0,0],"33":[0,765],"34":[0,765],"35":[765,0],"36":[765,0],"37":[765,0],"38":[765,0],"39":[765,450],"40":[450,315],"41":[0,450],"42":[421,29],"43":[421,0],"44":[421,421],"45":[62,359],"46":[421,322],"47":[29,0],"48":[0,315],"49":[0,0],"50":[97,218],"51":[547,218],"52":[11475,3825],"53":[2,765],"54":[765,0],"55":[765,0],"56":[0,765],"57":[765,0,0],"58":[0,0],"59":[0,0],"60":[0,81],"61":[0,0],"62":[0,0],"63":[0,0,0],"64":[0,0],"65":[0,0],"66":[0,0],"67":[0,2],"68":[0,0],"69":[0,0],"70":[0,0],"71":[1,1],"72":[0,1],"73":[0,0],"74":[0,1],"75":[0,0],"76":[0,1],"77":[0,0],"78":[0,1],"79":[1,0],"80":[0,0],"81":[1,0],"82":[0,1],"83":[1,0],"84":[1,0],"85":[0,1],"86":[1,0],"87":[1,1]},"f":{"1":6,"2":1,"3":2,"4":12,"5":6,"6":0,"7":6,"8":6,"9":765,"10":0,"11":0,"12":765,"13":765,"14":15300,"15":3960,"16":767,"17":0,"18":765,"19":765,"20":765,"21":0,"22":81,"23":767,"24":0,"25":0,"26":1,"27":2,"28":1,"29":0},"fnMap":{"1":{"name":"isInBrowser","line":38,"loc":{"start":{"line":38,"column":0},"end":{"line":38,"column":23}}},"2":{"name":"hasGlobalProcessEventEmitter","line":46,"loc":{"start":{"line":46,"column":0},"end":{"line":46,"column":40}}},"3":{"name":"handlerExec","line":50,"loc":{"start":{"line":50,"column":0},"end":{"line":50,"column":27}}},"4":{"name":"(anonymous_4)","line":51,"loc":{"start":{"line":51,"column":9},"end":{"line":51,"column":23}}},"5":{"name":"(anonymous_5)","line":64,"loc":{"start":{"line":64,"column":26},"end":{"line":64,"column":41}}},"6":{"name":"supportRelativeURL","line":91,"loc":{"start":{"line":91,"column":0},"end":{"line":91,"column":39}}},"7":{"name":"retrieveSourceMapURL","line":99,"loc":{"start":{"line":99,"column":0},"end":{"line":99,"column":38}}},"8":{"name":"(anonymous_8)","line":136,"loc":{"start":{"line":136,"column":25},"end":{"line":136,"column":42}}},"9":{"name":"mapSourcePosition","line":163,"loc":{"start":{"line":163,"column":0},"end":{"line":163,"column":37}}},"10":{"name":"(anonymous_10)","line":177,"loc":{"start":{"line":177,"column":38},"end":{"line":177,"column":58}}},"11":{"name":"mapEvalOrigin","line":214,"loc":{"start":{"line":214,"column":0},"end":{"line":214,"column":31}}},"12":{"name":"CallSiteToString","line":243,"loc":{"start":{"line":243,"column":0},"end":{"line":243,"column":28}}},"13":{"name":"cloneCallSite","line":310,"loc":{"start":{"line":310,"column":0},"end":{"line":310,"column":30}}},"14":{"name":"(anonymous_14)","line":312,"loc":{"start":{"line":312,"column":67},"end":{"line":312,"column":82}}},"15":{"name":"(anonymous_15)","line":313,"loc":{"start":{"line":313,"column":46},"end":{"line":313,"column":57}}},"16":{"name":"wrapCallSite","line":319,"loc":{"start":{"line":319,"column":0},"end":{"line":319,"column":29}}},"17":{"name":"(anonymous_17)","line":344,"loc":{"start":{"line":344,"column":24},"end":{"line":344,"column":35}}},"18":{"name":"(anonymous_18)","line":345,"loc":{"start":{"line":345,"column":26},"end":{"line":345,"column":37}}},"19":{"name":"(anonymous_19)","line":346,"loc":{"start":{"line":346,"column":28},"end":{"line":346,"column":39}}},"20":{"name":"(anonymous_20)","line":347,"loc":{"start":{"line":347,"column":37},"end":{"line":347,"column":48}}},"21":{"name":"(anonymous_21)","line":356,"loc":{"start":{"line":356,"column":26},"end":{"line":356,"column":37}}},"22":{"name":"prepareStackTrace","line":366,"loc":{"start":{"line":366,"column":0},"end":{"line":366,"column":41}}},"23":{"name":"(anonymous_23)","line":372,"loc":{"start":{"line":372,"column":27},"end":{"line":372,"column":43}}},"24":{"name":"getErrorSource","line":378,"loc":{"start":{"line":378,"column":0},"end":{"line":378,"column":31}}},"25":{"name":"printErrorAndExit","line":405,"loc":{"start":{"line":405,"column":0},"end":{"line":405,"column":35}}},"26":{"name":"shimEmitUncaughtException","line":417,"loc":{"start":{"line":417,"column":0},"end":{"line":417,"column":38}}},"27":{"name":"(anonymous_27)","line":420,"loc":{"start":{"line":420,"column":17},"end":{"line":420,"column":33}}},"28":{"name":"(anonymous_28)","line":439,"loc":{"start":{"line":439,"column":18},"end":{"line":439,"column":36}}},"29":{"name":"(anonymous_29)","line":480,"loc":{"start":{"line":480,"column":34},"end":{"line":480,"column":62}}}},"statementMap":{"1":{"start":{"line":1,"column":0},"end":{"line":1,"column":64}},"2":{"start":{"line":2,"column":0},"end":{"line":2,"column":27}},"3":{"start":{"line":4,"column":0},"end":{"line":4,"column":7}},"4":{"start":{"line":5,"column":0},"end":{"line":13,"column":1}},"5":{"start":{"line":6,"column":2},"end":{"line":6,"column":21}},"6":{"start":{"line":7,"column":2},"end":{"line":10,"column":3}},"7":{"start":{"line":9,"column":4},"end":{"line":9,"column":14}},"8":{"start":{"line":16,"column":0},"end":{"line":16,"column":36}},"9":{"start":{"line":17,"column":0},"end":{"line":17,"column":34}},"10":{"start":{"line":20,"column":0},"end":{"line":20,"column":40}},"11":{"start":{"line":23,"column":0},"end":{"line":23,"column":25}},"12":{"start":{"line":26,"column":0},"end":{"line":26,"column":27}},"13":{"start":{"line":29,"column":0},"end":{"line":29,"column":24}},"14":{"start":{"line":32,"column":0},"end":{"line":32,"column":56}},"15":{"start":{"line":35,"column":0},"end":{"line":35,"column":30}},"16":{"start":{"line":36,"column":0},"end":{"line":36,"column":29}},"17":{"start":{"line":38,"column":0},"end":{"line":44,"column":1}},"18":{"start":{"line":39,"column":2},"end":{"line":40,"column":16}},"19":{"start":{"line":40,"column":4},"end":{"line":40,"column":16}},"20":{"start":{"line":41,"column":2},"end":{"line":42,"column":17}},"21":{"start":{"line":42,"column":4},"end":{"line":42,"column":17}},"22":{"start":{"line":43,"column":2},"end":{"line":43,"column":179}},"23":{"start":{"line":46,"column":0},"end":{"line":48,"column":1}},"24":{"start":{"line":47,"column":2},"end":{"line":47,"column":101}},"25":{"start":{"line":50,"column":0},"end":{"line":60,"column":1}},"26":{"start":{"line":51,"column":2},"end":{"line":59,"column":4}},"27":{"start":{"line":52,"column":4},"end":{"line":57,"column":5}},"28":{"start":{"line":53,"column":6},"end":{"line":53,"column":29}},"29":{"start":{"line":54,"column":6},"end":{"line":56,"column":7}},"30":{"start":{"line":55,"column":8},"end":{"line":55,"column":19}},"31":{"start":{"line":58,"column":4},"end":{"line":58,"column":16}},"32":{"start":{"line":62,"column":0},"end":{"line":62,"column":53}},"33":{"start":{"line":64,"column":0},"end":{"line":87,"column":3}},"34":{"start":{"line":66,"column":2},"end":{"line":66,"column":21}},"35":{"start":{"line":67,"column":2},"end":{"line":69,"column":3}},"36":{"start":{"line":68,"column":4},"end":{"line":68,"column":35}},"37":{"start":{"line":71,"column":2},"end":{"line":71,"column":22}},"38":{"start":{"line":72,"column":2},"end":{"line":84,"column":3}},"39":{"start":{"line":74,"column":4},"end":{"line":74,"column":35}},"40":{"start":{"line":75,"column":4},"end":{"line":75,"column":33}},"41":{"start":{"line":76,"column":4},"end":{"line":76,"column":19}},"42":{"start":{"line":77,"column":4},"end":{"line":77,"column":23}},"43":{"start":{"line":78,"column":4},"end":{"line":80,"column":5}},"44":{"start":{"line":79,"column":6},"end":{"line":79,"column":33}},"45":{"start":{"line":81,"column":9},"end":{"line":84,"column":3}},"46":{"start":{"line":83,"column":4},"end":{"line":83,"column":45}},"47":{"start":{"line":86,"column":2},"end":{"line":86,"column":44}},"48":{"start":{"line":91,"column":0},"end":{"line":97,"column":1}},"49":{"start":{"line":92,"column":2},"end":{"line":92,"column":24}},"50":{"start":{"line":92,"column":13},"end":{"line":92,"column":24}},"51":{"start":{"line":93,"column":2},"end":{"line":93,"column":31}},"52":{"start":{"line":94,"column":2},"end":{"line":94,"column":42}},"53":{"start":{"line":95,"column":2},"end":{"line":95,"column":39}},"54":{"start":{"line":96,"column":2},"end":{"line":96,"column":66}},"55":{"start":{"line":99,"column":0},"end":{"line":128,"column":1}},"56":{"start":{"line":100,"column":2},"end":{"line":100,"column":15}},"57":{"start":{"line":102,"column":2},"end":{"line":117,"column":3}},"58":{"start":{"line":103,"column":5},"end":{"line":116,"column":6}},"59":{"start":{"line":104,"column":7},"end":{"line":104,"column":38}},"60":{"start":{"line":105,"column":7},"end":{"line":105,"column":38}},"61":{"start":{"line":106,"column":7},"end":{"line":106,"column":22}},"62":{"start":{"line":107,"column":7},"end":{"line":107,"column":65}},"63":{"start":{"line":110,"column":7},"end":{"line":111,"column":66}},"64":{"start":{"line":112,"column":7},"end":{"line":114,"column":8}},"65":{"start":{"line":113,"column":9},"end":{"line":113,"column":32}},"66":{"start":{"line":120,"column":2},"end":{"line":120,"column":34}},"67":{"start":{"line":121,"column":2},"end":{"line":121,"column":135}},"68":{"start":{"line":124,"column":2},"end":{"line":124,"column":23}},"69":{"start":{"line":125,"column":2},"end":{"line":125,"column":54}},"70":{"start":{"line":125,"column":36},"end":{"line":125,"column":54}},"71":{"start":{"line":126,"column":2},"end":{"line":126,"column":30}},"72":{"start":{"line":126,"column":18},"end":{"line":126,"column":30}},"73":{"start":{"line":127,"column":2},"end":{"line":127,"column":22}},"74":{"start":{"line":135,"column":0},"end":{"line":135,"column":57}},"75":{"start":{"line":136,"column":0},"end":{"line":161,"column":3}},"76":{"start":{"line":137,"column":2},"end":{"line":137,"column":54}},"77":{"start":{"line":138,"column":2},"end":{"line":138,"column":37}},"78":{"start":{"line":138,"column":25},"end":{"line":138,"column":37}},"79":{"start":{"line":141,"column":2},"end":{"line":141,"column":20}},"80":{"start":{"line":142,"column":2},"end":{"line":151,"column":3}},"81":{"start":{"line":144,"column":4},"end":{"line":144,"column":76}},"82":{"start":{"line":145,"column":4},"end":{"line":145,"column":61}},"83":{"start":{"line":146,"column":4},"end":{"line":146,"column":30}},"84":{"start":{"line":149,"column":4},"end":{"line":149,"column":68}},"85":{"start":{"line":150,"column":4},"end":{"line":150,"column":51}},"86":{"start":{"line":153,"column":2},"end":{"line":155,"column":3}},"87":{"start":{"line":154,"column":4},"end":{"line":154,"column":16}},"88":{"start":{"line":157,"column":2},"end":{"line":160,"column":4}},"89":{"start":{"line":163,"column":0},"end":{"line":210,"column":1}},"90":{"start":{"line":164,"column":2},"end":{"line":164,"column":50}},"91":{"start":{"line":165,"column":2},"end":{"line":191,"column":3}},"92":{"start":{"line":167,"column":4},"end":{"line":167,"column":55}},"93":{"start":{"line":168,"column":4},"end":{"line":190,"column":5}},"94":{"start":{"line":169,"column":6},"end":{"line":172,"column":8}},"95":{"start":{"line":176,"column":6},"end":{"line":184,"column":7}},"96":{"start":{"line":177,"column":8},"end":{"line":183,"column":11}},"97":{"start":{"line":178,"column":10},"end":{"line":178,"column":57}},"98":{"start":{"line":179,"column":10},"end":{"line":182,"column":11}},"99":{"start":{"line":180,"column":12},"end":{"line":180,"column":64}},"100":{"start":{"line":181,"column":12},"end":{"line":181,"column":46}},"101":{"start":{"line":186,"column":6},"end":{"line":189,"column":8}},"102":{"start":{"line":194,"column":2},"end":{"line":207,"column":3}},"103":{"start":{"line":195,"column":4},"end":{"line":195,"column":71}},"104":{"start":{"line":202,"column":4},"end":{"line":206,"column":5}},"105":{"start":{"line":203,"column":6},"end":{"line":204,"column":48}},"106":{"start":{"line":205,"column":6},"end":{"line":205,"column":30}},"107":{"start":{"line":209,"column":2},"end":{"line":209,"column":18}},"108":{"start":{"line":214,"column":0},"end":{"line":235,"column":1}},"109":{"start":{"line":216,"column":2},"end":{"line":216,"column":68}},"110":{"start":{"line":217,"column":2},"end":{"line":225,"column":3}},"111":{"start":{"line":218,"column":4},"end":{"line":222,"column":7}},"112":{"start":{"line":223,"column":4},"end":{"line":224,"column":56}},"113":{"start":{"line":228,"column":2},"end":{"line":228,"column":52}},"114":{"start":{"line":229,"column":2},"end":{"line":231,"column":3}},"115":{"start":{"line":230,"column":4},"end":{"line":230,"column":72}},"116":{"start":{"line":234,"column":2},"end":{"line":234,"column":16}},"117":{"start":{"line":243,"column":0},"end":{"line":308,"column":1}},"118":{"start":{"line":244,"column":2},"end":{"line":244,"column":15}},"119":{"start":{"line":245,"column":2},"end":{"line":245,"column":24}},"120":{"start":{"line":246,"column":2},"end":{"line":271,"column":3}},"121":{"start":{"line":247,"column":4},"end":{"line":247,"column":28}},"122":{"start":{"line":249,"column":4},"end":{"line":249,"column":47}},"123":{"start":{"line":250,"column":4},"end":{"line":253,"column":5}},"124":{"start":{"line":251,"column":6},"end":{"line":251,"column":42}},"125":{"start":{"line":252,"column":6},"end":{"line":252,"column":27}},"126":{"start":{"line":255,"column":4},"end":{"line":262,"column":5}},"127":{"start":{"line":256,"column":6},"end":{"line":256,"column":31}},"128":{"start":{"line":261,"column":6},"end":{"line":261,"column":36}},"129":{"start":{"line":263,"column":4},"end":{"line":263,"column":42}},"130":{"start":{"line":264,"column":4},"end":{"line":270,"column":5}},"131":{"start":{"line":265,"column":6},"end":{"line":265,"column":39}},"132":{"start":{"line":266,"column":6},"end":{"line":266,"column":48}},"133":{"start":{"line":267,"column":6},"end":{"line":269,"column":7}},"134":{"start":{"line":268,"column":8},"end":{"line":268,"column":43}},"135":{"start":{"line":273,"column":2},"end":{"line":273,"column":16}},"136":{"start":{"line":274,"column":2},"end":{"line":274,"column":44}},"137":{"start":{"line":275,"column":2},"end":{"line":275,"column":23}},"138":{"start":{"line":276,"column":2},"end":{"line":276,"column":43}},"139":{"start":{"line":277,"column":2},"end":{"line":277,"column":59}},"140":{"start":{"line":278,"column":2},"end":{"line":303,"column":3}},"141":{"start":{"line":279,"column":4},"end":{"line":279,"column":38}},"142":{"start":{"line":281,"column":4},"end":{"line":283,"column":5}},"143":{"start":{"line":282,"column":6},"end":{"line":282,"column":24}},"144":{"start":{"line":284,"column":4},"end":{"line":284,"column":42}},"145":{"start":{"line":285,"column":4},"end":{"line":295,"column":5}},"146":{"start":{"line":286,"column":6},"end":{"line":288,"column":7}},"147":{"start":{"line":287,"column":8},"end":{"line":287,"column":31}},"148":{"start":{"line":289,"column":6},"end":{"line":289,"column":27}},"149":{"start":{"line":290,"column":6},"end":{"line":292,"column":7}},"150":{"start":{"line":291,"column":8},"end":{"line":291,"column":43}},"151":{"start":{"line":294,"column":6},"end":{"line":294,"column":61}},"152":{"start":{"line":296,"column":9},"end":{"line":303,"column":3}},"153":{"start":{"line":297,"column":4},"end":{"line":297,"column":53}},"154":{"start":{"line":298,"column":9},"end":{"line":303,"column":3}},"155":{"start":{"line":299,"column":4},"end":{"line":299,"column":25}},"156":{"start":{"line":301,"column":4},"end":{"line":301,"column":25}},"157":{"start":{"line":302,"column":4},"end":{"line":302,"column":22}},"158":{"start":{"line":304,"column":2},"end":{"line":306,"column":3}},"159":{"start":{"line":305,"column":4},"end":{"line":305,"column":38}},"160":{"start":{"line":307,"column":2},"end":{"line":307,"column":14}},"161":{"start":{"line":310,"column":0},"end":{"line":317,"column":1}},"162":{"start":{"line":311,"column":2},"end":{"line":311,"column":18}},"163":{"start":{"line":312,"column":2},"end":{"line":314,"column":5}},"164":{"start":{"line":313,"column":4},"end":{"line":313,"column":107}},"165":{"start":{"line":313,"column":59},"end":{"line":313,"column":90}},"166":{"start":{"line":315,"column":2},"end":{"line":315,"column":37}},"167":{"start":{"line":316,"column":2},"end":{"line":316,"column":16}},"168":{"start":{"line":319,"column":0},"end":{"line":362,"column":1}},"169":{"start":{"line":320,"column":2},"end":{"line":322,"column":3}},"170":{"start":{"line":321,"column":4},"end":{"line":321,"column":17}},"171":{"start":{"line":327,"column":2},"end":{"line":327,"column":71}},"172":{"start":{"line":328,"column":2},"end":{"line":349,"column":3}},"173":{"start":{"line":329,"column":4},"end":{"line":329,"column":37}},"174":{"start":{"line":330,"column":4},"end":{"line":330,"column":45}},"175":{"start":{"line":334,"column":4},"end":{"line":336,"column":5}},"176":{"start":{"line":335,"column":6},"end":{"line":335,"column":19}},"177":{"start":{"line":338,"column":4},"end":{"line":342,"column":7}},"178":{"start":{"line":343,"column":4},"end":{"line":343,"column":33}},"179":{"start":{"line":344,"column":4},"end":{"line":344,"column":63}},"180":{"start":{"line":344,"column":37},"end":{"line":344,"column":60}},"181":{"start":{"line":345,"column":4},"end":{"line":345,"column":63}},"182":{"start":{"line":345,"column":39},"end":{"line":345,"column":60}},"183":{"start":{"line":346,"column":4},"end":{"line":346,"column":71}},"184":{"start":{"line":346,"column":41},"end":{"line":346,"column":68}},"185":{"start":{"line":347,"column":4},"end":{"line":347,"column":76}},"186":{"start":{"line":347,"column":50},"end":{"line":347,"column":73}},"187":{"start":{"line":348,"column":4},"end":{"line":348,"column":17}},"188":{"start":{"line":352,"column":2},"end":{"line":352,"column":55}},"189":{"start":{"line":353,"column":2},"end":{"line":358,"column":3}},"190":{"start":{"line":354,"column":4},"end":{"line":354,"column":35}},"191":{"start":{"line":355,"column":4},"end":{"line":355,"column":33}},"192":{"start":{"line":356,"column":4},"end":{"line":356,"column":56}},"193":{"start":{"line":356,"column":39},"end":{"line":356,"column":53}},"194":{"start":{"line":357,"column":4},"end":{"line":357,"column":17}},"195":{"start":{"line":361,"column":2},"end":{"line":361,"column":15}},"196":{"start":{"line":366,"column":0},"end":{"line":375,"column":1}},"197":{"start":{"line":367,"column":2},"end":{"line":370,"column":3}},"198":{"start":{"line":368,"column":4},"end":{"line":368,"column":27}},"199":{"start":{"line":369,"column":4},"end":{"line":369,"column":24}},"200":{"start":{"line":372,"column":2},"end":{"line":374,"column":14}},"201":{"start":{"line":373,"column":4},"end":{"line":373,"column":45}},"202":{"start":{"line":378,"column":0},"end":{"line":403,"column":1}},"203":{"start":{"line":379,"column":2},"end":{"line":379,"column":70}},"204":{"start":{"line":380,"column":2},"end":{"line":401,"column":3}},"205":{"start":{"line":381,"column":4},"end":{"line":381,"column":26}},"206":{"start":{"line":382,"column":4},"end":{"line":382,"column":25}},"207":{"start":{"line":383,"column":4},"end":{"line":383,"column":27}},"208":{"start":{"line":386,"column":4},"end":{"line":386,"column":45}},"209":{"start":{"line":389,"column":4},"end":{"line":391,"column":5}},"210":{"start":{"line":390,"column":6},"end":{"line":390,"column":49}},"211":{"start":{"line":394,"column":4},"end":{"line":400,"column":5}},"212":{"start":{"line":395,"column":6},"end":{"line":395,"column":60}},"213":{"start":{"line":396,"column":6},"end":{"line":399,"column":7}},"214":{"start":{"line":397,"column":8},"end":{"line":398,"column":44}},"215":{"start":{"line":402,"column":2},"end":{"line":402,"column":14}},"216":{"start":{"line":405,"column":0},"end":{"line":415,"column":1}},"217":{"start":{"line":406,"column":2},"end":{"line":406,"column":37}},"218":{"start":{"line":408,"column":2},"end":{"line":411,"column":3}},"219":{"start":{"line":409,"column":4},"end":{"line":409,"column":20}},"220":{"start":{"line":410,"column":4},"end":{"line":410,"column":26}},"221":{"start":{"line":413,"column":2},"end":{"line":413,"column":29}},"222":{"start":{"line":414,"column":2},"end":{"line":414,"column":18}},"223":{"start":{"line":417,"column":0},"end":{"line":432,"column":1}},"224":{"start":{"line":418,"column":2},"end":{"line":418,"column":30}},"225":{"start":{"line":420,"column":2},"end":{"line":431,"column":4}},"226":{"start":{"line":421,"column":4},"end":{"line":428,"column":5}},"227":{"start":{"line":422,"column":6},"end":{"line":422,"column":58}},"228":{"start":{"line":423,"column":6},"end":{"line":423,"column":59}},"229":{"start":{"line":425,"column":6},"end":{"line":427,"column":7}},"230":{"start":{"line":426,"column":8},"end":{"line":426,"column":47}},"231":{"start":{"line":430,"column":4},"end":{"line":430,"column":43}},"232":{"start":{"line":434,"column":0},"end":{"line":434,"column":36}},"233":{"start":{"line":435,"column":0},"end":{"line":435,"column":40}},"234":{"start":{"line":436,"column":0},"end":{"line":436,"column":46}},"235":{"start":{"line":437,"column":0},"end":{"line":437,"column":46}},"236":{"start":{"line":439,"column":0},"end":{"line":518,"column":2}},"237":{"start":{"line":440,"column":2},"end":{"line":440,"column":26}},"238":{"start":{"line":442,"column":2},"end":{"line":447,"column":3}},"239":{"start":{"line":443,"column":4},"end":{"line":443,"column":38}},"240":{"start":{"line":444,"column":4},"end":{"line":446,"column":5}},"241":{"start":{"line":445,"column":6},"end":{"line":445,"column":113}},"242":{"start":{"line":451,"column":2},"end":{"line":457,"column":3}},"243":{"start":{"line":452,"column":4},"end":{"line":454,"column":5}},"244":{"start":{"line":453,"column":6},"end":{"line":453,"column":38}},"245":{"start":{"line":456,"column":4},"end":{"line":456,"column":55}},"246":{"start":{"line":461,"column":2},"end":{"line":467,"column":3}},"247":{"start":{"line":462,"column":4},"end":{"line":464,"column":5}},"248":{"start":{"line":463,"column":6},"end":{"line":463,"column":37}},"249":{"start":{"line":466,"column":4},"end":{"line":466,"column":59}},"250":{"start":{"line":470,"column":2},"end":{"line":488,"column":3}},"251":{"start":{"line":471,"column":4},"end":{"line":471,"column":15}},"252":{"start":{"line":472,"column":4},"end":{"line":476,"column":5}},"253":{"start":{"line":473,"column":6},"end":{"line":473,"column":33}},"254":{"start":{"line":477,"column":4},"end":{"line":477,"column":45}},"255":{"start":{"line":479,"column":4},"end":{"line":487,"column":5}},"256":{"start":{"line":480,"column":6},"end":{"line":484,"column":8}},"257":{"start":{"line":481,"column":8},"end":{"line":481,"column":46}},"258":{"start":{"line":482,"column":8},"end":{"line":482,"column":45}},"259":{"start":{"line":483,"column":8},"end":{"line":483,"column":54}},"260":{"start":{"line":486,"column":6},"end":{"line":486,"column":58}},"261":{"start":{"line":491,"column":2},"end":{"line":494,"column":3}},"262":{"start":{"line":492,"column":4},"end":{"line":493,"column":50}},"263":{"start":{"line":497,"column":2},"end":{"line":500,"column":3}},"264":{"start":{"line":498,"column":4},"end":{"line":498,"column":35}},"265":{"start":{"line":499,"column":4},"end":{"line":499,"column":48}},"266":{"start":{"line":502,"column":2},"end":{"line":517,"column":3}},"267":{"start":{"line":503,"column":4},"end":{"line":504,"column":46}},"268":{"start":{"line":513,"column":4},"end":{"line":516,"column":5}},"269":{"start":{"line":514,"column":6},"end":{"line":514,"column":35}},"270":{"start":{"line":515,"column":6},"end":{"line":515,"column":34}}},"branchMap":{"1":{"line":7,"type":"if","locations":[{"start":{"line":7,"column":2},"end":{"line":7,"column":2}},{"start":{"line":7,"column":2},"end":{"line":7,"column":2}}]},"2":{"line":7,"type":"binary-expr","locations":[{"start":{"line":7,"column":6},"end":{"line":7,"column":20}},{"start":{"line":7,"column":24},"end":{"line":7,"column":40}}]},"3":{"line":39,"type":"if","locations":[{"start":{"line":39,"column":2},"end":{"line":39,"column":2}},{"start":{"line":39,"column":2},"end":{"line":39,"column":2}}]},"4":{"line":41,"type":"if","locations":[{"start":{"line":41,"column":2},"end":{"line":41,"column":2}},{"start":{"line":41,"column":2},"end":{"line":41,"column":2}}]},"5":{"line":43,"type":"binary-expr","locations":[{"start":{"line":43,"column":11},"end":{"line":43,"column":40}},{"start":{"line":43,"column":46},"end":{"line":43,"column":82}},{"start":{"line":43,"column":87},"end":{"line":43,"column":177}}]},"6":{"line":43,"type":"binary-expr","locations":[{"start":{"line":43,"column":89},"end":{"line":43,"column":103}},{"start":{"line":43,"column":107},"end":{"line":43,"column":120}},{"start":{"line":43,"column":124},"end":{"line":43,"column":138}},{"start":{"line":43,"column":142},"end":{"line":43,"column":176}}]},"7":{"line":47,"type":"binary-expr","locations":[{"start":{"line":47,"column":11},"end":{"line":47,"column":38}},{"start":{"line":47,"column":44},"end":{"line":47,"column":60}},{"start":{"line":47,"column":66},"end":{"line":47,"column":98}}]},"8":{"line":54,"type":"if","locations":[{"start":{"line":54,"column":6},"end":{"line":54,"column":6}},{"start":{"line":54,"column":6},"end":{"line":54,"column":6}}]},"9":{"line":67,"type":"if","locations":[{"start":{"line":67,"column":2},"end":{"line":67,"column":2}},{"start":{"line":67,"column":2},"end":{"line":67,"column":2}}]},"10":{"line":72,"type":"if","locations":[{"start":{"line":72,"column":2},"end":{"line":72,"column":2}},{"start":{"line":72,"column":2},"end":{"line":72,"column":2}}]},"11":{"line":78,"type":"if","locations":[{"start":{"line":78,"column":4},"end":{"line":78,"column":4}},{"start":{"line":78,"column":4},"end":{"line":78,"column":4}}]},"12":{"line":78,"type":"binary-expr","locations":[{"start":{"line":78,"column":8},"end":{"line":78,"column":28}},{"start":{"line":78,"column":32},"end":{"line":78,"column":50}}]},"13":{"line":81,"type":"if","locations":[{"start":{"line":81,"column":9},"end":{"line":81,"column":9}},{"start":{"line":81,"column":9},"end":{"line":81,"column":9}}]},"14":{"line":92,"type":"if","locations":[{"start":{"line":92,"column":2},"end":{"line":92,"column":2}},{"start":{"line":92,"column":2},"end":{"line":92,"column":2}}]},"15":{"line":95,"type":"cond-expr","locations":[{"start":{"line":95,"column":25},"end":{"line":95,"column":33}},{"start":{"line":95,"column":36},"end":{"line":95,"column":38}}]},"16":{"line":102,"type":"if","locations":[{"start":{"line":102,"column":2},"end":{"line":102,"column":2}},{"start":{"line":102,"column":2},"end":{"line":102,"column":2}}]},"17":{"line":107,"type":"cond-expr","locations":[{"start":{"line":107,"column":41},"end":{"line":107,"column":57}},{"start":{"line":107,"column":60},"end":{"line":107,"column":64}}]},"18":{"line":110,"type":"binary-expr","locations":[{"start":{"line":110,"column":29},"end":{"line":110,"column":63}},{"start":{"line":111,"column":29},"end":{"line":111,"column":65}}]},"19":{"line":112,"type":"if","locations":[{"start":{"line":112,"column":7},"end":{"line":112,"column":7}},{"start":{"line":112,"column":7},"end":{"line":112,"column":7}}]},"20":{"line":126,"type":"if","locations":[{"start":{"line":126,"column":2},"end":{"line":126,"column":2}},{"start":{"line":126,"column":2},"end":{"line":126,"column":2}}]},"21":{"line":138,"type":"if","locations":[{"start":{"line":138,"column":2},"end":{"line":138,"column":2}},{"start":{"line":138,"column":2},"end":{"line":138,"co
[...]
-(e.generatedOffset.generatedLine-1),column:b.generatedColumn-(e.generatedOffset.generatedLine===b.generatedLine?e.generatedOffset.generatedColumn-1:0),bias:c.bias}):{source:null,","line:null,column:null,name:null}};r.prototype.hasContentsOfAllSources=function(){return this._sections.every(function(a){return a.consumer.hasContentsOfAllSources()})};r.prototype.sourceContentFor=function(a,b){for(var c=0;c<this._sections.length;c++){var f=this._sections[c].consumer.sourceContentFor(a,!0);if(f)return f}if(b)return null;throw Error('\"'+a+'\" is not in the SourceMap.');};r.prototype.generatedPositionFor=function(a){for(var c=0;c<this._sections.length;c++){var b=this._sections[c];if(-1!==","b.consumer.sources.indexOf(d.getArg(a,\"source\"))){var e=b.consumer.generatedPositionFor(a);if(e)return{line:e.line+(b.generatedOffset.generatedLine-1),column:e.column+(b.generatedOffset.generatedLine===e.line?b.generatedOffset.generatedColumn-1:0)}}}return{line:null,column:null}};r.prototype._parseMappings=function(a,b){this.__generatedMappings=[];this.__originalMappings=[];for(var c=0;c<this._sections.length;c++)for(var f=this._sections[c],e=f.consumer._generatedMappings,h=0;h<e.length;h++){var n=","e[h],k=f.consumer._sources.at(n.source);null!==f.consumer.sourceRoot&&(k=d.join(f.consumer.sourceRoot,k));this._sources.add(k);var k=this._sources.indexOf(k),l=f.consumer._names.at(n.name);this._names.add(l);l=this._names.indexOf(l);n={source:k,generatedLine:n.generatedLine+(f.generatedOffset.generatedLine-1),generatedColumn:n.generatedColumn+(f.generatedOffset.generatedLine===n.generatedLine?f.generatedOffset.generatedColumn-1:0),originalLine:n.originalLine,originalColumn:n.originalColumn,name:l};","this.__generatedMappings.push(n);\"number\"===typeof n.originalLine&&this.__originalMappings.push(n)}t(this.__generatedMappings,d.compareByGeneratedPositionsDeflated);t(this.__originalMappings,d.compareByOriginalPositions)};l.IndexedSourceMapConsumer=r},{\"./array-set\":8,\"./base64-vlq\":9,\"./binary-search\":11,\"./quick-sort\":13,\"./util\":17}],15:[function(p,v,l){function b(a){a||(a={});this._file=k.getArg(a,\"file\",null);this._sourceRoot=k.getArg(a,\"sourceRoot\",null);this._skipValidation=k.getArg(a,\"skipValidation\",","!1);this._sources=new r;this._names=new r;this._mappings=new d;this._sourcesContents=null}var e=p(\"./base64-vlq\"),k=p(\"./util\"),r=p(\"./array-set\").ArraySet,d=p(\"./mapping-list\").MappingList;b.prototype._version=3;b.fromSourceMap=function(a){var d=a.sourceRoot,e=new b({file:a.file,sourceRoot:d});a.eachMapping(function(a){var c={generated:{line:a.generatedLine,column:a.generatedColumn}};null!=a.source&&(c.source=a.source,null!=d&&(c.source=k.relative(d,c.source)),c.original={line:a.originalLine,column:a.originalColumn},","null!=a.name&&(c.name=a.name));e.addMapping(c)});a.sources.forEach(function(b){var c=a.sourceContentFor(b);null!=c&&e.setSourceContent(b,c)});return e};b.prototype.addMapping=function(a){var b=k.getArg(a,\"generated\"),d=k.getArg(a,\"original\",null),e=k.getArg(a,\"source\",null);a=k.getArg(a,\"name\",null);this._skipValidation||this._validateMapping(b,d,e,a);null!=e&&(e=String(e),this._sources.has(e)||this._sources.add(e));null!=a&&(a=String(a),this._names.has(a)||this._names.add(a));this._mappings.add({generatedLine:b.line,","generatedColumn:b.column,originalLine:null!=d&&d.line,originalColumn:null!=d&&d.column,source:e,name:a})};b.prototype.setSourceContent=function(a,b){var d=a;null!=this._sourceRoot&&(d=k.relative(this._sourceRoot,d));null!=b?(this._sourcesContents||(this._sourcesContents=Object.create(null)),this._sourcesContents[k.toSetString(d)]=b):this._sourcesContents&&(delete this._sourcesContents[k.toSetString(d)],0===Object.keys(this._sourcesContents).length&&(this._sourcesContents=null))};b.prototype.applySourceMap=","function(a,b,d){var e=b;if(null==b){if(null==a.file)throw Error('SourceMapGenerator.prototype.applySourceMap requires either an explicit source file, or the source map\\'s \"file\" property. Both were omitted.');e=a.file}var c=this._sourceRoot;null!=c&&(e=k.relative(c,e));var f=new r,h=new r;this._mappings.unsortedForEach(function(b){if(b.source===e&&null!=b.originalLine){var n=a.originalPositionFor({line:b.originalLine,column:b.originalColumn});null!=n.source&&(b.source=n.source,null!=d&&(b.source=","k.join(d,b.source)),null!=c&&(b.source=k.relative(c,b.source)),b.originalLine=n.line,b.originalColumn=n.column,null!=n.name&&(b.name=n.name))}n=b.source;null==n||f.has(n)||f.add(n);b=b.name;null==b||h.has(b)||h.add(b)},this);this._sources=f;this._names=h;a.sources.forEach(function(b){var f=a.sourceContentFor(b);null!=f&&(null!=d&&(b=k.join(d,b)),null!=c&&(b=k.relative(c,b)),this.setSourceContent(b,f))},this)};b.prototype._validateMapping=function(a,b,d,e){if(!(a&&\"line\"in a&&\"column\"in a&&0<a.line&&","0<=a.column&&!b&&!d&&!e||a&&\"line\"in a&&\"column\"in a&&b&&\"line\"in b&&\"column\"in b&&0<a.line&&0<=a.column&&0<b.line&&0<=b.column&&d))throw Error(\"Invalid mapping: \"+JSON.stringify({generated:a,source:d,original:b,name:e}));};b.prototype._serializeMappings=function(){for(var a=0,b=1,d=0,l=0,c=0,f=0,r=\"\",u,p,I,A=this._mappings.toArray(),v=0,C=A.length;v<C;v++){p=A[v];u=\"\";if(p.generatedLine!==b)for(a=0;p.generatedLine!==b;)u+=\";\",b++;else if(0<v){if(!k.compareByGeneratedPositionsInflated(p,A[v-1]))continue;","u+=\",\"}u+=e.encode(p.generatedColumn-a);a=p.generatedColumn;null!=p.source&&(I=this._sources.indexOf(p.source),u+=e.encode(I-f),f=I,u+=e.encode(p.originalLine-1-l),l=p.originalLine-1,u+=e.encode(p.originalColumn-d),d=p.originalColumn,null!=p.name&&(p=this._names.indexOf(p.name),u+=e.encode(p-c),c=p));r+=u}return r};b.prototype._generateSourcesContent=function(a,b){return a.map(function(a){if(!this._sourcesContents)return null;null!=b&&(a=k.relative(b,a));a=k.toSetString(a);return Object.prototype.hasOwnProperty.call(this._sourcesContents,","a)?this._sourcesContents[a]:null},this)};b.prototype.toJSON=function(){var a={version:this._version,sources:this._sources.toArray(),names:this._names.toArray(),mappings:this._serializeMappings()};null!=this._file&&(a.file=this._file);null!=this._sourceRoot&&(a.sourceRoot=this._sourceRoot);this._sourcesContents&&(a.sourcesContent=this._generateSourcesContent(a.sources,a.sourceRoot));return a};b.prototype.toString=function(){return JSON.stringify(this.toJSON())};l.SourceMapGenerator=b},{\"./array-set\":8,","\"./base64-vlq\":9,\"./mapping-list\":12,\"./util\":17}],16:[function(p,v,l){function b(b,a,e,n,k){this.children=[];this.sourceContents={};this.line=null==b?null:b;this.column=null==a?null:a;this.source=null==e?null:e;this.name=null==k?null:k;this.$$$isSourceNode$$$=!0;null!=n&&this.add(n)}var e=p(\"./source-map-generator\").SourceMapGenerator,k=p(\"./util\"),r=/(\\r?\\n)/;b.fromStringWithSourceMap=function(d,a,e){function h(a,c){if(null===a||void 0===a.source)l.add(c);else{var f=e?k.join(e,a.source):a.source;","l.add(new b(a.originalLine,a.originalColumn,f,c,a.name))}}var l=new b,c=d.split(r),f=function(){var a=c.shift(),b=c.shift()||\"\";return a+b},p=1,u=0,v=null;a.eachMapping(function(a){if(null!==v)if(p<a.generatedLine)h(v,f()),p++,u=0;else{var b=c[0],d=b.substr(0,a.generatedColumn-u);c[0]=b.substr(a.generatedColumn-u);u=a.generatedColumn;h(v,d);v=a;return}for(;p<a.generatedLine;)l.add(f()),p++;u<a.generatedColumn&&(b=c[0],l.add(b.substr(0,a.generatedColumn)),c[0]=b.substr(a.generatedColumn),u=a.generatedColumn);","v=a},this);0<c.length&&(v&&h(v,f()),l.add(c.join(\"\")));a.sources.forEach(function(c){var b=a.sourceContentFor(c);null!=b&&(null!=e&&(c=k.join(e,c)),l.setSourceContent(c,b))});return l};b.prototype.add=function(b){if(Array.isArray(b))b.forEach(function(a){this.add(a)},this);else if(b.$$$isSourceNode$$$||\"string\"===typeof b)b&&this.children.push(b);else throw new TypeError(\"Expected a SourceNode, string, or an array of SourceNodes and strings. Got \"+b);return this};b.prototype.prepend=function(b){if(Array.isArray(b))for(var a=","b.length-1;0<=a;a--)this.prepend(b[a]);else if(b.$$$isSourceNode$$$||\"string\"===typeof b)this.children.unshift(b);else throw new TypeError(\"Expected a SourceNode, string, or an array of SourceNodes and strings. Got \"+b);return this};b.prototype.walk=function(b){for(var a,d=0,e=this.children.length;d<e;d++)a=this.children[d],a.$$$isSourceNode$$$?a.walk(b):\"\"!==a&&b(a,{source:this.source,line:this.line,column:this.column,name:this.name})};b.prototype.join=function(b){var a,d,e=this.children.length;","if(0<e){a=[];for(d=0;d<e-1;d++)a.push(this.children[d]),a.push(b);a.push(this.children[d]);this.children=a}return this};b.prototype.replaceRight=function(b,a){var d=this.children[this.children.length-1];d.$$$isSourceNode$$$?d.replaceRight(b,a):\"string\"===typeof d?this.children[this.children.length-1]=d.replace(b,a):this.children.push(\"\".replace(b,a));return this};b.prototype.setSourceContent=function(b,a){this.sourceContents[k.toSetString(b)]=a};b.prototype.walkSourceContents=function(b){for(var a=","0,d=this.children.length;a<d;a++)this.children[a].$$$isSourceNode$$$&&this.children[a].walkSourceContents(b);for(var e=Object.keys(this.sourceContents),a=0,d=e.length;a<d;a++)b(k.fromSetString(e[a]),this.sourceContents[e[a]])};b.prototype.toString=function(){var b=\"\";this.walk(function(a){b+=a});return b};b.prototype.toStringWithSourceMap=function(b){var a=\"\",d=1,k=0,l=new e(b),c=!1,f=null,p=null,u=null,r=null;this.walk(function(b,e){a+=b;null!==e.source&&null!==e.line&&null!==e.column?(f===e.source&&","p===e.line&&u===e.column&&r===e.name||l.addMapping({source:e.source,original:{line:e.line,column:e.column},generated:{line:d,column:k},name:e.name}),f=e.source,p=e.line,u=e.column,r=e.name,c=!0):c&&(l.addMapping({generated:{line:d,column:k}}),f=null,c=!1);for(var h=0,n=b.length;h<n;h++)10===b.charCodeAt(h)?(d++,k=0,h+1===n?(f=null,c=!1):c&&l.addMapping({source:e.source,original:{line:e.line,column:e.column},generated:{line:d,column:k},name:e.name})):k++});this.walkSourceContents(function(a,b){l.setSourceContent(a,","b)});return{code:a,map:l}};l.SourceNode=b},{\"./source-map-generator\":15,\"./util\":17}],17:[function(p,v,l){function b(a){return(a=a.match(n))?{scheme:a[1],auth:a[2],host:a[3],port:a[4],path:a[5]}:null}function e(a){var b=\"\";a.scheme&&(b+=a.scheme+\":\");b+=\"//\";a.auth&&(b+=a.auth+\"@\");a.host&&(b+=a.host);a.port&&(b+=\":\"+a.port);a.path&&(b+=a.path);return b}function k(a){var c=a,d=b(a);if(d){if(!d.path)return a;c=d.path}a=l.isAbsolute(c);for(var c=c.split(/\\/+/),h,k=0,n=c.length-1;0<=n;n--)h=c[n],\".\"===","h?c.splice(n,1):\"..\"===h?k++:0<k&&(\"\"===h?(c.splice(n+1,k),k=0):(c.splice(n,2),k--));c=c.join(\"/\");\"\"===c&&(c=a?\"/\":\".\");return d?(d.path=c,e(d)):c}function r(a){return a}function d(a){return h(a)?\"$\"+a:a}function a(a){return h(a)?a.slice(1):a}function h(a){if(!a)return!1;var b=a.length;if(9>b||95!==a.charCodeAt(b-1)||95!==a.charCodeAt(b-2)||111!==a.charCodeAt(b-3)||116!==a.charCodeAt(b-4)||111!==a.charCodeAt(b-5)||114!==a.charCodeAt(b-6)||112!==a.charCodeAt(b-7)||95!==a.charCodeAt(b-8)||95!==a.charCodeAt(b-","9))return!1;for(b-=10;0<=b;b--)if(36!==a.charCodeAt(b))return!1;return!0}l.getArg=function(a,b,d){if(b in a)return a[b];if(3===arguments.length)return d;throw Error('\"'+b+'\" is a required argument.');};var n=/^(?:([\\w+\\-.]+):)?\\/\\/(?:(\\w+:\\w+)@)?([\\w.]*)(?::(\\d+))?(\\S*)$/,t=/^data:.+\\,.+$/;l.urlParse=b;l.urlGenerate=e;l.normalize=k;l.join=function(a,d){\"\"===a&&(a=\".\");\"\"===d&&(d=\".\");var c=b(d),f=b(a);f&&(a=f.path||\"/\");if(c&&!c.scheme)return f&&(c.scheme=f.scheme),e(c);if(c||d.match(t))return d;","if(f&&!f.host&&!f.path)return f.host=d,e(f);c=\"/\"===d.charAt(0)?d:k(a.replace(/\\/+$/,\"\")+\"/\"+d);return f?(f.path=c,e(f)):c};l.isAbsolute=function(a){return\"/\"===a.charAt(0)||!!a.match(n)};l.relative=function(a,b){\"\"===a&&(a=\".\");a=a.replace(/\\/$/,\"\");for(var c=0;0!==b.indexOf(a+\"/\");){var d=a.lastIndexOf(\"/\");if(0>d)return b;a=a.slice(0,d);if(a.match(/^([^\\/]+:\\/)?\\/*$/))return b;++c}return Array(c+1).join(\"../\")+b.substr(a.length+1)};p=!(\"__proto__\"in Object.create(null));l.toSetString=p?r:d;l.fromSetString=","p?r:a;l.compareByOriginalPositions=function(a,b,d){var c=a.source-b.source;if(0!==c)return c;c=a.originalLine-b.originalLine;if(0!==c)return c;c=a.originalColumn-b.originalColumn;if(0!==c||d)return c;c=a.generatedColumn-b.generatedColumn;if(0!==c)return c;c=a.generatedLine-b.generatedLine;return 0!==c?c:a.name-b.name};l.compareByGeneratedPositionsDeflated=function(a,b,d){var c=a.generatedLine-b.generatedLine;if(0!==c)return c;c=a.generatedColumn-b.generatedColumn;if(0!==c||d)return c;c=a.source-b.source;","if(0!==c)return c;c=a.originalLine-b.originalLine;if(0!==c)return c;c=a.originalColumn-b.originalColumn;return 0!==c?c:a.name-b.name};l.compareByGeneratedPositionsInflated=function(a,b){var c=a.generatedLine-b.generatedLine;if(0!==c)return c;c=a.generatedColumn-b.generatedColumn;if(0!==c)return c;var c=a.source,d=b.source,c=c===d?0:c>d?1:-1;if(0!==c)return c;c=a.originalLine-b.originalLine;if(0!==c)return c;c=a.originalColumn-b.originalColumn;0===c&&(c=a.name,d=b.name,c=c===d?0:c>d?1:-1);return c}},","{}],18:[function(p,v,l){l.SourceMapGenerator=p(\"./lib/source-map-generator\").SourceMapGenerator;l.SourceMapConsumer=p(\"./lib/source-map-consumer\").SourceMapConsumer;l.SourceNode=p(\"./lib/source-node\").SourceNode},{\"./lib/source-map-consumer\":14,\"./lib/source-map-generator\":15,\"./lib/source-node\":16}],19:[function(p,v,l){(function(b,e){function k(){return\"browser\"===K?!0:\"node\"===K?!1:\"undefined\"!==typeof window&&\"function\"===typeof XMLHttpRequest&&!(window.require&&window.module&&window.process&&","\"renderer\"===window.process.type)}function r(a){return function(b){for(var c=0;c<a.length;c++){var d=a[c](b);if(d)return d}return null}}function d(a,b){if(!a)return b;var c=I.dirname(a),d=/^\\w+:\\/\\/[^\\/]*/.exec(c),d=d?d[0]:\"\";return d+I.resolve(c.slice(d.length),b)}function a(a){var b=F[a.source];if(!b){var c=D(a.source);c?(b=F[a.source]={url:c.url,map:new M(c.map)},b.map.sourcesContent&&b.map.sources.forEach(function(a,c){var g=b.map.sourcesContent[c];if(g){var e=d(b.url,a);B[e]=g}})):b=F[a.source]=","{url:null,map:null}}return b&&b.map&&(c=b.map.originalPositionFor(a),null!==c.source)?(c.source=d(b.url,c.source),c):a}function h(b){var c=/^eval at ([^(]+) \\((.+):(\\d+):(\\d+)\\)$/.exec(b);return c?(b=a({source:c[2],line:+c[3],column:c[4]-1}),\"eval at \"+c[1]+\" (\"+b.source+\":\"+b.line+\":\"+(b.column+1)+\")\"):(c=/^eval at ([^(]+) \\((.+)\\)$/.exec(b))?\"eval at \"+c[1]+\" (\"+h(c[2])+\")\":b}function n(){var a,b=\"\";this.isNative()?b=\"native\":(a=this.getScriptNameOrSourceURL(),!a&&this.isEval()&&(b=this.getEvalOrigin(),","b+=\", \"),b=a?b+a:b+\"<anonymous>\",a=this.getLineNumber(),null!=a&&(b+=\":\"+a,(a=this.getColumnNumber())&&(b+=\":\"+a)));a=\"\";var c=this.getFunctionName(),d=!0,e=this.isConstructor();if(this.isToplevel()||e)e?a+=\"new \"+(c||\"<anonymous>\"):c?a+=c:(a+=b,d=!1);else{e=this.getTypeName();\"[object Object]\"===e&&(e=\"null\");var f=this.getMethodName();c?(e&&0!=c.indexOf(e)&&(a+=e+\".\"),a+=c,f&&c.indexOf(\".\"+f)!=c.length-f.length-1&&(a+=\" [as \"+f+\"]\")):a+=e+\".\"+(f||\"<anonymous>\")}d&&(a+=\" (\"+b+\")\");return a}function t(a){var b=","{};Object.getOwnPropertyNames(Object.getPrototypeOf(a)).forEach(function(c){b[c]=/^(?:is|get)/.test(c)?function(){return a[c].call(a)}:a[c]});b.toString=n;return b}function c(b){if(b.isNative())return b;var c=b.getFileName()||b.getScriptNameOrSourceURL();if(c){var d=b.getLineNumber(),e=b.getColumnNumber()-1;1!==d||k()||b.isEval()||(e-=62);var f=a({source:c,line:d,column:e});b=t(b);b.getFileName=function(){return f.source};b.getLineNumber=function(){return f.line};b.getColumnNumber=function(){return f.column+","1};b.getScriptNameOrSourceURL=function(){return f.source};return b}var l=b.isEval()&&b.getEvalOrigin();l&&(l=h(l),b=t(b),b.getEvalOrigin=function(){return l});return b}function f(a,b){x&&(B={},F={});return a+b.map(function(a){return\"\\n    at \"+c(a)}).join(\"\")}function v(a){var b=/\\n    at [^(]+ \\((.*):(\\d+):(\\d+)\\)/.exec(a.stack);if(b){a=b[1];var c=+b[2],b=+b[3],d=B[a];!d&&A&&A.existsSync(a)&&(d=A.readFileSync(a,\"utf8\"));if(d&&(d=d.split(/(?:\\r\\n|\\r|\\n)/)[c-1]))return a+\":\"+c+\"\\n\"+d+\"\\n\"+Array(b).join(\" \")+","\"^\"}return null}function u(){var a=b.emit;b.emit=function(c){if(\"uncaughtException\"===c){var d=arguments[1]&&arguments[1].stack,e=0<this.listeners(c).length;if(d&&!e){d=arguments[1];if(e=v(d))console.error(),console.error(e);console.error(d.stack);b.exit(1);return}}return a.apply(this,arguments)}}var M=p(\"source-map\").SourceMapConsumer,I=p(\"path\"),A;try{A=p(\"fs\"),A.existsSync&&A.readFileSync||(A=null)}catch(J){}var L=!1,C=!1,x=!1,K=\"auto\",B={},F={},H=/^data:application\\/json[^,]+base64,/,z=[],E=[],","q=r(z);z.push(function(a){a=a.trim();if(a in B)return B[a];var b=null;if(A)A.existsSync(a)&&(b=A.readFileSync(a,\"utf8\"));else{var c=new XMLHttpRequest;c.open(\"GET\",a,!1);c.send(null);b=null;4===c.readyState&&200===c.status&&(b=c.responseText)}return B[a]=b});var D=r(E);E.push(function(a){var b;a:{if(k())try{var c=new XMLHttpRequest;c.open(\"GET\",a,!1);c.send(null);var f=c.getResponseHeader(\"SourceMap\")||c.getResponseHeader(\"X-SourceMap\");if(f){b=f;break a}}catch(P){}b=q(a);for(var c=/(?:\\/\\/[@#][ \\t]+sourceMappingURL=([^\\s'\"]+?)[ \\t]*$)|(?:\\/\\*[@#][ \\t]+sourceMappingURL=([^\\*]+?)[ \\t]*(?:\\*\\/)[ \\t]*$)/mg,","h;f=c.exec(b);)h=f;b=h?h[1]:null}if(!b)return null;H.test(b)?(h=b.slice(b.indexOf(\",\")+1),h=(new e(h,\"base64\")).toString(),b=a):(b=d(a,b),h=q(b));return h?{url:b,map:h}:null});l.wrapCallSite=c;l.getErrorSource=v;l.mapSourcePosition=a;l.retrieveSourceMap=D;l.install=function(a){a=a||{};if(a.environment&&(K=a.environment,-1===[\"node\",\"browser\",\"auto\"].indexOf(K)))throw Error(\"environment \"+K+\" was unknown. Available options are {auto, browser, node}\");a.retrieveFile&&(a.overrideRetrieveFile&&(z.length=","0),z.unshift(a.retrieveFile));a.retrieveSourceMap&&(a.overrideRetrieveSourceMap&&(E.length=0),E.unshift(a.retrieveSourceMap));if(a.hookRequire&&!k()){var c;try{c=p(\"module\")}catch(m){}var d=c.prototype._compile;d.__sourceMapSupport||(c.prototype._compile=function(a,b){B[b]=a;F[b]=void 0;return d.call(this,a,b)},c.prototype._compile.__sourceMapSupport=!0)}x||(x=\"emptyCacheBetweenOperations\"in a?a.emptyCacheBetweenOperations:!1);L||(L=!0,Error.prepareStackTrace=f);!C&&(\"handleUncaughtExceptions\"in a?","a.handleUncaughtExceptions:1)&&\"object\"===typeof b&&null!==b&&\"function\"===typeof b.on&&(C=!0,u())}}).call(this,p(\"node_modules/process/browser.js\"),p(\"buffer\").Buffer)},{\"node_modules/process/browser.js\":7,buffer:4,fs:3,module:3,path:6,\"source-map\":18}]},{},[1]);return N});",""],"l":{"11":27,"12":1,"13":1,"14":0,"15":1,"16":0,"17":1,"18":1,"19":1,"20":1,"21":1,"22":1,"23":1,"24":1,"25":1,"26":1,"27":1,"28":1,"29":1,"30":0,"31":1,"32":1,"33":1,"34":1,"35":1,"36":1,"37":1,"38":1,"39":1,"40":1,"41":1,"42":0,"43":1,"44":0,"45":1,"46":1,"47":1,"48":1,"49":1,"50":1,"51":1,"52":1,"53":1,"54":1,"55":1,"56":1,"57":1,"58":1,"59":1,"60":1,"61":1,"62":1,"63":0,"64":1,"65":1,"66":1,"67":1,"68":1,"69":1,"70":1,"71":1,"72":0,"73":1,"74":0,"75":1,"76":1,"77":0,"78":1,"79":1,"80":1,"81":1,"82":0,"83":1,"84":1,"85":1,"86":1,"87":1,"88":0,"89":1,"90":1,"91":1,"92":1,"93":0,"94":1,"95":1,"96":1,"97":1,"98":1,"99":1,"100":1,"101":2,"102":1,"103":1,"104":1,"105":1,"106":1,"107":1,"108":1,"109":0,"110":1}},"/home/travis/build/npmtest/node-npmtest-source-map-support/node_modules/source-map-support/register.js":{"path":"/home/travis/build/npmtest/node-npmtest-source-map-support/node_modules/source-map-support/register.js","s":{"1":1},"b":{},"f":{},"fnMap":{},"statementMap":{"1":{"start":{"line":1,"column":0},"end":{"line":1,"column":24}}},"branchMap":{},"code":["require('./').install();",""],"l":{"1":1}}}