{"/home/travis/build/npmtest/node-npmtest-source-map-support/test.js":{"path":"/home/travis/build/npmtest/node-npmtest-source-map-support/test.js","s":{"1":2,"2":2,"3":2,"4":2,"5":2,"6":2,"7":2,"8":1,"9":2,"10":2,"11":1,"12":1,"13":1,"14":1,"15":2,"16":2,"17":2,"18":2,"19":1,"20":1,"21":2,"22":2,"23":2,"24":1,"25":1,"26":1,"27":1,"28":1,"29":1,"30":1,"31":1,"32":1,"33":1,"34":1,"35":1,"36":1,"37":2,"38":2,"39":1,"40":2,"41":2,"42":1,"43":2,"44":2,"45":1,"46":2,"47":2,"48":1,"49":1,"50":1,"51":1,"52":1},"b":{"1":[2,1,1,1],"2":[1,1,1,1],"3":[1,1],"4":[1,1],"5":[1,1],"6":[1,1],"7":[1,1],"8":[1,1],"9":[1,1,1],"10":[1,1],"11":[1,1],"12":[1,1],"13":[1,1],"14":[1,1],"15":[1,1],"16":[1,1]},"f":{"1":2,"2":2,"3":2,"4":2,"5":2,"6":1,"7":1,"8":2,"9":2,"10":2,"11":2,"12":1},"fnMap":{"1":{"name":"(anonymous_1)","line":12,"loc":{"start":{"line":12,"column":1},"end":{"line":12,"column":13}}},"2":{"name":"(anonymous_2)","line":19,"loc":{"start":{"line":19,"column":5},"end":{"line":19,"column":17}}},"3":{"name":"(anonymous_3)","line":23,"loc":{"start":{"line":23,"column":24},"end":{"line":23,"column":36}}},"4":{"name":"(anonymous_4)","line":61,"loc":{"start":{"line":61,"column":5},"end":{"line":61,"column":17}}},"5":{"name":"(anonymous_5)","line":82,"loc":{"start":{"line":82,"column":5},"end":{"line":82,"column":17}}},"6":{"name":"(anonymous_6)","line":102,"loc":{"start":{"line":102,"column":83},"end":{"line":105,"column":10}},"skip":true},"7":{"name":"(anonymous_7)","line":113,"loc":{"start":{"line":113,"column":77},"end":{"line":116,"column":10}},"skip":true},"8":{"name":"(anonymous_8)","line":129,"loc":{"start":{"line":129,"column":12},"end":{"line":129,"column":40}},"skip":true},"9":{"name":"(anonymous_9)","line":137,"loc":{"start":{"line":137,"column":77},"end":{"line":140,"column":10}},"skip":true},"10":{"name":"(anonymous_10)","line":148,"loc":{"start":{"line":148,"column":83},"end":{"line":151,"column":10}},"skip":true},"11":{"name":"(anonymous_11)","line":159,"loc":{"start":{"line":159,"column":79},"end":{"line":162,"column":10}},"skip":true},"12":{"name":"(anonymous_12)","line":170,"loc":{"start":{"line":170,"column":75},"end":{"line":173,"column":10}},"skip":true}},"statementMap":{"1":{"start":{"line":12,"column":0},"end":{"line":185,"column":5}},"2":{"start":{"line":14,"column":4},"end":{"line":14,"column":14}},"3":{"start":{"line":19,"column":4},"end":{"line":56,"column":9}},"4":{"start":{"line":21,"column":8},"end":{"line":21,"column":19}},"5":{"start":{"line":23,"column":8},"end":{"line":35,"column":13}},"6":{"start":{"line":24,"column":12},"end":{"line":34,"column":13}},"7":{"start":{"line":25,"column":16},"end":{"line":28,"column":30}},"8":{"start":{"line":30,"column":16},"end":{"line":33,"column":27}},"9":{"start":{"line":37,"column":8},"end":{"line":39,"column":21}},"10":{"start":{"line":40,"column":8},"end":{"line":53,"column":9}},"11":{"start":{"line":43,"column":12},"end":{"line":46,"column":14}},"12":{"start":{"line":47,"column":12},"end":{"line":47,"column":18}},"13":{"start":{"line":50,"column":12},"end":{"line":51,"column":46}},"14":{"start":{"line":52,"column":12},"end":{"line":52,"column":18}},"15":{"start":{"line":55,"column":8},"end":{"line":55,"column":35}},"16":{"start":{"line":61,"column":4},"end":{"line":63,"column":9}},"17":{"start":{"line":62,"column":8},"end":{"line":62,"column":15}},"18":{"start":{"line":64,"column":4},"end":{"line":77,"column":5}},"19":{"start":{"line":70,"column":8},"end":{"line":70,"column":14}},"20":{"start":{"line":76,"column":8},"end":{"line":76,"column":14}},"21":{"start":{"line":82,"column":4},"end":{"line":84,"column":9}},"22":{"start":{"line":83,"column":8},"end":{"line":83,"column":15}},"23":{"start":{"line":85,"column":4},"end":{"line":184,"column":5}},"24":{"start":{"line":92,"column":8},"end":{"line":94,"column":63}},"25":{"start":{"line":95,"column":8},"end":{"line":95,"column":14}},"26":{"start":{"line":102,"column":8},"end":{"line":111,"column":10},"skip":true},"27":{"start":{"line":109,"column":12},"end":{"line":109,"column":55},"skip":true},"28":{"start":{"line":110,"column":12},"end":{"line":110,"column":48},"skip":true},"29":{"start":{"line":113,"column":8},"end":{"line":126,"column":10},"skip":true},"30":{"start":{"line":120,"column":12},"end":{"line":120,"column":76},"skip":true},"31":{"start":{"line":121,"column":12},"end":{"line":121,"column":73},"skip":true},"32":{"start":{"line":122,"column":12},"end":{"line":122,"column":74},"skip":true},"33":{"start":{"line":123,"column":12},"end":{"line":123,"column":79},"skip":true},"34":{"start":{"line":124,"column":12},"end":{"line":124,"column":25},"skip":true},"35":{"start":{"line":125,"column":12},"end":{"line":125,"column":45},"skip":true},"36":{"start":{"line":128,"column":8},"end":{"line":135,"column":14},"skip":true},"37":{"start":{"line":133,"column":16},"end":{"line":133,"column":29},"skip":true},"38":{"start":{"line":134,"column":16},"end":{"line":134,"column":55},"skip":true},"39":{"start":{"line":137,"column":8},"end":{"line":146,"column":10},"skip":true},"40":{"start":{"line":144,"column":12},"end":{"line":144,"column":25},"skip":true},"41":{"start":{"line":145,"column":12},"end":{"line":145,"column":45},"skip":true},"42":{"start":{"line":148,"column":8},"end":{"line":157,"column":10},"skip":true},"43":{"start":{"line":155,"column":12},"end":{"line":155,"column":25},"skip":true},"44":{"start":{"line":156,"column":12},"end":{"line":156,"column":48},"skip":true},"45":{"start":{"line":159,"column":8},"end":{"line":168,"column":10},"skip":true},"46":{"start":{"line":166,"column":12},"end":{"line":166,"column":25},"skip":true},"47":{"start":{"line":167,"column":12},"end":{"line":167,"column":46},"skip":true},"48":{"start":{"line":170,"column":8},"end":{"line":179,"column":10},"skip":true},"49":{"start":{"line":177,"column":12},"end":{"line":177,"column":94},"skip":true},"50":{"start":{"line":178,"column":12},"end":{"line":178,"column":48},"skip":true},"51":{"start":{"line":182,"column":8},"end":{"line":182,"column":35},"skip":true},"52":{"start":{"line":183,"column":8},"end":{"line":183,"column":14},"skip":true}},"branchMap":{"1":{"line":25,"type":"binary-expr","locations":[{"start":{"line":25,"column":23},"end":{"line":25,"column":62}},{"start":{"line":26,"column":20},"end":{"line":26,"column":70}},{"start":{"line":27,"column":20},"end":{"line":27,"column":71}},{"start":{"line":28,"column":20},"end":{"line":28,"column":29}}]},"2":{"line":30,"type":"binary-expr","locations":[{"start":{"line":30,"column":23},"end":{"line":30,"column":37}},{"start":{"line":31,"column":20},"end":{"line":31,"column":61}},{"start":{"line":32,"column":20},"end":{"line":32,"column":70}},{"start":{"line":33,"column":20},"end":{"line":33,"column":26}}]},"3":{"line":37,"type":"cond-expr","locations":[{"start":{"line":38,"column":14},"end":{"line":38,"column":20}},{"start":{"line":39,"column":14},"end":{"line":39,"column":20}}]},"4":{"line":40,"type":"switch","locations":[{"start":{"line":42,"column":8},"end":{"line":47,"column":18}},{"start":{"line":49,"column":8},"end":{"line":52,"column":18}}]},"5":{"line":44,"type":"binary-expr","locations":[{"start":{"line":44,"column":16},"end":{"line":44,"column":44}},{"start":{"line":44,"column":48},"end":{"line":44,"column":66}}]},"6":{"line":50,"type":"binary-expr","locations":[{"start":{"line":50,"column":21},"end":{"line":50,"column":49}},{"start":{"line":50,"column":53},"end":{"line":50,"column":72}}]},"7":{"line":64,"type":"switch","locations":[{"start":{"line":69,"column":4},"end":{"line":70,"column":14}},{"start":{"line":75,"column":4},"end":{"line":76,"column":14}}]},"8":{"line":85,"type":"switch","locations":[{"start":{"line":90,"column":4},"end":{"line":95,"column":14}},{"start":{"line":101,"column":4},"end":{"line":183,"column":14},"skip":true}]},"9":{"line":92,"type":"binary-expr","locations":[{"start":{"line":92,"column":18},"end":{"line":92,"column":32}},{"start":{"line":93,"column":12},"end":{"line":93,"column":53}},{"start":{"line":94,"column":12},"end":{"line":94,"column":61}}]},"10":{"line":102,"type":"binary-expr","locations":[{"start":{"line":102,"column":45},"end":{"line":102,"column":79},"skip":true},{"start":{"line":102,"column":83},"end":{"line":111,"column":9},"skip":true}]},"11":{"line":113,"type":"binary-expr","locations":[{"start":{"line":113,"column":42},"end":{"line":113,"column":73},"skip":true},{"start":{"line":113,"column":77},"end":{"line":126,"column":9},"skip":true}]},"12":{"line":128,"type":"binary-expr","locations":[{"start":{"line":128,"column":48},"end":{"line":128,"column":85},"skip":true},{"start":{"line":129,"column":12},"end":{"line":135,"column":13},"skip":true}]},"13":{"line":137,"type":"binary-expr","locations":[{"start":{"line":137,"column":42},"end":{"line":137,"column":73},"skip":true},{"start":{"line":137,"column":77},"end":{"line":146,"column":9},"skip":true}]},"14":{"line":148,"type":"binary-expr","locations":[{"start":{"line":148,"column":45},"end":{"line":148,"column":79},"skip":true},{"start":{"line":148,"column":83},"end":{"line":157,"column":9},"skip":true}]},"15":{"line":159,"type":"binary-expr","locations":[{"start":{"line":159,"column":43},"end":{"line":159,"column":75},"skip":true},{"start":{"line":159,"column":79},"end":{"line":168,"column":9},"skip":true}]},"16":{"line":170,"type":"binary-expr","locations":[{"start":{"line":170,"column":41},"end":{"line":170,"column":71},"skip":true},{"start":{"line":170,"column":75},"end":{"line":179,"column":9},"skip":true}]}},"code":["/* istanbul instrument in package npmtest_source_map_support */","/*jslint","    bitwise: true,","    browser: true,","    maxerr: 8,","    maxlen: 96,","    node: true,","    nomen: true,","    regexp: true,","    stupid: true","*/","(function () {","    'use strict';","    var local;","","","","    // run shared js-env code - pre-init","    (function () {","        // init local","        local = {};","        // init modeJs","        local.modeJs = (function () {","            try {","                return typeof navigator.userAgent === 'string' &&","                    typeof document.querySelector('body') === 'object' &&","                    typeof XMLHttpRequest.prototype.open === 'function' &&","                    'browser';","            } catch (errorCaughtBrowser) {","                return module.exports &&","                    typeof process.versions.node === 'string' &&","                    typeof require('http').createServer === 'function' &&","                    'node';","            }","        }());","        // init global","        local.global = local.modeJs === 'browser'","            ? window","            : global;","        switch (local.modeJs) {","        // re-init local from window.local","        case 'browser':","            local = local.global.utility2.objectSetDefault(","                local.global.utility2_rollup || local.global.local,","                local.global.utility2","            );","            break;","        // re-init local from example.js","        case 'node':","            local = (local.global.utility2_rollup || require('utility2'))","                .requireExampleJsFromReadme();","            break;","        }","        // export local","        local.global.local = local;","    }());","","","","    // run shared js-env code - function","    (function () {","        return;","    }());","    switch (local.modeJs) {","","","","    // run browser js-env code - function","    case 'browser':","        break;","","","","    // run node js-env code - function","    case 'node':","        break;","    }","","","","    // run shared js-env code - post-init","    (function () {","        return;","    }());","    switch (local.modeJs) {","","","","    // run browser js-env code - post-init","    case 'browser':","        // run tests","        local.nop(local.modeTest &&","            document.querySelector('#testRunButton1') &&","            document.querySelector('#testRunButton1').click());","        break;","","","","    // run node js-env code - post-init","    /* istanbul ignore next */","    case 'node':","        local.testCase_buildApidoc_default = local.testCase_buildApidoc_default || function (","            options,","            onError","        ) {","        /*","         * this function will test buildApidoc's default handling-behavior-behavior","         */","            options = { modulePathList: module.paths };","            local.buildApidoc(options, onError);","        };","","        local.testCase_buildApp_default = local.testCase_buildApp_default || function (","            options,","            onError","        ) {","        /*","         * this function will test buildApp's default handling-behavior-behavior","         */","            local.testCase_buildReadme_default(options, local.onErrorThrow);","            local.testCase_buildLib_default(options, local.onErrorThrow);","            local.testCase_buildTest_default(options, local.onErrorThrow);","            local.testCase_buildCustomOrg_default(options, local.onErrorThrow);","            options = [];","            local.buildApp(options, onError);","        };","","        local.testCase_buildCustomOrg_default = local.testCase_buildCustomOrg_default ||","            function (options, onError) {","            /*","             * this function will test buildCustomOrg's default handling-behavior","             */","                options = {};","                local.buildCustomOrg(options, onError);","            };","","        local.testCase_buildLib_default = local.testCase_buildLib_default || function (","            options,","            onError","        ) {","        /*","         * this function will test buildLib's default handling-behavior","         */","            options = {};","            local.buildLib(options, onError);","        };","","        local.testCase_buildReadme_default = local.testCase_buildReadme_default || function (","            options,","            onError","        ) {","        /*","         * this function will test buildReadme's default handling-behavior-behavior","         */","            options = {};","            local.buildReadme(options, onError);","        };","","        local.testCase_buildTest_default = local.testCase_buildTest_default || function (","            options,","            onError","        ) {","        /*","         * this function will test buildTest's default handling-behavior","         */","            options = {};","            local.buildTest(options, onError);","        };","","        local.testCase_webpage_default = local.testCase_webpage_default || function (","            options,","            onError","        ) {","        /*","         * this function will test webpage's default handling-behavior","         */","            options = { modeCoverageMerge: true, url: local.serverLocalHost + '?modeTest=1' };","            local.browserTest(options, onError);","        };","","        // run test-server","        local.testRunServer(local);","        break;","    }","}());",""],"l":{"12":2,"14":2,"19":2,"21":2,"23":2,"24":2,"25":2,"30":1,"37":2,"40":2,"43":1,"47":1,"50":1,"52":1,"55":2,"61":2,"62":2,"64":2,"70":1,"76":1,"82":2,"83":2,"85":2,"92":1,"95":1,"102":1,"109":1,"110":1,"113":1,"120":1,"121":1,"122":1,"123":1,"124":1,"125":1,"128":1,"133":2,"134":2,"137":1,"144":2,"145":2,"148":1,"155":2,"156":2,"159":1,"166":2,"167":2,"170":1,"177":1,"178":1,"182":1,"183":1}},"/home/travis/build/npmtest/node-npmtest-source-map-support/lib.npmtest_source_map_support.js":{"path":"/home/travis/build/npmtest/node-npmtest-source-map-support/lib.npmtest_source_map_support.js","s":{"1":2,"2":2,"3":2,"4":2,"5":2,"6":2,"7":2,"8":1,"9":2,"10":2,"11":2,"12":2,"13":1,"14":1,"15":1,"16":1},"b":{"1":[2,1,1,1],"2":[1,1,1,1],"3":[1,1],"4":[2,2],"5":[1,1]},"f":{"1":2,"2":2,"3":2},"fnMap":{"1":{"name":"(anonymous_1)","line":12,"loc":{"start":{"line":12,"column":1},"end":{"line":12,"column":13}}},"2":{"name":"(anonymous_2)","line":19,"loc":{"start":{"line":19,"column":5},"end":{"line":19,"column":17}}},"3":{"name":"(anonymous_3)","line":23,"loc":{"start":{"line":23,"column":24},"end":{"line":23,"column":36}}}},"statementMap":{"1":{"start":{"line":12,"column":0},"end":{"line":53,"column":5}},"2":{"start":{"line":14,"column":4},"end":{"line":14,"column":14}},"3":{"start":{"line":19,"column":4},"end":{"line":52,"column":9}},"4":{"start":{"line":21,"column":8},"end":{"line":21,"column":19}},"5":{"start":{"line":23,"column":8},"end":{"line":35,"column":13}},"6":{"start":{"line":24,"column":12},"end":{"line":34,"column":13}},"7":{"start":{"line":25,"column":16},"end":{"line":28,"column":30}},"8":{"start":{"line":30,"column":16},"end":{"line":33,"column":27}},"9":{"start":{"line":37,"column":8},"end":{"line":39,"column":21}},"10":{"start":{"line":41,"column":8},"end":{"line":41,"column":54}},"11":{"start":{"line":43,"column":8},"end":{"line":43,"column":63}},"12":{"start":{"line":45,"column":8},"end":{"line":51,"column":9}},"13":{"start":{"line":46,"column":12},"end":{"line":46,"column":69}},"14":{"start":{"line":48,"column":12},"end":{"line":48,"column":35}},"15":{"start":{"line":49,"column":12},"end":{"line":49,"column":49}},"16":{"start":{"line":50,"column":12},"end":{"line":50,"column":43}}},"branchMap":{"1":{"line":25,"type":"binary-expr","locations":[{"start":{"line":25,"column":23},"end":{"line":25,"column":62}},{"start":{"line":26,"column":20},"end":{"line":26,"column":70}},{"start":{"line":27,"column":20},"end":{"line":27,"column":71}},{"start":{"line":28,"column":20},"end":{"line":28,"column":29}}]},"2":{"line":30,"type":"binary-expr","locations":[{"start":{"line":30,"column":23},"end":{"line":30,"column":37}},{"start":{"line":31,"column":20},"end":{"line":31,"column":61}},{"start":{"line":32,"column":20},"end":{"line":32,"column":70}},{"start":{"line":33,"column":20},"end":{"line":33,"column":26}}]},"3":{"line":37,"type":"cond-expr","locations":[{"start":{"line":38,"column":14},"end":{"line":38,"column":20}},{"start":{"line":39,"column":14},"end":{"line":39,"column":20}}]},"4":{"line":41,"type":"binary-expr","locations":[{"start":{"line":41,"column":16},"end":{"line":41,"column":44}},{"start":{"line":41,"column":48},"end":{"line":41,"column":53}}]},"5":{"line":45,"type":"if","locations":[{"start":{"line":45,"column":8},"end":{"line":45,"column":8}},{"start":{"line":45,"column":8},"end":{"line":45,"column":8}}]}},"code":["/* istanbul instrument in package npmtest_source_map_support */","/*jslint","    bitwise: true,","    browser: true,","    maxerr: 8,","    maxlen: 96,","    node: true,","    nomen: true,","    regexp: true,","    stupid: true","*/","(function () {","    'use strict';","    var local;","","","","    // run shared js-env code - pre-init","    (function () {","        // init local","        local = {};","        // init modeJs","        local.modeJs = (function () {","            try {","                return typeof navigator.userAgent === 'string' &&","                    typeof document.querySelector('body') === 'object' &&","                    typeof XMLHttpRequest.prototype.open === 'function' &&","                    'browser';","            } catch (errorCaughtBrowser) {","                return module.exports &&","                    typeof process.versions.node === 'string' &&","                    typeof require('http').createServer === 'function' &&","                    'node';","            }","        }());","        // init global","        local.global = local.modeJs === 'browser'","            ? window","            : global;","        // init utility2_rollup","        local = local.global.utility2_rollup || local;","        // init lib","        local.local = local.npmtest_source_map_support = local;","        // init exports","        if (local.modeJs === 'browser') {","            local.global.utility2_npmtest_source_map_support = local;","        } else {","            module.exports = local;","            module.exports.__dirname = __dirname;","            module.exports.module = module;","        }","    }());","}());",""],"l":{"12":2,"14":2,"19":2,"21":2,"23":2,"24":2,"25":2,"30":1,"37":2,"41":2,"43":2,"45":2,"46":1,"48":1,"49":1,"50":1}},"/home/travis/build/npmtest/node-npmtest-source-map-support/example.js":{"path":"/home/travis/build/npmtest/node-npmtest-source-map-support/example.js","s":{"1":2,"2":2,"3":2,"4":2,"5":2,"6":2,"7":2,"8":1,"9":2,"10":2,"11":2,"12":2,"13":1,"14":2,"15":2,"16":2,"17":2,"18":2,"19":0,"20":2,"21":1,"22":1,"23":1,"24":1,"25":1,"26":0,"27":0,"28":1,"29":1,"30":2,"31":0,"32":0,"33":0,"34":1,"35":2,"36":2,"37":2,"38":2,"39":2,"40":2,"41":0,"42":2,"43":2,"44":2,"45":1,"46":3,"47":1,"48":1,"49":1,"50":1,"51":1,"52":1,"53":1,"54":1,"55":1,"56":1,"57":0,"58":1,"59":6,"60":6,"61":1,"62":2,"63":0,"64":2,"65":1,"66":1,"67":0,"68":0,"69":0,"70":0,"71":0,"72":0,"73":0,"74":0,"75":0,"76":0,"77":0,"78":0,"79":0,"80":0,"81":0,"82":0,"83":0},"b":{"1":[2,1,1,1],"2":[1,1,1,1],"3":[1,1],"4":[2,2],"5":[1,1],"6":[1,1],"7":[2,0],"8":[2,1,1,1,1,1],"9":[0,2,0],"10":[1,1],"11":[2,1,1],"12":[1,0],"13":[0,2],"14":[2,0,0,0,0,0,0],"15":[0,2],"16":[2,0],"17":[1,1],"18":[0,1],"19":[1,2,0,2],"20":[1,0],"21":[1,1],"22":[0,0],"23":[0,0],"24":[0,0],"25":[0,0],"26":[0,0],"27":[0,0],"28":[0,0]},"f":{"1":2,"2":2,"3":2,"4":2,"5":2,"6":2,"7":2,"8":2,"9":3,"10":1,"11":6,"12":0},"fnMap":{"1":{"name":"(anonymous_1)","line":26,"loc":{"start":{"line":26,"column":1},"end":{"line":26,"column":13}}},"2":{"name":"(anonymous_2)","line":33,"loc":{"start":{"line":33,"column":5},"end":{"line":33,"column":17}}},"3":{"name":"(anonymous_3)","line":37,"loc":{"start":{"line":37,"column":24},"end":{"line":37,"column":36}}},"4":{"name":"(anonymous_4)","line":69,"loc":{"start":{"line":69,"column":31},"end":{"line":69,"column":48}},"skip":true},"5":{"name":"(anonymous_5)","line":78,"loc":{"start":{"line":78,"column":26},"end":{"line":78,"column":45}},"skip":true},"6":{"name":"(anonymous_6)","line":123,"loc":{"start":{"line":123,"column":33},"end":{"line":123,"column":48}},"skip":true},"7":{"name":"(anonymous_7)","line":125,"loc":{"start":{"line":125,"column":27},"end":{"line":125,"column":39}},"skip":true},"8":{"name":"(anonymous_8)","line":133,"loc":{"start":{"line":133,"column":59},"end":{"line":133,"column":74}},"skip":true},"9":{"name":"(anonymous_9)","line":143,"loc":{"start":{"line":143,"column":45},"end":{"line":143,"column":62}},"skip":true},"10":{"name":"(anonymous_10)","line":144,"loc":{"start":{"line":144,"column":73},"end":{"line":144,"column":92}},"skip":true},"11":{"name":"(anonymous_11)","line":272,"loc":{"start":{"line":272,"column":51},"end":{"line":272,"column":77}},"skip":true},"12":{"name":"(anonymous_12)","line":314,"loc":{"start":{"line":314,"column":32},"end":{"line":314,"column":61}},"skip":true}},"statementMap":{"1":{"start":{"line":26,"column":0},"end":{"line":325,"column":5}},"2":{"start":{"line":28,"column":4},"end":{"line":28,"column":14}},"3":{"start":{"line":33,"column":4},"end":{"line":60,"column":9}},"4":{"start":{"line":35,"column":8},"end":{"line":35,"column":19}},"5":{"start":{"line":37,"column":8},"end":{"line":49,"column":13}},"6":{"start":{"line":38,"column":12},"end":{"line":48,"column":13}},"7":{"start":{"line":39,"column":16},"end":{"line":42,"column":30}},"8":{"start":{"line":44,"column":16},"end":{"line":47,"column":27}},"9":{"start":{"line":51,"column":8},"end":{"line":53,"column":21}},"10":{"start":{"line":55,"column":8},"end":{"line":57,"column":45}},"11":{"start":{"line":59,"column":8},"end":{"line":59,"column":35}},"12":{"start":{"line":61,"column":4},"end":{"line":324,"column":5}},"13":{"start":{"line":69,"column":8},"end":{"line":121,"column":10},"skip":true},"14":{"start":{"line":70,"column":12},"end":{"line":88,"column":13},"skip":true},"15":{"start":{"line":76,"column":16},"end":{"line":87,"column":19},"skip":true},"16":{"start":{"line":79,"column":20},"end":{"line":86,"column":21},"skip":true},"17":{"start":{"line":82,"column":24},"end":{"line":82,"column":43},"skip":true},"18":{"start":{"line":83,"column":24},"end":{"line":83,"column":30},"skip":true},"19":{"start":{"line":85,"column":24},"end":{"line":85,"column":49},"skip":true},"20":{"start":{"line":89,"column":12},"end":{"line":107,"column":13},"skip":true},"21":{"start":{"line":92,"column":16},"end":{"line":102,"column":17},"skip":true},"22":{"start":{"line":93,"column":20},"end":{"line":93,"column":86},"skip":true},"23":{"start":{"line":94,"column":20},"end":{"line":95,"column":45},"skip":true},"24":{"start":{"line":96,"column":20},"end":{"line":96,"column":42},"skip":true},"25":{"start":{"line":97,"column":20},"end":{"line":97,"column":48},"skip":true},"26":{"start":{"line":100,"column":20},"end":{"line":100,"column":85},"skip":true},"27":{"start":{"line":101,"column":20},"end":{"line":101,"column":96},"skip":true},"28":{"start":{"line":103,"column":16},"end":{"line":103,"column":22},"skip":true},"29":{"start":{"line":106,"column":16},"end":{"line":106,"column":22},"skip":true},"30":{"start":{"line":108,"column":12},"end":{"line":120,"column":13},"skip":true},"31":{"start":{"line":114,"column":16},"end":{"line":119,"column":17},"skip":true},"32":{"start":{"line":116,"column":20},"end":{"line":116,"column":78},"skip":true},"33":{"start":{"line":118,"column":20},"end":{"line":118,"column":53},"skip":true},"34":{"start":{"line":123,"column":8},"end":{"line":141,"column":11},"skip":true},"35":{"start":{"line":124,"column":12},"end":{"line":124,"column":54},"skip":true},"36":{"start":{"line":125,"column":12},"end":{"line":140,"column":14},"skip":true},"37":{"start":{"line":126,"column":16},"end":{"line":126,"column":28},"skip":true},"38":{"start":{"line":127,"column":16},"end":{"line":127,"column":69},"skip":true},"39":{"start":{"line":128,"column":16},"end":{"line":128,"column":75},"skip":true},"40":{"start":{"line":129,"column":16},"end":{"line":131,"column":17},"skip":true},"41":{"start":{"line":130,"column":20},"end":{"line":130,"column":27},"skip":true},"42":{"start":{"line":133,"column":16},"end":{"line":137,"column":36},"skip":true},"43":{"start":{"line":134,"column":20},"end":{"line":136,"column":55},"skip":true},"44":{"start":{"line":139,"column":16},"end":{"line":139,"column":57},"skip":true},"45":{"start":{"line":143,"column":8},"end":{"line":147,"column":11},"skip":true},"46":{"start":{"line":144,"column":12},"end":{"line":146,"column":15},"skip":true},"47":{"start":{"line":145,"column":16},"end":{"line":145,"column":70},"skip":true},"48":{"start":{"line":149,"column":8},"end":{"line":149,"column":31},"skip":true},"49":{"start":{"line":150,"column":8},"end":{"line":150,"column":14},"skip":true},"50":{"start":{"line":158,"column":8},"end":{"line":158,"column":31},"skip":true},"51":{"start":{"line":160,"column":8},"end":{"line":160,"column":33},"skip":true},"52":{"start":{"line":161,"column":8},"end":{"line":161,"column":37},"skip":true},"53":{"start":{"line":162,"column":8},"end":{"line":162,"column":35},"skip":true},"54":{"start":{"line":164,"column":8},"end":{"line":164,"column":50},"skip":true},"55":{"start":{"line":166,"column":8},"end":{"line":256,"column":2},"skip":true},"56":{"start":{"line":258,"column":8},"end":{"line":286,"column":9},"skip":true},"57":{"start":{"line":259,"column":12},"end":{"line":269,"column":14},"skip":true},"58":{"start":{"line":271,"column":12},"end":{"line":285,"column":19},"skip":true},"59":{"start":{"line":274,"column":20},"end":{"line":274,"column":35},"skip":true},"60":{"start":{"line":275,"column":20},"end":{"line":284,"column":21},"skip":true},"61":{"start":{"line":277,"column":24},"end":{"line":277,"column":64},"skip":true},"62":{"start":{"line":279,"column":24},"end":{"line":279,"column":40},"skip":true},"63":{"start":{"line":281,"column":24},"end":{"line":281,"column":40},"skip":true},"64":{"start":{"line":283,"column":24},"end":{"line":283,"column":39},"skip":true},"65":{"start":{"line":288,"column":8},"end":{"line":290,"column":9},"skip":true},"66":{"start":{"line":289,"column":12},"end":{"line":289,"column":18},"skip":true},"67":{"start":{"line":291,"column":8},"end":{"line":293,"column":54},"skip":true},"68":{"start":{"line":294,"column":8},"end":{"line":301,"column":37},"skip":true},"69":{"start":{"line":302,"column":8},"end":{"line":302,"column":82},"skip":true},"70":{"start":{"line":305,"column":8},"end":{"line":307,"column":9},"skip":true},"71":{"start":{"line":306,"column":12},"end":{"line":306,"column":82},"skip":true},"72":{"start":{"line":309,"column":8},"end":{"line":311,"column":9},"skip":true},"73":{"start":{"line":310,"column":12},"end":{"line":310,"column":18},"skip":true},"74":{"start":{"line":312,"column":8},"end":{"line":312,"column":54},"skip":true},"75":{"start":{"line":313,"column":8},"end":{"line":313,"column":69},"skip":true},"76":{"start":{"line":314,"column":8},"end":{"line":322,"column":36},"skip":true},"77":{"start":{"line":315,"column":12},"end":{"line":315,"column":61},"skip":true},"78":{"start":{"line":316,"column":12},"end":{"line":319,"column":13},"skip":true},"79":{"start":{"line":317,"column":16},"end":{"line":317,"column":75},"skip":true},"80":{"start":{"line":318,"column":16},"end":{"line":318,"column":23},"skip":true},"81":{"start":{"line":320,"column":12},"end":{"line":320,"column":38},"skip":true},"82":{"start":{"line":321,"column":12},"end":{"line":321,"column":27},"skip":true},"83":{"start":{"line":323,"column":8},"end":{"line":323,"column":14},"skip":true}},"branchMap":{"1":{"line":39,"type":"binary-expr","locations":[{"start":{"line":39,"column":23},"end":{"line":39,"column":62}},{"start":{"line":40,"column":20},"end":{"line":40,"column":70}},{"start":{"line":41,"column":20},"end":{"line":41,"column":71}},{"start":{"line":42,"column":20},"end":{"line":42,"column":29}}]},"2":{"line":44,"type":"binary-expr","locations":[{"start":{"line":44,"column":23},"end":{"line":44,"column":37}},{"start":{"line":45,"column":20},"end":{"line":45,"column":61}},{"start":{"line":46,"column":20},"end":{"line":46,"column":70}},{"start":{"line":47,"column":20},"end":{"line":47,"column":26}}]},"3":{"line":51,"type":"cond-expr","locations":[{"start":{"line":52,"column":14},"end":{"line":52,"column":20}},{"start":{"line":53,"column":14},"end":{"line":53,"column":20}}]},"4":{"line":55,"type":"binary-expr","locations":[{"start":{"line":55,"column":16},"end":{"line":55,"column":44}},{"start":{"line":55,"column":49},"end":{"line":57,"column":43}}]},"5":{"line":55,"type":"cond-expr","locations":[{"start":{"line":56,"column":14},"end":{"line":56,"column":62}},{"start":{"line":57,"column":14},"end":{"line":57,"column":43}}]},"6":{"line":61,"type":"switch","locations":[{"start":{"line":68,"column":4},"end":{"line":150,"column":14},"skip":true},{"start":{"line":156,"column":4},"end":{"line":323,"column":14},"skip":true}]},"7":{"line":70,"type":"if","locations":[{"start":{"line":70,"column":12},"end":{"line":70,"column":12},"skip":true},{"start":{"line":70,"column":12},"end":{"line":70,"column":12},"skip":true}]},"8":{"line":70,"type":"binary-expr","locations":[{"start":{"line":70,"column":16},"end":{"line":70,"column":22},"skip":true},{"start":{"line":70,"column":27},"end":{"line":70,"column":32},"skip":true},{"start":{"line":71,"column":20},"end":{"line":71,"column":39},"skip":true},{"start":{"line":72,"column":20},"end":{"line":72,"column":49},"skip":true},{"start":{"line":73,"column":20},"end":{"line":73,"column":58},"skip":true},{"start":{"line":74,"column":20},"end":{"line":74,"column":69},"skip":true}]},"9":{"line":79,"type":"switch","locations":[{"start":{"line":80,"column":20},"end":{"line":80,"column":33},"skip":true},{"start":{"line":81,"column":20},"end":{"line":83,"column":30},"skip":true},{"start":{"line":84,"column":20},"end":{"line":85,"column":49},"skip":true}]},"10":{"line":89,"type":"switch","locations":[{"start":{"line":90,"column":12},"end":{"line":103,"column":22},"skip":true},{"start":{"line":105,"column":12},"end":{"line":106,"column":22},"skip":true}]},"11":{"line":89,"type":"binary-expr","locations":[{"start":{"line":89,"column":20},"end":{"line":89,"column":25},"skip":true},{"start":{"line":89,"column":29},"end":{"line":89,"column":48},"skip":true},{"start":{"line":89,"column":52},"end":{"line":89,"column":74},"skip":true}]},"12":{"line":92,"type":"if","locations":[{"start":{"line":92,"column":16},"end":{"line":92,"column":16},"skip":true},{"start":{"line":92,"column":16},"end":{"line":92,"column":16},"skip":true}]},"13":{"line":108,"type":"if","locations":[{"start":{"line":108,"column":12},"end":{"line":108,"column":12},"skip":true},{"start":{"line":108,"column":12},"end":{"line":108,"column":12},"skip":true}]},"14":{"line":108,"type":"binary-expr","locations":[{"start":{"line":108,"column":16},"end":{"line":108,"column":61},"skip":true},{"start":{"line":108,"column":66},"end":{"line":108,"column":72},"skip":true},{"start":{"line":108,"column":77},"end":{"line":108,"column":82},"skip":true},{"start":{"line":109,"column":20},"end":{"line":109,"column":39},"skip":true},{"start":{"line":110,"column":20},"end":{"line":110,"column":49},"skip":true},{"start":{"line":111,"column":20},"end":{"line":111,"column":58},"skip":true},{"start":{"line":112,"column":20},"end":{"line":112,"column":68},"skip":true}]},"15":{"line":129,"type":"if","locations":[{"start":{"line":129,"column":16},"end":{"line":129,"column":16},"skip":true},{"start":{"line":129,"column":16},"end":{"line":129,"column":16},"skip":true}]},"16":{"line":134,"type":"cond-expr","locations":[{"start":{"line":135,"column":26},"end":{"line":135,"column":29},"skip":true},{"start":{"line":136,"column":26},"end":{"line":136,"column":54},"skip":true}]},"17":{"line":164,"type":"binary-expr","locations":[{"start":{"line":164,"column":27},"end":{"line":164,"column":43},"skip":true},{"start":{"line":164,"column":47},"end":{"line":164,"column":49},"skip":true}]},"18":{"line":258,"type":"if","locations":[{"start":{"line":258,"column":8},"end":{"line":258,"column":8},"skip":true},{"start":{"line":258,"column":8},"end":{"line":258,"column":8},"skip":true}]},"19":{"line":275,"type":"switch","locations":[{"start":{"line":276,"column":20},"end":{"line":277,"column":64},"skip":true},{"start":{"line":278,"column":20},"end":{"line":279,"column":40},"skip":true},{"start":{"line":280,"column":20},"end":{"line":281,"column":40},"skip":true},{"start":{"line":282,"column":20},"end":{"line":283,"column":39},"skip":true}]},"20":{"line":288,"type":"if","locations":[{"start":{"line":288,"column":8},"end":{"line":288,"column":8},"skip":true},{"start":{"line":288,"column":8},"end":{"line":288,"column":8},"skip":true}]},"21":{"line":288,"type":"binary-expr","locations":[{"start":{"line":288,"column":12},"end":{"line":288,"column":40},"skip":true},{"start":{"line":288,"column":44},"end":{"line":288,"column":67},"skip":true}]},"22":{"line":292,"type":"binary-expr","locations":[{"start":{"line":292,"column":12},"end":{"line":292,"column":50},"skip":true},{"start":{"line":293,"column":12},"end":{"line":293,"column":53},"skip":true}]},"23":{"line":295,"type":"binary-expr","locations":[{"start":{"line":295,"column":12},"end":{"line":295,"column":76},"skip":true},{"start":{"line":296,"column":12},"end":{"line":301,"column":36},"skip":true}]},"24":{"line":302,"type":"binary-expr","locations":[{"start":{"line":302,"column":43},"end":{"line":302,"column":75},"skip":true},{"start":{"line":302,"column":79},"end":{"line":302,"column":81},"skip":true}]},"25":{"line":305,"type":"if","locations":[{"start":{"line":305,"column":8},"end":{"line":305,"column":8},"skip":true},{"start":{"line":305,"column":8},"end":{"line":305,"column":8},"skip":true}]},"26":{"line":309,"type":"if","locations":[{"start":{"line":309,"column":8},"end":{"line":309,"column":8},"skip":true},{"start":{"line":309,"column":8},"end":{"line":309,"column":8},"skip":true}]},"27":{"line":312,"type":"binary-expr","locations":[{"start":{"line":312,"column":27},"end":{"line":312,"column":43},"skip":true},{"start":{"line":312,"column":47},"end":{"line":312,"column":53},"skip":true}]},"28":{"line":316,"type":"if","locations":[{"start":{"line":316,"column":12},"end":{"line":316,"column":12},"skip":true},{"start":{"line":316,"column":12},"end":{"line":316,"column":12},"skip":true}]}},"code":["/*","example.js","","quickstart example","","instruction","    1. save this script as example.js","    2. run the shell command:","        $ npm install npmtest-source-map-support && PORT=8081 node example.js","    3. play with the browser-demo on http://127.0.0.1:8081","*/","","","","/* istanbul instrument in package npmtest_source_map_support */","/*jslint","    bitwise: true,","    browser: true,","    maxerr: 8,","    maxlen: 96,","    node: true,","    nomen: true,","    regexp: true,","    stupid: true","*/","(function () {","    'use strict';","    var local;","","","","    // run shared js-env code - pre-init","    (function () {","        // init local","        local = {};","        // init modeJs","        local.modeJs = (function () {","            try {","                return typeof navigator.userAgent === 'string' &&","                    typeof document.querySelector('body') === 'object' &&","                    typeof XMLHttpRequest.prototype.open === 'function' &&","                    'browser';","            } catch (errorCaughtBrowser) {","                return module.exports &&","                    typeof process.versions.node === 'string' &&","                    typeof require('http').createServer === 'function' &&","                    'node';","            }","        }());","        // init global","        local.global = local.modeJs === 'browser'","            ? window","            : global;","        // init utility2_rollup","        local = local.global.utility2_rollup || (local.modeJs === 'browser'","            ? local.global.utility2_npmtest_source_map_support","            : global.utility2_moduleExports);","        // export local","        local.global.local = local;","    }());","    switch (local.modeJs) {","","","","    // post-init","    // run browser js-env code - post-init","    /* istanbul ignore next */","    case 'browser':","        local.testRunBrowser = function (event) {","            if (!event || (event &&","                    event.currentTarget &&","                    event.currentTarget.className &&","                    event.currentTarget.className.includes &&","                    event.currentTarget.className.includes('onreset'))) {","                // reset output","                Array.from(","                    document.querySelectorAll('body > .resettable')","                ).forEach(function (element) {","                    switch (element.tagName) {","                    case 'INPUT':","                    case 'TEXTAREA':","                        element.value = '';","                        break;","                    default:","                        element.textContent = '';","                    }","                });","            }","            switch (event && event.currentTarget && event.currentTarget.id) {","            case 'testRunButton1':","                // show tests","                if (document.querySelector('#testReportDiv1').style.display === 'none') {","                    document.querySelector('#testReportDiv1').style.display = 'block';","                    document.querySelector('#testRunButton1').textContent =","                        'hide internal test';","                    local.modeTest = true;","                    local.testRunDefault(local);","                // hide tests","                } else {","                    document.querySelector('#testReportDiv1').style.display = 'none';","                    document.querySelector('#testRunButton1').textContent = 'run internal test';","                }","                break;","            // custom-case","            default:","                break;","            }","            if (document.querySelector('#inputTextareaEval1') && (!event || (event &&","                    event.currentTarget &&","                    event.currentTarget.className &&","                    event.currentTarget.className.includes &&","                    event.currentTarget.className.includes('oneval')))) {","                // try to eval input-code","                try {","                    /*jslint evil: true*/","                    eval(document.querySelector('#inputTextareaEval1').value);","                } catch (errorCaught) {","                    console.error(errorCaught.stack);","                }","            }","        };","        // log stderr and stdout to #outputTextareaStdout1","        ['error', 'log'].forEach(function (key) {","            console[key + '_original'] = console[key];","            console[key] = function () {","                var element;","                console[key + '_original'].apply(console, arguments);","                element = document.querySelector('#outputTextareaStdout1');","                if (!element) {","                    return;","                }","                // append text to #outputTextareaStdout1","                element.value += Array.from(arguments).map(function (arg) {","                    return typeof arg === 'string'","                        ? arg","                        : JSON.stringify(arg, null, 4);","                }).join(' ') + '\\n';","                // scroll textarea to bottom","                element.scrollTop = element.scrollHeight;","            };","        });","        // init event-handling","        ['change', 'click', 'keyup'].forEach(function (event) {","            Array.from(document.querySelectorAll('.on' + event)).forEach(function (element) {","                element.addEventListener(event, local.testRunBrowser);","            });","        });","        // run tests","        local.testRunBrowser();","        break;","","","","    // run node js-env code - post-init","    /* istanbul ignore next */","    case 'node':","        // export local","        module.exports = local;","        // require modules","        local.fs = require('fs');","        local.http = require('http');","        local.url = require('url');","        // init assets","        local.assetsDict = local.assetsDict || {};","        /* jslint-ignore-begin */","        local.assetsDict['/assets.index.template.html'] = '\\","<!doctype html>\\n\\","<html lang=\"en\">\\n\\","<head>\\n\\","<meta charset=\"UTF-8\">\\n\\","<meta name=\"viewport\" content=\"width=device-width, initial-scale=1\">\\n\\","<title>{{env.npm_package_name}} (v{{env.npm_package_version}})</title>\\n\\","<style>\\n\\","/*csslint\\n\\","    box-sizing: false,\\n\\","    universal-selector: false\\n\\","*/\\n\\","* {\\n\\","    box-sizing: border-box;\\n\\","}\\n\\","body {\\n\\","    background: #dde;\\n\\","    font-family: Arial, Helvetica, sans-serif;\\n\\","    margin: 2rem;\\n\\","}\\n\\","body > * {\\n\\","    margin-bottom: 1rem;\\n\\","}\\n\\",".utility2FooterDiv {\\n\\","    margin-top: 20px;\\n\\","    text-align: center;\\n\\","}\\n\\","</style>\\n\\","<style>\\n\\","/*csslint\\n\\","*/\\n\\","textarea {\\n\\","    font-family: monospace;\\n\\","    height: 10rem;\\n\\","    width: 100%;\\n\\","}\\n\\","textarea[readonly] {\\n\\","    background: #ddd;\\n\\","}\\n\\","</style>\\n\\","</head>\\n\\","<body>\\n\\","<!-- utility2-comment\\n\\","<div id=\"ajaxProgressDiv1\" style=\"background: #d00; height: 2px; left: 0; margin: 0; padding: 0; position: fixed; top: 0; transition: background 0.5s, width 1.5s; width: 25%;\"></div>\\n\\","utility2-comment -->\\n\\","<h1>\\n\\","<!-- utility2-comment\\n\\","    <a\\n\\","        {{#if env.npm_package_homepage}}\\n\\","        href=\"{{env.npm_package_homepage}}\"\\n\\","        {{/if env.npm_package_homepage}}\\n\\","        target=\"_blank\"\\n\\","    >\\n\\","utility2-comment -->\\n\\","        {{env.npm_package_name}} (v{{env.npm_package_version}})\\n\\","<!-- utility2-comment\\n\\","    </a>\\n\\","utility2-comment -->\\n\\","</h1>\\n\\","<h3>{{env.npm_package_description}}</h3>\\n\\","<!-- utility2-comment\\n\\","<h4><a download href=\"assets.app.js\">download standalone app</a></h4>\\n\\","<button class=\"onclick onreset\" id=\"testRunButton1\">run internal test</button><br>\\n\\","<div id=\"testReportDiv1\" style=\"display: none;\"></div>\\n\\","utility2-comment -->\\n\\","\\n\\","\\n\\","\\n\\","<label>stderr and stdout</label>\\n\\","<textarea class=\"resettable\" id=\"outputTextareaStdout1\" readonly></textarea>\\n\\","<!-- utility2-comment\\n\\","{{#if isRollup}}\\n\\","<script src=\"assets.app.js\"></script>\\n\\","{{#unless isRollup}}\\n\\","utility2-comment -->\\n\\","<script src=\"assets.utility2.rollup.js\"></script>\\n\\","<script src=\"jsonp.utility2._stateInit?callback=window.utility2._stateInit\"></script>\\n\\","<script src=\"assets.npmtest_source_map_support.rollup.js\"></script>\\n\\","<script src=\"assets.example.js\"></script>\\n\\","<script src=\"assets.test.js\"></script>\\n\\","<!-- utility2-comment\\n\\","{{/if isRollup}}\\n\\","utility2-comment -->\\n\\","<div class=\"utility2FooterDiv\">\\n\\","    [ this app was created with\\n\\","    <a href=\"https://github.com/kaizhu256/node-utility2\" target=\"_blank\">utility2</a>\\n\\","    ]\\n\\","</div>\\n\\","</body>\\n\\","</html>\\n\\","';","        /* jslint-ignore-end */","        if (local.templateRender) {","            local.assetsDict['/'] = local.templateRender(","                local.assetsDict['/assets.index.template.html'],","                {","                    env: local.objectSetDefault(local.env, {","                        npm_package_description: 'the greatest app in the world!',","                        npm_package_name: 'my-app',","                        npm_package_nameAlias: 'my_app',","                        npm_package_version: '0.0.1'","                    })","                }","            );","        } else {","            local.assetsDict['/'] = local.assetsDict['/assets.index.template.html']","                .replace((/\\{\\{env\\.(\\w+?)\\}\\}/g), function (match0, match1) {","                    // jslint-hack","                    String(match0);","                    switch (match1) {","                    case 'npm_package_description':","                        return 'the greatest app in the world!';","                    case 'npm_package_name':","                        return 'my-app';","                    case 'npm_package_nameAlias':","                        return 'my_app';","                    case 'npm_package_version':","                        return '0.0.1';","                    }","                });","        }","        // run the cli","        if (local.global.utility2_rollup || module !== require.main) {","            break;","        }","        local.assetsDict['/assets.example.js'] =","            local.assetsDict['/assets.example.js'] ||","            local.fs.readFileSync(__filename, 'utf8');","        local.assetsDict['/assets.npmtest_source_map_support.rollup.js'] =","            local.assetsDict['/assets.npmtest_source_map_support.rollup.js'] ||","            local.fs.readFileSync(","                // buildCustomOrg-hack","                local.npmtest_source_map_support.__dirname +","                    '/lib.npmtest_source_map_support.js',","                'utf8'","            ).replace((/^#!/), '//');","        local.assetsDict['/favicon.ico'] = local.assetsDict['/favicon.ico'] || '';","        // if $npm_config_timeout_exit exists,","        // then exit this process after $npm_config_timeout_exit ms","        if (Number(process.env.npm_config_timeout_exit)) {","            setTimeout(process.exit, Number(process.env.npm_config_timeout_exit));","        }","        // start server","        if (local.global.utility2_serverHttp1) {","            break;","        }","        process.env.PORT = process.env.PORT || '8081';","        console.error('server starting on port ' + process.env.PORT);","        local.http.createServer(function (request, response) {","            request.urlParsed = local.url.parse(request.url);","            if (local.assetsDict[request.urlParsed.pathname] !== undefined) {","                response.end(local.assetsDict[request.urlParsed.pathname]);","                return;","            }","            response.statusCode = 404;","            response.end();","        }).listen(process.env.PORT);","        break;","    }","}());",""],"l":{"26":2,"28":2,"33":2,"35":2,"37":2,"38":2,"39":2,"44":1,"51":2,"55":2,"59":2,"61":2,"69":1,"70":2,"76":2,"79":2,"82":2,"83":2,"85":1,"89":2,"92":1,"93":1,"94":1,"96":1,"97":1,"100":1,"101":1,"103":1,"106":1,"108":2,"114":1,"116":1,"118":1,"123":1,"124":2,"125":2,"126":2,"127":2,"128":2,"129":2,"130":1,"133":2,"134":2,"139":2,"143":1,"144":3,"145":1,"149":1,"150":1,"158":1,"160":1,"161":1,"162":1,"164":1,"166":1,"258":1,"259":1,"271":1,"274":6,"275":6,"277":1,"279":2,"281":1,"283":2,"288":1,"289":1,"291":1,"294":1,"302":1,"305":1,"306":1,"309":1,"310":1,"312":1,"313":1,"314":1,"315":1,"316":1,"317":1,"318":1,"320":1,"321":1,"323":1}},"/home/travis/build/npmtest/node-npmtest-source-map-support/source-map-support/source-map-support.js":{"path":"/home/travis/build/npmtest/node-npmtest-source-map-support/source-map-support/source-map-support.js","s":{"1":1,"2":1,"3":1,"4":1,"5":1,"6":1,"7":0,"8":1,"9":1,"10":1,"11":1,"12":1,"13":1,"14":1,"15":1,"16":1,"17":1,"18":0,"19":0,"20":0,"21":0,"22":0,"23":1,"24":0,"25":1,"26":2,"27":0,"28":0,"29":0,"30":0,"31":0,"32":1,"33":1,"34":0,"35":0,"36":0,"37":0,"38":0,"39":0,"40":0,"41":0,"42":0,"43":0,"44":0,"45":0,"46":0,"47":0,"48":1,"49":0,"50":0,"51":0,"52":0,"53":0,"54":0,"55":1,"56":0,"57":0,"58":0,"59":0,"60":0,"61":0,"62":0,"63":0,"64":0,"65":0,"66":0,"67":0,"68":0,"69":0,"70":0,"71":0,"72":0,"73":0,"74":1,"75":1,"76":0,"77":0,"78":0,"79":0,"80":0,"81":0,"82":0,"83":0,"84":0,"85":0,"86":0,"87":0,"88":0,"89":1,"90":0,"91":0,"92":0,"93":0,"94":0,"95":0,"96":0,"97":0,"98":0,"99":0,"100":0,"101":0,"102":0,"103":0,"104":0,"105":0,"106":0,"107":0,"108":1,"109":0,"110":0,"111":0,"112":0,"113":0,"114":0,"115":0,"116":0,"117":1,"118":0,"119":0,"120":0,"121":0,"122":0,"123":0,"124":0,"125":0,"126":0,"127":0,"128":0,"129":0,"130":0,"131":0,"132":0,"133":0,"134":0,"135":0,"136":0,"137":0,"138":0,"139":0,"140":0,"141":0,"142":0,"143":0,"144":0,"145":0,"146":0,"147":0,"148":0,"149":0,"150":0,"151":0,"152":0,"153":0,"154":0,"155":0,"156":0,"157":0,"158":0,"159":0,"160":0,"161":1,"162":0,"163":0,"164":0,"165":0,"166":0,"167":0,"168":1,"169":0,"170":0,"171":0,"172":0,"173":0,"174":0,"175":0,"176":0,"177":0,"178":0,"179":0,"180":0,"181":0,"182":0,"183":0,"184":0,"185":0,"186":0,"187":0,"188":0,"189":0,"190":0,"191":0,"192":0,"193":0,"194":0,"195":0,"196":1,"197":0,"198":0,"199":0,"200":0,"201":0,"202":1,"203":0,"204":0,"205":0,"206":0,"207":0,"208":0,"209":0,"210":0,"211":0,"212":0,"213":0,"214":0,"215":0,"216":1,"217":0,"218":0,"219":0,"220":0,"221":0,"222":0,"223":1,"224":0,"225":0,"226":0,"227":0,"228":0,"229":0,"230":0,"231":0,"232":1,"233":1,"234":1,"235":1,"236":1,"237":0,"238":0,"239":0,"240":0,"241":0,"242":0,"243":0,"244":0,"245":0,"246":0,"247":0,"248":0,"249":0,"250":0,"251":0,"252":0,"253":0,"254":0,"255":0,"256":0,"257":0,"258":0,"259":0,"260":0,"261":0,"262":0,"263":0,"264":0,"265":0,"266":0,"267":0,"268":0,"269":0,"270":0},"b":{"1":[0,1],"2":[1,1],"3":[0,0],"4":[0,0],"5":[0,0,0],"6":[0,0,0,0],"7":[0,0,0],"8":[0,0],"9":[0,0],"10":[0,0],"11":[0,0],"12":[0,0],"13":[0,0],"14":[0,0],"15":[0,0],"16":[0,0],"17":[0,0],"18":[0,0],"19":[0,0],"20":[0,0],"21":[0,0],"22":[0,0],"23":[0,0],"24":[0,0],"25":[0,0],"26":[0,0],"27":[0,0],"28":[0,0],"29":[0,0],"30":[0,0],"31":[0,0],"32":[0,0],"33":[0,0],"34":[0,0],"35":[0,0],"36":[0,0],"37":[0,0],"38":[0,0],"39":[0,0],"40":[0,0],"41":[0,0],"42":[0,0],"43":[0,0],"44":[0,0],"45":[0,0],"46":[0,0],"47":[0,0],"48":[0,0],"49":[0,0],"50":[0,0],"51":[0,0],"52":[0,0],"53":[0,0],"54":[0,0],"55":[0,0],"56":[0,0],"57":[0,0,0],"58":[0,0],"59":[0,0],"60":[0,0],"61":[0,0],"62":[0,0],"63":[0,0,0],"64":[0,0],"65":[0,0],"66":[0,0],"67":[0,0],"68":[0,0],"69":[0,0],"70":[0,0],"71":[0,0],"72":[0,0],"73":[0,0],"74":[0,0],"75":[0,0],"76":[0,0],"77":[0,0],"78":[0,0],"79":[0,0],"80":[0,0],"81":[0,0],"82":[0,0],"83":[0,0],"84":[0,0],"85":[0,0],"86":[0,0],"87":[0,0]},"f":{"1":0,"2":0,"3":2,"4":0,"5":0,"6":0,"7":0,"8":0,"9":0,"10":0,"11":0,"12":0,"13":0,"14":0,"15":0,"16":0,"17":0,"18":0,"19":0,"20":0,"21":0,"22":0,"23":0,"24":0,"25":0,"26":0,"27":0,"28":0,"29":0},"fnMap":{"1":{"name":"isInBrowser","line":38,"loc":{"start":{"line":38,"column":0},"end":{"line":38,"column":23}}},"2":{"name":"hasGlobalProcessEventEmitter","line":46,"loc":{"start":{"line":46,"column":0},"end":{"line":46,"column":40}}},"3":{"name":"handlerExec","line":50,"loc":{"start":{"line":50,"column":0},"end":{"line":50,"column":27}}},"4":{"name":"(anonymous_4)","line":51,"loc":{"start":{"line":51,"column":9},"end":{"line":51,"column":23}}},"5":{"name":"(anonymous_5)","line":64,"loc":{"start":{"line":64,"column":26},"end":{"line":64,"column":41}}},"6":{"name":"supportRelativeURL","line":91,"loc":{"start":{"line":91,"column":0},"end":{"line":91,"column":39}}},"7":{"name":"retrieveSourceMapURL","line":99,"loc":{"start":{"line":99,"column":0},"end":{"line":99,"column":38}}},"8":{"name":"(anonymous_8)","line":136,"loc":{"start":{"line":136,"column":25},"end":{"line":136,"column":42}}},"9":{"name":"mapSourcePosition","line":163,"loc":{"start":{"line":163,"column":0},"end":{"line":163,"column":37}}},"10":{"name":"(anonymous_10)","line":177,"loc":{"start":{"line":177,"column":38},"end":{"line":177,"column":58}}},"11":{"name":"mapEvalOrigin","line":214,"loc":{"start":{"line":214,"column":0},"end":{"line":214,"column":31}}},"12":{"name":"CallSiteToString","line":243,"loc":{"start":{"line":243,"column":0},"end":{"line":243,"column":28}}},"13":{"name":"cloneCallSite","line":310,"loc":{"start":{"line":310,"column":0},"end":{"line":310,"column":30}}},"14":{"name":"(anonymous_14)","line":312,"loc":{"start":{"line":312,"column":67},"end":{"line":312,"column":82}}},"15":{"name":"(anonymous_15)","line":313,"loc":{"start":{"line":313,"column":46},"end":{"line":313,"column":57}}},"16":{"name":"wrapCallSite","line":319,"loc":{"start":{"line":319,"column":0},"end":{"line":319,"column":29}}},"17":{"name":"(anonymous_17)","line":344,"loc":{"start":{"line":344,"column":24},"end":{"line":344,"column":35}}},"18":{"name":"(anonymous_18)","line":345,"loc":{"start":{"line":345,"column":26},"end":{"line":345,"column":37}}},"19":{"name":"(anonymous_19)","line":346,"loc":{"start":{"line":346,"column":28},"end":{"line":346,"column":39}}},"20":{"name":"(anonymous_20)","line":347,"loc":{"start":{"line":347,"column":37},"end":{"line":347,"column":48}}},"21":{"name":"(anonymous_21)","line":356,"loc":{"start":{"line":356,"column":26},"end":{"line":356,"column":37}}},"22":{"name":"prepareStackTrace","line":366,"loc":{"start":{"line":366,"column":0},"end":{"line":366,"column":41}}},"23":{"name":"(anonymous_23)","line":372,"loc":{"start":{"line":372,"column":27},"end":{"line":372,"column":43}}},"24":{"name":"getErrorSource","line":378,"loc":{"start":{"line":378,"column":0},"end":{"line":378,"column":31}}},"25":{"name":"printErrorAndExit","line":405,"loc":{"start":{"line":405,"column":0},"end":{"line":405,"column":35}}},"26":{"name":"shimEmitUncaughtException","line":417,"loc":{"start":{"line":417,"column":0},"end":{"line":417,"column":38}}},"27":{"name":"(anonymous_27)","line":420,"loc":{"start":{"line":420,"column":17},"end":{"line":420,"column":33}}},"28":{"name":"(anonymous_28)","line":439,"loc":{"start":{"line":439,"column":18},"end":{"line":439,"column":36}}},"29":{"name":"(anonymous_29)","line":480,"loc":{"start":{"line":480,"column":34},"end":{"line":480,"column":62}}}},"statementMap":{"1":{"start":{"line":1,"column":0},"end":{"line":1,"column":64}},"2":{"start":{"line":2,"column":0},"end":{"line":2,"column":27}},"3":{"start":{"line":4,"column":0},"end":{"line":4,"column":7}},"4":{"start":{"line":5,"column":0},"end":{"line":13,"column":1}},"5":{"start":{"line":6,"column":2},"end":{"line":6,"column":21}},"6":{"start":{"line":7,"column":2},"end":{"line":10,"column":3}},"7":{"start":{"line":9,"column":4},"end":{"line":9,"column":14}},"8":{"start":{"line":16,"column":0},"end":{"line":16,"column":36}},"9":{"start":{"line":17,"column":0},"end":{"line":17,"column":34}},"10":{"start":{"line":20,"column":0},"end":{"line":20,"column":40}},"11":{"start":{"line":23,"column":0},"end":{"line":23,"column":25}},"12":{"start":{"line":26,"column":0},"end":{"line":26,"column":27}},"13":{"start":{"line":29,"column":0},"end":{"line":29,"column":24}},"14":{"start":{"line":32,"column":0},"end":{"line":32,"column":56}},"15":{"start":{"line":35,"column":0},"end":{"line":35,"column":30}},"16":{"start":{"line":36,"column":0},"end":{"line":36,"column":29}},"17":{"start":{"line":38,"column":0},"end":{"line":44,"column":1}},"18":{"start":{"line":39,"column":2},"end":{"line":40,"column":16}},"19":{"start":{"line":40,"column":4},"end":{"line":40,"column":16}},"20":{"start":{"line":41,"column":2},"end":{"line":42,"column":17}},"21":{"start":{"line":42,"column":4},"end":{"line":42,"column":17}},"22":{"start":{"line":43,"column":2},"end":{"line":43,"column":179}},"23":{"start":{"line":46,"column":0},"end":{"line":48,"column":1}},"24":{"start":{"line":47,"column":2},"end":{"line":47,"column":101}},"25":{"start":{"line":50,"column":0},"end":{"line":60,"column":1}},"26":{"start":{"line":51,"column":2},"end":{"line":59,"column":4}},"27":{"start":{"line":52,"column":4},"end":{"line":57,"column":5}},"28":{"start":{"line":53,"column":6},"end":{"line":53,"column":29}},"29":{"start":{"line":54,"column":6},"end":{"line":56,"column":7}},"30":{"start":{"line":55,"column":8},"end":{"line":55,"column":19}},"31":{"start":{"line":58,"column":4},"end":{"line":58,"column":16}},"32":{"start":{"line":62,"column":0},"end":{"line":62,"column":53}},"33":{"start":{"line":64,"column":0},"end":{"line":87,"column":3}},"34":{"start":{"line":66,"column":2},"end":{"line":66,"column":21}},"35":{"start":{"line":67,"column":2},"end":{"line":69,"column":3}},"36":{"start":{"line":68,"column":4},"end":{"line":68,"column":35}},"37":{"start":{"line":71,"column":2},"end":{"line":71,"column":22}},"38":{"start":{"line":72,"column":2},"end":{"line":84,"column":3}},"39":{"start":{"line":74,"column":4},"end":{"line":74,"column":35}},"40":{"start":{"line":75,"column":4},"end":{"line":75,"column":33}},"41":{"start":{"line":76,"column":4},"end":{"line":76,"column":19}},"42":{"start":{"line":77,"column":4},"end":{"line":77,"column":23}},"43":{"start":{"line":78,"column":4},"end":{"line":80,"column":5}},"44":{"start":{"line":79,"column":6},"end":{"line":79,"column":33}},"45":{"start":{"line":81,"column":9},"end":{"line":84,"column":3}},"46":{"start":{"line":83,"column":4},"end":{"line":83,"column":45}},"47":{"start":{"line":86,"column":2},"end":{"line":86,"column":44}},"48":{"start":{"line":91,"column":0},"end":{"line":97,"column":1}},"49":{"start":{"line":92,"column":2},"end":{"line":92,"column":24}},"50":{"start":{"line":92,"column":13},"end":{"line":92,"column":24}},"51":{"start":{"line":93,"column":2},"end":{"line":93,"column":31}},"52":{"start":{"line":94,"column":2},"end":{"line":94,"column":42}},"53":{"start":{"line":95,"column":2},"end":{"line":95,"column":39}},"54":{"start":{"line":96,"column":2},"end":{"line":96,"column":66}},"55":{"start":{"line":99,"column":0},"end":{"line":128,"column":1}},"56":{"start":{"line":100,"column":2},"end":{"line":100,"column":15}},"57":{"start":{"line":102,"column":2},"end":{"line":117,"column":3}},"58":{"start":{"line":103,"column":5},"end":{"line":116,"column":6}},"59":{"start":{"line":104,"column":7},"end":{"line":104,"column":38}},"60":{"start":{"line":105,"column":7},"end":{"line":105,"column":38}},"61":{"start":{"line":106,"column":7},"end":{"line":106,"column":22}},"62":{"start":{"line":107,"column":7},"end":{"line":107,"column":65}},"63":{"start":{"line":110,"column":7},"end":{"line":111,"column":66}},"64":{"start":{"line":112,"column":7},"end":{"line":114,"column":8}},"65":{"start":{"line":113,"column":9},"end":{"line":113,"column":32}},"66":{"start":{"line":120,"column":2},"end":{"line":120,"column":34}},"67":{"start":{"line":121,"column":2},"end":{"line":121,"column":135}},"68":{"start":{"line":124,"column":2},"end":{"line":124,"column":23}},"69":{"start":{"line":125,"column":2},"end":{"line":125,"column":54}},"70":{"start":{"line":125,"column":36},"end":{"line":125,"column":54}},"71":{"start":{"line":126,"column":2},"end":{"line":126,"column":30}},"72":{"start":{"line":126,"column":18},"end":{"line":126,"column":30}},"73":{"start":{"line":127,"column":2},"end":{"line":127,"column":22}},"74":{"start":{"line":135,"column":0},"end":{"line":135,"column":57}},"75":{"start":{"line":136,"column":0},"end":{"line":161,"column":3}},"76":{"start":{"line":137,"column":2},"end":{"line":137,"column":54}},"77":{"start":{"line":138,"column":2},"end":{"line":138,"column":37}},"78":{"start":{"line":138,"column":25},"end":{"line":138,"column":37}},"79":{"start":{"line":141,"column":2},"end":{"line":141,"column":20}},"80":{"start":{"line":142,"column":2},"end":{"line":151,"column":3}},"81":{"start":{"line":144,"column":4},"end":{"line":144,"column":76}},"82":{"start":{"line":145,"column":4},"end":{"line":145,"column":61}},"83":{"start":{"line":146,"column":4},"end":{"line":146,"column":30}},"84":{"start":{"line":149,"column":4},"end":{"line":149,"column":68}},"85":{"start":{"line":150,"column":4},"end":{"line":150,"column":51}},"86":{"start":{"line":153,"column":2},"end":{"line":155,"column":3}},"87":{"start":{"line":154,"column":4},"end":{"line":154,"column":16}},"88":{"start":{"line":157,"column":2},"end":{"line":160,"column":4}},"89":{"start":{"line":163,"column":0},"end":{"line":210,"column":1}},"90":{"start":{"line":164,"column":2},"end":{"line":164,"column":50}},"91":{"start":{"line":165,"column":2},"end":{"line":191,"column":3}},"92":{"start":{"line":167,"column":4},"end":{"line":167,"column":55}},"93":{"start":{"line":168,"column":4},"end":{"line":190,"column":5}},"94":{"start":{"line":169,"column":6},"end":{"line":172,"column":8}},"95":{"start":{"line":176,"column":6},"end":{"line":184,"column":7}},"96":{"start":{"line":177,"column":8},"end":{"line":183,"column":11}},"97":{"start":{"line":178,"column":10},"end":{"line":178,"column":57}},"98":{"start":{"line":179,"column":10},"end":{"line":182,"column":11}},"99":{"start":{"line":180,"column":12},"end":{"line":180,"column":64}},"100":{"start":{"line":181,"column":12},"end":{"line":181,"column":46}},"101":{"start":{"line":186,"column":6},"end":{"line":189,"column":8}},"102":{"start":{"line":194,"column":2},"end":{"line":207,"column":3}},"103":{"start":{"line":195,"column":4},"end":{"line":195,"column":71}},"104":{"start":{"line":202,"column":4},"end":{"line":206,"column":5}},"105":{"start":{"line":203,"column":6},"end":{"line":204,"column":48}},"106":{"start":{"line":205,"column":6},"end":{"line":205,"column":30}},"107":{"start":{"line":209,"column":2},"end":{"line":209,"column":18}},"108":{"start":{"line":214,"column":0},"end":{"line":235,"column":1}},"109":{"start":{"line":216,"column":2},"end":{"line":216,"column":68}},"110":{"start":{"line":217,"column":2},"end":{"line":225,"column":3}},"111":{"start":{"line":218,"column":4},"end":{"line":222,"column":7}},"112":{"start":{"line":223,"column":4},"end":{"line":224,"column":56}},"113":{"start":{"line":228,"column":2},"end":{"line":228,"column":52}},"114":{"start":{"line":229,"column":2},"end":{"line":231,"column":3}},"115":{"start":{"line":230,"column":4},"end":{"line":230,"column":72}},"116":{"start":{"line":234,"column":2},"end":{"line":234,"column":16}},"117":{"start":{"line":243,"column":0},"end":{"line":308,"column":1}},"118":{"start":{"line":244,"column":2},"end":{"line":244,"column":15}},"119":{"start":{"line":245,"column":2},"end":{"line":245,"column":24}},"120":{"start":{"line":246,"column":2},"end":{"line":271,"column":3}},"121":{"start":{"line":247,"column":4},"end":{"line":247,"column":28}},"122":{"start":{"line":249,"column":4},"end":{"line":249,"column":47}},"123":{"start":{"line":250,"column":4},"end":{"line":253,"column":5}},"124":{"start":{"line":251,"column":6},"end":{"line":251,"column":42}},"125":{"start":{"line":252,"column":6},"end":{"line":252,"column":27}},"126":{"start":{"line":255,"column":4},"end":{"line":262,"column":5}},"127":{"start":{"line":256,"column":6},"end":{"line":256,"column":31}},"128":{"start":{"line":261,"column":6},"end":{"line":261,"column":36}},"129":{"start":{"line":263,"column":4},"end":{"line":263,"column":42}},"130":{"start":{"line":264,"column":4},"end":{"line":270,"column":5}},"131":{"start":{"line":265,"column":6},"end":{"line":265,"column":39}},"132":{"start":{"line":266,"column":6},"end":{"line":266,"column":48}},"133":{"start":{"line":267,"column":6},"end":{"line":269,"column":7}},"134":{"start":{"line":268,"column":8},"end":{"line":268,"column":43}},"135":{"start":{"line":273,"column":2},"end":{"line":273,"column":16}},"136":{"start":{"line":274,"column":2},"end":{"line":274,"column":44}},"137":{"start":{"line":275,"column":2},"end":{"line":275,"column":23}},"138":{"start":{"line":276,"column":2},"end":{"line":276,"column":43}},"139":{"start":{"line":277,"column":2},"end":{"line":277,"column":59}},"140":{"start":{"line":278,"column":2},"end":{"line":303,"column":3}},"141":{"start":{"line":279,"column":4},"end":{"line":279,"column":38}},"142":{"start":{"line":281,"column":4},"end":{"line":283,"column":5}},"143":{"start":{"line":282,"column":6},"end":{"line":282,"column":24}},"144":{"start":{"line":284,"column":4},"end":{"line":284,"column":42}},"145":{"start":{"line":285,"column":4},"end":{"line":295,"column":5}},"146":{"start":{"line":286,"column":6},"end":{"line":288,"column":7}},"147":{"start":{"line":287,"column":8},"end":{"line":287,"column":31}},"148":{"start":{"line":289,"column":6},"end":{"line":289,"column":27}},"149":{"start":{"line":290,"column":6},"end":{"line":292,"column":7}},"150":{"start":{"line":291,"column":8},"end":{"line":291,"column":43}},"151":{"start":{"line":294,"column":6},"end":{"line":294,"column":61}},"152":{"start":{"line":296,"column":9},"end":{"line":303,"column":3}},"153":{"start":{"line":297,"column":4},"end":{"line":297,"column":53}},"154":{"start":{"line":298,"column":9},"end":{"line":303,"column":3}},"155":{"start":{"line":299,"column":4},"end":{"line":299,"column":25}},"156":{"start":{"line":301,"column":4},"end":{"line":301,"column":25}},"157":{"start":{"line":302,"column":4},"end":{"line":302,"column":22}},"158":{"start":{"line":304,"column":2},"end":{"line":306,"column":3}},"159":{"start":{"line":305,"column":4},"end":{"line":305,"column":38}},"160":{"start":{"line":307,"column":2},"end":{"line":307,"column":14}},"161":{"start":{"line":310,"column":0},"end":{"line":317,"column":1}},"162":{"start":{"line":311,"column":2},"end":{"line":311,"column":18}},"163":{"start":{"line":312,"column":2},"end":{"line":314,"column":5}},"164":{"start":{"line":313,"column":4},"end":{"line":313,"column":107}},"165":{"start":{"line":313,"column":59},"end":{"line":313,"column":90}},"166":{"start":{"line":315,"column":2},"end":{"line":315,"column":37}},"167":{"start":{"line":316,"column":2},"end":{"line":316,"column":16}},"168":{"start":{"line":319,"column":0},"end":{"line":362,"column":1}},"169":{"start":{"line":320,"column":2},"end":{"line":322,"column":3}},"170":{"start":{"line":321,"column":4},"end":{"line":321,"column":17}},"171":{"start":{"line":327,"column":2},"end":{"line":327,"column":71}},"172":{"start":{"line":328,"column":2},"end":{"line":349,"column":3}},"173":{"start":{"line":329,"column":4},"end":{"line":329,"column":37}},"174":{"start":{"line":330,"column":4},"end":{"line":330,"column":45}},"175":{"start":{"line":334,"column":4},"end":{"line":336,"column":5}},"176":{"start":{"line":335,"column":6},"end":{"line":335,"column":19}},"177":{"start":{"line":338,"column":4},"end":{"line":342,"column":7}},"178":{"start":{"line":343,"column":4},"end":{"line":343,"column":33}},"179":{"start":{"line":344,"column":4},"end":{"line":344,"column":63}},"180":{"start":{"line":344,"column":37},"end":{"line":344,"column":60}},"181":{"start":{"line":345,"column":4},"end":{"line":345,"column":63}},"182":{"start":{"line":345,"column":39},"end":{"line":345,"column":60}},"183":{"start":{"line":346,"column":4},"end":{"line":346,"column":71}},"184":{"start":{"line":346,"column":41},"end":{"line":346,"column":68}},"185":{"start":{"line":347,"column":4},"end":{"line":347,"column":76}},"186":{"start":{"line":347,"column":50},"end":{"line":347,"column":73}},"187":{"start":{"line":348,"column":4},"end":{"line":348,"column":17}},"188":{"start":{"line":352,"column":2},"end":{"line":352,"column":55}},"189":{"start":{"line":353,"column":2},"end":{"line":358,"column":3}},"190":{"start":{"line":354,"column":4},"end":{"line":354,"column":35}},"191":{"start":{"line":355,"column":4},"end":{"line":355,"column":33}},"192":{"start":{"line":356,"column":4},"end":{"line":356,"column":56}},"193":{"start":{"line":356,"column":39},"end":{"line":356,"column":53}},"194":{"start":{"line":357,"column":4},"end":{"line":357,"column":17}},"195":{"start":{"line":361,"column":2},"end":{"line":361,"column":15}},"196":{"start":{"line":366,"column":0},"end":{"line":375,"column":1}},"197":{"start":{"line":367,"column":2},"end":{"line":370,"column":3}},"198":{"start":{"line":368,"column":4},"end":{"line":368,"column":27}},"199":{"start":{"line":369,"column":4},"end":{"line":369,"column":24}},"200":{"start":{"line":372,"column":2},"end":{"line":374,"column":14}},"201":{"start":{"line":373,"column":4},"end":{"line":373,"column":45}},"202":{"start":{"line":378,"column":0},"end":{"line":403,"column":1}},"203":{"start":{"line":379,"column":2},"end":{"line":379,"column":70}},"204":{"start":{"line":380,"column":2},"end":{"line":401,"column":3}},"205":{"start":{"line":381,"column":4},"end":{"line":381,"column":26}},"206":{"start":{"line":382,"column":4},"end":{"line":382,"column":25}},"207":{"start":{"line":383,"column":4},"end":{"line":383,"column":27}},"208":{"start":{"line":386,"column":4},"end":{"line":386,"column":45}},"209":{"start":{"line":389,"column":4},"end":{"line":391,"column":5}},"210":{"start":{"line":390,"column":6},"end":{"line":390,"column":49}},"211":{"start":{"line":394,"column":4},"end":{"line":400,"column":5}},"212":{"start":{"line":395,"column":6},"end":{"line":395,"column":60}},"213":{"start":{"line":396,"column":6},"end":{"line":399,"column":7}},"214":{"start":{"line":397,"column":8},"end":{"line":398,"column":44}},"215":{"start":{"line":402,"column":2},"end":{"line":402,"column":14}},"216":{"start":{"line":405,"column":0},"end":{"line":415,"column":1}},"217":{"start":{"line":406,"column":2},"end":{"line":406,"column":37}},"218":{"start":{"line":408,"column":2},"end":{"line":411,"column":3}},"219":{"start":{"line":409,"column":4},"end":{"line":409,"column":20}},"220":{"start":{"line":410,"column":4},"end":{"line":410,"column":26}},"221":{"start":{"line":413,"column":2},"end":{"line":413,"column":29}},"222":{"start":{"line":414,"column":2},"end":{"line":414,"column":18}},"223":{"start":{"line":417,"column":0},"end":{"line":432,"column":1}},"224":{"start":{"line":418,"column":2},"end":{"line":418,"column":30}},"225":{"start":{"line":420,"column":2},"end":{"line":431,"column":4}},"226":{"start":{"line":421,"column":4},"end":{"line":428,"column":5}},"227":{"start":{"line":422,"column":6},"end":{"line":422,"column":58}},"228":{"start":{"line":423,"column":6},"end":{"line":423,"column":59}},"229":{"start":{"line":425,"column":6},"end":{"line":427,"column":7}},"230":{"start":{"line":426,"column":8},"end":{"line":426,"column":47}},"231":{"start":{"line":430,"column":4},"end":{"line":430,"column":43}},"232":{"start":{"line":434,"column":0},"end":{"line":434,"column":36}},"233":{"start":{"line":435,"column":0},"end":{"line":435,"column":40}},"234":{"start":{"line":436,"column":0},"end":{"line":436,"column":46}},"235":{"start":{"line":437,"column":0},"end":{"line":437,"column":46}},"236":{"start":{"line":439,"column":0},"end":{"line":518,"column":2}},"237":{"start":{"line":440,"column":2},"end":{"line":440,"column":26}},"238":{"start":{"line":442,"column":2},"end":{"line":447,"column":3}},"239":{"start":{"line":443,"column":4},"end":{"line":443,"column":38}},"240":{"start":{"line":444,"column":4},"end":{"line":446,"column":5}},"241":{"start":{"line":445,"column":6},"end":{"line":445,"column":113}},"242":{"start":{"line":451,"column":2},"end":{"line":457,"column":3}},"243":{"start":{"line":452,"column":4},"end":{"line":454,"column":5}},"244":{"start":{"line":453,"column":6},"end":{"line":453,"column":38}},"245":{"start":{"line":456,"column":4},"end":{"line":456,"column":55}},"246":{"start":{"line":461,"column":2},"end":{"line":467,"column":3}},"247":{"start":{"line":462,"column":4},"end":{"line":464,"column":5}},"248":{"start":{"line":463,"column":6},"end":{"line":463,"column":37}},"249":{"start":{"line":466,"column":4},"end":{"line":466,"column":59}},"250":{"start":{"line":470,"column":2},"end":{"line":488,"column":3}},"251":{"start":{"line":471,"column":4},"end":{"line":471,"column":15}},"252":{"start":{"line":472,"column":4},"end":{"line":476,"column":5}},"253":{"start":{"line":473,"column":6},"end":{"line":473,"column":33}},"254":{"start":{"line":477,"column":4},"end":{"line":477,"column":45}},"255":{"start":{"line":479,"column":4},"end":{"line":487,"column":5}},"256":{"start":{"line":480,"column":6},"end":{"line":484,"column":8}},"257":{"start":{"line":481,"column":8},"end":{"line":481,"column":46}},"258":{"start":{"line":482,"column":8},"end":{"line":482,"column":45}},"259":{"start":{"line":483,"column":8},"end":{"line":483,"column":54}},"260":{"start":{"line":486,"column":6},"end":{"line":486,"column":58}},"261":{"start":{"line":491,"column":2},"end":{"line":494,"column":3}},"262":{"start":{"line":492,"column":4},"end":{"line":493,"column":50}},"263":{"start":{"line":497,"column":2},"end":{"line":500,"column":3}},"264":{"start":{"line":498,"column":4},"end":{"line":498,"column":35}},"265":{"start":{"line":499,"column":4},"end":{"line":499,"column":48}},"266":{"start":{"line":502,"column":2},"end":{"line":517,"column":3}},"267":{"start":{"line":503,"column":4},"end":{"line":504,"column":46}},"268":{"start":{"line":513,"column":4},"end":{"line":516,"column":5}},"269":{"start":{"line":514,"column":6},"end":{"line":514,"column":35}},"270":{"start":{"line":515,"column":6},"end":{"line":515,"column":34}}},"branchMap":{"1":{"line":7,"type":"if","locations":[{"start":{"line":7,"column":2},"end":{"line":7,"column":2}},{"start":{"line":7,"column":2},"end":{"line":7,"column":2}}]},"2":{"line":7,"type":"binary-expr","locations":[{"start":{"line":7,"column":6},"end":{"line":7,"column":20}},{"start":{"line":7,"column":24},"end":{"line":7,"column":40}}]},"3":{"line":39,"type":"if","locations":[{"start":{"line":39,"column":2},"end":{"line":39,"column":2}},{"start":{"line":39,"column":2},"end":{"line":39,"column":2}}]},"4":{"line":41,"type":"if","locations":[{"start":{"line":41,"column":2},"end":{"line":41,"column":2}},{"start":{"line":41,"column":2},"end":{"line":41,"column":2}}]},"5":{"line":43,"type":"binary-expr","locations":[{"start":{"line":43,"column":11},"end":{"line":43,"column":40}},{"start":{"line":43,"column":46},"end":{"line":43,"column":82}},{"start":{"line":43,"column":87},"end":{"line":43,"column":177}}]},"6":{"line":43,"type":"binary-expr","locations":[{"start":{"line":43,"column":89},"end":{"line":43,"column":103}},{"start":{"line":43,"column":107},"end":{"line":43,"column":120}},{"start":{"line":43,"column":124},"end":{"line":43,"column":138}},{"start":{"line":43,"column":142},"end":{"line":43,"column":176}}]},"7":{"line":47,"type":"binary-expr","locations":[{"start":{"line":47,"column":11},"end":{"line":47,"column":38}},{"start":{"line":47,"column":44},"end":{"line":47,"column":60}},{"start":{"line":47,"column":66},"end":{"line":47,"column":98}}]},"8":{"line":54,"type":"if","locations":[{"start":{"line":54,"column":6},"end":{"line":54,"column":6}},{"start":{"line":54,"column":6},"end":{"line":54,"column":6}}]},"9":{"line":67,"type":"if","locations":[{"start":{"line":67,"column":2},"end":{"line":67,"column":2}},{"start":{"line":67,"column":2},"end":{"line":67,"column":2}}]},"10":{"line":72,"type":"if","locations":[{"start":{"line":72,"column":2},"end":{"line":72,"column":2}},{"start":{"line":72,"column":2},"end":{"line":72,"column":2}}]},"11":{"line":78,"type":"if","locations":[{"start":{"line":78,"column":4},"end":{"line":78,"column":4}},{"start":{"line":78,"column":4},"end":{"line":78,"column":4}}]},"12":{"line":78,"type":"binary-expr","locations":[{"start":{"line":78,"column":8},"end":{"line":78,"column":28}},{"start":{"line":78,"column":32},"end":{"line":78,"column":50}}]},"13":{"line":81,"type":"if","locations":[{"start":{"line":81,"column":9},"end":{"line":81,"column":9}},{"start":{"line":81,"column":9},"end":{"line":81,"column":9}}]},"14":{"line":92,"type":"if","locations":[{"start":{"line":92,"column":2},"end":{"line":92,"column":2}},{"start":{"line":92,"column":2},"end":{"line":92,"column":2}}]},"15":{"line":95,"type":"cond-expr","locations":[{"start":{"line":95,"column":25},"end":{"line":95,"column":33}},{"start":{"line":95,"column":36},"end":{"line":95,"column":38}}]},"16":{"line":102,"type":"if","locations":[{"start":{"line":102,"column":2},"end":{"line":102,"column":2}},{"start":{"line":102,"column":2},"end":{"line":102,"column":2}}]},"17":{"line":107,"type":"cond-expr","locations":[{"start":{"line":107,"column":41},"end":{"line":107,"column":57}},{"start":{"line":107,"column":60},"end":{"line":107,"column":64}}]},"18":{"line":110,"type":"binary-expr","locations":[{"start":{"line":110,"column":29},"end":{"line":110,"column":63}},{"start":{"line":111,"column":29},"end":{"line":111,"column":65}}]},"19":{"line":112,"type":"if","locations":[{"start":{"line":112,"column":7},"end":{"line":112,"column":7}},{"start":{"line":112,"column":7},"end":{"line":112,"column":7}}]},"20":{"line":126,"type":"if","locations":[{"start":{"line":126,"column":2},"end":{"line":126,"column":2}},{"start":{"line":126,"column":2},"end":{"line":126,"column":2}}]},"21":{"line":138,"type":"if","locations":[{"start":{"line":138,"column":2},"end":{"line":138,"column":2}},{"start":{"line":138,"column":2},"end":{"line":138,"column":2}}]},"22":{"line":142,"type":"if","locations":[{"start":{"line":142,"column":2},"end":{"line":142,"column":2}},{"start":{"line":142,"column":2},"end":{"line":142,"column":2}}]},"23":{"line":153,"type":"if","locations":[{"start":{"line":153,"column":2},"end":{"line":153,"column":2}},{"start":{"line":153,"column":2},"end":{"line":153,"column":2}}]},"24":{"line":165,"type":"if","locations":[{"start":{"line":165,"column":2},"end":{"line":165,"column":2}},{"start":{"line":165,"column":2},"end":{"line":165,"column":2}}]},"25":{"line":168,"type":"if","locations":[{"start":{"line":168,"column":4},"end":{"line":168,"column":4}},{"start":{"line":168,"column":4},"end":{"line":168,"column":4}}]},"26":{"line":176,"type":"if","locations":[{"start":{"line":176,"column":6},"end":{"line":176,"column":6}},{"start":{"line":176,"column":6},"end":{"line":176,"column":6}}]},"27":{"line":179,"type":"if","locations":[{"start":{"line":179,"column":10},"end":{"line":179,"column":10}},{"start":{"line":179,"column":10},"end":{"line":179,"column":10}}]},"28":{"line":194,"type":"if","locations":[{"start":{"line":194,"column":2},"en
[...]
mn":6},"end":{"line":504,"column":38}},{"start":{"line":504,"column":41},"end":{"line":504,"column":45}}]},"86":{"line":513,"type":"if","locations":[{"start":{"line":513,"column":4},"end":{"line":513,"column":4}},{"start":{"line":513,"column":4},"end":{"line":513,"column":4}}]},"87":{"line":513,"type":"binary-expr","locations":[{"start":{"line":513,"column":8},"end":{"line":513,"column":22}},{"start":{"line":513,"column":26},"end":{"line":513,"column":56}}]}},"code":["var SourceMapConsumer = require('source-map').SourceMapConsumer;","var path = require('path');","","var fs;","try {","  fs = require('fs');","  if (!fs.existsSync || !fs.readFileSync) {","    // fs doesn't have all methods we need","    fs = null;","  }","} catch (err) {","  /* nop */","}","","// Only install once if called multiple times","var errorFormatterInstalled = false;","var uncaughtShimInstalled = false;","","// If true, the caches are reset before a stack trace formatting operation","var emptyCacheBetweenOperations = false;","","// Supports {browser, node, auto}","var environment = \"auto\";","","// Maps a file path to a string containing the file contents","var fileContentsCache = {};","","// Maps a file path to a source map for that file","var sourceMapCache = {};","","// Regex for detecting source maps","var reSourceMap = /^data:application\\/json[^,]+base64,/;","","// Priority list of retrieve handlers","var retrieveFileHandlers = [];","var retrieveMapHandlers = [];","","function isInBrowser() {","  if (environment === \"browser\")","    return true;","  if (environment === \"node\")","    return false;","  return ((typeof window !== 'undefined') && (typeof XMLHttpRequest === 'function') && !(window.require && window.module && window.process && window.process.type === \"renderer\"));","}","","function hasGlobalProcessEventEmitter() {","  return ((typeof process === 'object') && (process !== null) && (typeof process.on === 'function'));","}","","function handlerExec(list) {","  return function(arg) {","    for (var i = 0; i < list.length; i++) {","      var ret = list[i](arg);","      if (ret) {","        return ret;","      }","    }","    return null;","  };","}","","var retrieveFile = handlerExec(retrieveFileHandlers);","","retrieveFileHandlers.push(function(path) {","  // Trim the path to make sure there is no extra whitespace.","  path = path.trim();","  if (path in fileContentsCache) {","    return fileContentsCache[path];","  }","","  var contents = null;","  if (!fs) {","    // Use SJAX if we are in the browser","    var xhr = new XMLHttpRequest();","    xhr.open('GET', path, false);","    xhr.send(null);","    var contents = null","    if (xhr.readyState === 4 && xhr.status === 200) {","      contents = xhr.responseText","    }","  } else if (fs.existsSync(path)) {","    // Otherwise, use the filesystem","    contents = fs.readFileSync(path, 'utf8');","  }","","  return fileContentsCache[path] = contents;","});","","// Support URLs relative to a directory, but be careful about a protocol prefix","// in case we are in the browser (i.e. directories may start with \"http://\")","function supportRelativeURL(file, url) {","  if (!file) return url;","  var dir = path.dirname(file);","  var match = /^\\w+:\\/\\/[^\\/]*/.exec(dir);","  var protocol = match ? match[0] : '';","  return protocol + path.resolve(dir.slice(protocol.length), url);","}","","function retrieveSourceMapURL(source) {","  var fileData;","","  if (isInBrowser()) {","     try {","       var xhr = new XMLHttpRequest();","       xhr.open('GET', source, false);","       xhr.send(null);","       fileData = xhr.readyState === 4 ? xhr.responseText : null;","","       // Support providing a sourceMappingURL via the SourceMap header","       var sourceMapHeader = xhr.getResponseHeader(\"SourceMap\") ||","                             xhr.getResponseHeader(\"X-SourceMap\");","       if (sourceMapHeader) {","         return sourceMapHeader;","       }","     } catch (e) {","     }","  }","","  // Get the URL of the source map","  fileData = retrieveFile(source);","  var re = /(?:\\/\\/[@#][ \\t]+sourceMappingURL=([^\\s'\"]+?)[ \\t]*$)|(?:\\/\\*[@#][ \\t]+sourceMappingURL=([^\\*]+?)[ \\t]*(?:\\*\\/)[ \\t]*$)/mg;","  // Keep executing the search to find the *last* sourceMappingURL to avoid","  // picking up sourceMappingURLs from comments, strings, etc.","  var lastMatch, match;","  while (match = re.exec(fileData)) lastMatch = match;","  if (!lastMatch) return null;","  return lastMatch[1];","};","","// Can be overridden by the retrieveSourceMap option to install. Takes a","// generated source filename; returns a {map, optional url} object, or null if","// there is no source map.  The map field may be either a string or the parsed","// JSON object (ie, it must be a valid argument to the SourceMapConsumer","// constructor).","var retrieveSourceMap = handlerExec(retrieveMapHandlers);","retrieveMapHandlers.push(function(source) {","  var sourceMappingURL = retrieveSourceMapURL(source);","  if (!sourceMappingURL) return null;","","  // Read the contents of the source map","  var sourceMapData;","  if (reSourceMap.test(sourceMappingURL)) {","    // Support source map URL as a data url","    var rawData = sourceMappingURL.slice(sourceMappingURL.indexOf(',') + 1);","    sourceMapData = new Buffer(rawData, \"base64\").toString();","    sourceMappingURL = source;","  } else {","    // Support source map URLs relative to the source URL","    sourceMappingURL = supportRelativeURL(source, sourceMappingURL);","    sourceMapData = retrieveFile(sourceMappingURL);","  }","","  if (!sourceMapData) {","    return null;","  }","","  return {","    url: sourceMappingURL,","    map: sourceMapData","  };","});","","function mapSourcePosition(position) {","  var sourceMap = sourceMapCache[position.source];","  if (!sourceMap) {","    // Call the (overrideable) retrieveSourceMap function to get the source map.","    var urlAndMap = retrieveSourceMap(position.source);","    if (urlAndMap) {","      sourceMap = sourceMapCache[position.source] = {","        url: urlAndMap.url,","        map: new SourceMapConsumer(urlAndMap.map)","      };","","      // Load all sources stored inline with the source map into the file cache","      // to pretend like they are already loaded. They may not exist on disk.","      if (sourceMap.map.sourcesContent) {","        sourceMap.map.sources.forEach(function(source, i) {","          var contents = sourceMap.map.sourcesContent[i];","          if (contents) {","            var url = supportRelativeURL(sourceMap.url, source);","            fileContentsCache[url] = contents;","          }","        });","      }","    } else {","      sourceMap = sourceMapCache[position.source] = {","        url: null,","        map: null","      };","    }","  }","","  // Resolve the source URL relative to the URL of the source map","  if (sourceMap && sourceMap.map) {","    var originalPosition = sourceMap.map.originalPositionFor(position);","","    // Only return the original position if a matching line was found. If no","    // matching line is found then we return position instead, which will cause","    // the stack trace to print the path and line for the compiled file. It is","    // better to give a precise location in the compiled file than a vague","    // location in the original file.","    if (originalPosition.source !== null) {","      originalPosition.source = supportRelativeURL(","        sourceMap.url, originalPosition.source);","      return originalPosition;","    }","  }","","  return position;","}","","// Parses code generated by FormatEvalOrigin(), a function inside V8:","// https://code.google.com/p/v8/source/browse/trunk/src/messages.js","function mapEvalOrigin(origin) {","  // Most eval() calls are in this format","  var match = /^eval at ([^(]+) \\((.+):(\\d+):(\\d+)\\)$/.exec(origin);","  if (match) {","    var position = mapSourcePosition({","      source: match[2],","      line: +match[3],","      column: match[4] - 1","    });","    return 'eval at ' + match[1] + ' (' + position.source + ':' +","      position.line + ':' + (position.column + 1) + ')';","  }","","  // Parse nested eval() calls using recursion","  match = /^eval at ([^(]+) \\((.+)\\)$/.exec(origin);","  if (match) {","    return 'eval at ' + match[1] + ' (' + mapEvalOrigin(match[2]) + ')';","  }","","  // Make sure we still return useful information if we didn't find anything","  return origin;","}","","// This is copied almost verbatim from the V8 source code at","// https://code.google.com/p/v8/source/browse/trunk/src/messages.js. The","// implementation of wrapCallSite() used to just forward to the actual source","// code of CallSite.prototype.toString but unfortunately a new release of V8","// did something to the prototype chain and broke the shim. The only fix I","// could find was copy/paste.","function CallSiteToString() {","  var fileName;","  var fileLocation = \"\";","  if (this.isNative()) {","    fileLocation = \"native\";","  } else {","    fileName = this.getScriptNameOrSourceURL();","    if (!fileName && this.isEval()) {","      fileLocation = this.getEvalOrigin();","      fileLocation += \", \";  // Expecting source position to follow.","    }","","    if (fileName) {","      fileLocation += fileName;","    } else {","      // Source code does not originate from a file and is not native, but we","      // can still get the source position inside the source string, e.g. in","      // an eval string.","      fileLocation += \"<anonymous>\";","    }","    var lineNumber = this.getLineNumber();","    if (lineNumber != null) {","      fileLocation += \":\" + lineNumber;","      var columnNumber = this.getColumnNumber();","      if (columnNumber) {","        fileLocation += \":\" + columnNumber;","      }","    }","  }","","  var line = \"\";","  var functionName = this.getFunctionName();","  var addSuffix = true;","  var isConstructor = this.isConstructor();","  var isMethodCall = !(this.isToplevel() || isConstructor);","  if (isMethodCall) {","    var typeName = this.getTypeName();","    // Fixes shim to be backward compatable with Node v0 to v4","    if (typeName === \"[object Object]\") {","      typeName = \"null\";","    }","    var methodName = this.getMethodName();","    if (functionName) {","      if (typeName && functionName.indexOf(typeName) != 0) {","        line += typeName + \".\";","      }","      line += functionName;","      if (methodName && functionName.indexOf(\".\" + methodName) != functionName.length - methodName.length - 1) {","        line += \" [as \" + methodName + \"]\";","      }","    } else {","      line += typeName + \".\" + (methodName || \"<anonymous>\");","    }","  } else if (isConstructor) {","    line += \"new \" + (functionName || \"<anonymous>\");","  } else if (functionName) {","    line += functionName;","  } else {","    line += fileLocation;","    addSuffix = false;","  }","  if (addSuffix) {","    line += \" (\" + fileLocation + \")\";","  }","  return line;","}","","function cloneCallSite(frame) {","  var object = {};","  Object.getOwnPropertyNames(Object.getPrototypeOf(frame)).forEach(function(name) {","    object[name] = /^(?:is|get)/.test(name) ? function() { return frame[name].call(frame); } : frame[name];","  });","  object.toString = CallSiteToString;","  return object;","}","","function wrapCallSite(frame) {","  if(frame.isNative()) {","    return frame;","  }","","  // Most call sites will return the source file from getFileName(), but code","  // passed to eval() ending in \"//# sourceURL=...\" will return the source file","  // from getScriptNameOrSourceURL() instead","  var source = frame.getFileName() || frame.getScriptNameOrSourceURL();","  if (source) {","    var line = frame.getLineNumber();","    var column = frame.getColumnNumber() - 1;","","    // Fix position in Node where some (internal) code is prepended.","    // See https://github.com/evanw/node-source-map-support/issues/36","    if (line === 1 && !isInBrowser() && !frame.isEval()) {","      column -= 62;","    }","","    var position = mapSourcePosition({","      source: source,","      line: line,","      column: column","    });","    frame = cloneCallSite(frame);","    frame.getFileName = function() { return position.source; };","    frame.getLineNumber = function() { return position.line; };","    frame.getColumnNumber = function() { return position.column + 1; };","    frame.getScriptNameOrSourceURL = function() { return position.source; };","    return frame;","  }","","  // Code called using eval() needs special handling","  var origin = frame.isEval() && frame.getEvalOrigin();","  if (origin) {","    origin = mapEvalOrigin(origin);","    frame = cloneCallSite(frame);","    frame.getEvalOrigin = function() { return origin; };","    return frame;","  }","","  // If we get here then we were unable to change the source position","  return frame;","}","","// This function is part of the V8 stack trace API, for more info see:","// http://code.google.com/p/v8/wiki/JavaScriptStackTraceApi","function prepareStackTrace(error, stack) {","  if (emptyCacheBetweenOperations) {","    fileContentsCache = {};","    sourceMapCache = {};","  }","","  return error + stack.map(function(frame) {","    return '\\n    at ' + wrapCallSite(frame);","  }).join('');","}","","// Generate position and snippet of original source with pointer","function getErrorSource(error) {","  var match = /\\n    at [^(]+ \\((.*):(\\d+):(\\d+)\\)/.exec(error.stack);","  if (match) {","    var source = match[1];","    var line = +match[2];","    var column = +match[3];","","    // Support the inline sourceContents inside the source map","    var contents = fileContentsCache[source];","","    // Support files on disk","    if (!contents && fs && fs.existsSync(source)) {","      contents = fs.readFileSync(source, 'utf8');","    }","","    // Format the line from the original source code like node does","    if (contents) {","      var code = contents.split(/(?:\\r\\n|\\r|\\n)/)[line - 1];","      if (code) {","        return source + ':' + line + '\\n' + code + '\\n' +","          new Array(column).join(' ') + '^';","      }","    }","  }","  return null;","}","","function printErrorAndExit (error) {","  var source = getErrorSource(error);","","  if (source) {","    console.error();","    console.error(source);","  }","","  console.error(error.stack);","  process.exit(1);","}","","function shimEmitUncaughtException () {","  var origEmit = process.emit;","","  process.emit = function (type) {","    if (type === 'uncaughtException') {","      var hasStack = (arguments[1] && arguments[1].stack);","      var hasListeners = (this.listeners(type).length > 0);","","      if (hasStack && !hasListeners) {","        return printErrorAndExit(arguments[1]);","      }","    }","","    return origEmit.apply(this, arguments);","  };","}","","exports.wrapCallSite = wrapCallSite;","exports.getErrorSource = getErrorSource;","exports.mapSourcePosition = mapSourcePosition;","exports.retrieveSourceMap = retrieveSourceMap;","","exports.install = function(options) {","  options = options || {};","","  if (options.environment) {","    environment = options.environment;","    if ([\"node\", \"browser\", \"auto\"].indexOf(environment) === -1) {","      throw new Error(\"environment \" + environment + \" was unknown. Available options are {auto, browser, node}\")","    }","  }","","  // Allow sources to be found by methods other than reading the files","  // directly from disk.","  if (options.retrieveFile) {","    if (options.overrideRetrieveFile) {","      retrieveFileHandlers.length = 0;","    }","","    retrieveFileHandlers.unshift(options.retrieveFile);","  }","","  // Allow source maps to be found by methods other than reading the files","  // directly from disk.","  if (options.retrieveSourceMap) {","    if (options.overrideRetrieveSourceMap) {","      retrieveMapHandlers.length = 0;","    }","","    retrieveMapHandlers.unshift(options.retrieveSourceMap);","  }","","  // Support runtime transpilers that include inline source maps","  if (options.hookRequire && !isInBrowser()) {","    var Module;","    try {","      Module = require('module');","    } catch (err) {","      // NOP: Loading in catch block to convert webpack error to warning.","    }","    var $compile = Module.prototype._compile;","","    if (!$compile.__sourceMapSupport) {","      Module.prototype._compile = function(content, filename) {","        fileContentsCache[filename] = content;","        sourceMapCache[filename] = undefined;","        return $compile.call(this, content, filename);","      };","","      Module.prototype._compile.__sourceMapSupport = true;","    }","  }","","  // Configure options","  if (!emptyCacheBetweenOperations) {","    emptyCacheBetweenOperations = 'emptyCacheBetweenOperations' in options ?","      options.emptyCacheBetweenOperations : false;","  }","","  // Install the error reformatter","  if (!errorFormatterInstalled) {","    errorFormatterInstalled = true;","    Error.prepareStackTrace = prepareStackTrace;","  }","","  if (!uncaughtShimInstalled) {","    var installHandler = 'handleUncaughtExceptions' in options ?","      options.handleUncaughtExceptions : true;","","    // Provide the option to not install the uncaught exception handler. This is","    // to support other uncaught exception handlers (in test frameworks, for","    // example). If this handler is not installed and there are no other uncaught","    // exception handlers, uncaught exceptions will be caught by node's built-in","    // exception handler and the process will still be terminated. However, the","    // generated JavaScript code will be shown above the stack trace instead of","    // the original source code.","    if (installHandler && hasGlobalProcessEventEmitter()) {","      uncaughtShimInstalled = true;","      shimEmitUncaughtException();","    }","  }","};",""],"l":{"1":1,"2":1,"4":1,"5":1,"6":1,"7":1,"9":0,"16":1,"17":1,"20":1,"23":1,"26":1,"29":1,"32":1,"35":1,"36":1,"38":1,"39":0,"40":0,"41":0,"42":0,"43":0,"46":1,"47":0,"50":1,"51":2,"52":0,"53":0,"54":0,"55":0,"58":0,"62":1,"64":1,"66":0,"67":0,"68":0,"71":0,"72":0,"74":0,"75":0,"76":0,"77":0,"78":0,"79":0,"81":0,"83":0,"86":0,"91":1,"92":0,"93":0,"94":0,"95":0,"96":0,"99":1,"100":0,"102":0,"103":0,"104":0,"105":0,"106":0,"107":0,"110":0,"112":0,"113":0,"120":0,"121":0,"124":0,"125":0,"126":0,"127":0,"135":1,"136":1,"137":0,"138":0,"141":0,"142":0,"144":0,"145":0,"146":0,"149":0,"150":0,"153":0,"154":0,"157":0,"163":1,"164":0,"165":0,"167":0,"168":0,"169":0,"176":0,"177":0,"178":0,"179":0,"180":0,"181":0,"186":0,"194":0,"195":0,"202":0,"203":0,"205":0,"209":0,"214":1,"216":0,"217":0,"218":0,"223":0,"228":0,"229":0,"230":0,"234":0,"243":1,"244":0,"245":0,"246":0,"247":0,"249":0,"250":0,"251":0,"252":0,"255":0,"256":0,"261":0,"263":0,"264":0,"265":0,"266":0,"267":0,"268":0,"273":0,"274":0,"275":0,"276":0,"277":0,"278":0,"279":0,"281":0,"282":0,"284":0,"285":0,"286":0,"287":0,"289":0,"290":0,"291":0,"294":0,"296":0,"297":0,"298":0,"299":0,"301":0,"302":0,"304":0,"305":0,"307":0,"310":1,"311":0,"312":0,"313":0,"315":0,"316":0,"319":1,"320":0,"321":0,"327":0,"328":0,"329":0,"330":0,"334":0,"335":0,"338":0,"343":0,"344":0,"345":0,"346":0,"347":0,"348":0,"352":0,"353":0,"354":0,"355":0,"356":0,"357":0,"361":0,"366":1,"367":0,"368":0,"369":0,"372":0,"373":0,"378":1,"379":0,"380":0,"381":0,"382":0,"383":0,"386":0,"389":0,"390":0,"394":0,"395":0,"396":0,"397":0,"402":0,"405":1,"406":0,"408":0,"409":0,"410":0,"413":0,"414":0,"417":1,"418":0,"420":0,"421":0,"422":0,"423":0,"425":0,"426":0,"430":0,"434":1,"435":1,"436":1,"437":1,"439":1,"440":0,"442":0,"443":0,"444":0,"445":0,"451":0,"452":0,"453":0,"456":0,"461":0,"462":0,"463":0,"466":0,"470":0,"471":0,"472":0,"473":0,"477":0,"479":0,"480":0,"481":0,"482":0,"483":0,"486":0,"491":0,"492":0,"497":0,"498":0,"499":0,"502":0,"503":0,"513":0,"514":0,"515":0}}}